[    0.00000] Initializing cgroup subsys cpuset
[    0.000000] Initializing cgrop subsys cpu[    0.000000] Initializing cgrupsusys cpuacct
[    0.000000] inx ersion 4.4.0-146-generic (buildd@lcy01-amd64-02) (gcc version5.4.0 20160609 (Ubuntu 5.4.-6ubunt1~16.04.10) ) #172-Ubuntu SMP Wed Apr 3 09:00:08 UTC 2019 (Ubuntu 4.4.0-146.172geerc 4.4.177)
[    0.000000] Command line: BOOT_IMAGE=/boot/vmlinuz-4.4.0-146-generic root=LABEL=cloudimg-rootfs ro console=tty1 console=ttyS0
[    0.000000] KERNEL supported cpus:
[    0.000000]   Intel GenuineIntel
[    0.000000]   AMD AuthenticAMD
[    0.000000]   Centaur CentaurHauls
[    0.000000] x86/fpu: xstate_offset[2]:  576, xstate_sizes[2]:  256
[    0.000000] x86/fpu: Supporting XAVE feature 0x01: 'x87 floating point registers'
[    .000000] x86/fpu: Supporting XSAVE feature 0x02: 'SSE registers'
[    0.000000] x86/fpu: Supporting XSAVE feature 0x04: 'AVX registers'
[    0.000000] x86/fpu: Enabled xstate features 0x7, context size is 832 bytes, using 'standard' format.
[    0.000000] e820: BIOS-provided physical RAM map:
[    0.000000] BIOS-e820: [mem 0x0000000000000000-0x000000000009fbff] usable
[    0.000000] BIOS-e820: [mem 0x000000000009fc00-0x000000000009ffff] reserved
[    0.000000] BIOS-e820: [mem 0x00000000000f0000-0x00000000000fffff] reseredd
[    0.000000] BIOS-e820: [mem 0x0000000000100000-0x000000003feffff] usble
[    0.000000] BIOS-e820: [mem 0x000000003fff0000-0x000000003fffffff] ACPI data
[    0.000000] BIOS-e820: [mem 0x00000000fec00000-0x00000000fec00fff] reserved
[    0.000000] BIOS-e820: [mem 0x00000000fee00000-0x00000000fee00fff] reserved
[    0.000000] BIOS-e820: [mem 0x00000000fffc0000-0x00000000ffffffff] reserved
[    0.000000] NX (Execute Disable) protection: active
[    0.000000] SMBIOS 2.5 present.
[    0.000000] Hypervisor detected: KVM
[    0.000000] e820: last_pfn = 0x3fff0 max_arch_pfn = 0x400000000
[    0.000000] MTRR: Disabled
[    0.000000] x86/PAT: MTRRs disabled, skipping PAT initialization too.
[    0.000000] CPU MTRRs all blank - virtualized system.
[    0.000000] x86/PAT: Configuration [0-7]: WB  WT  UC- UC  WB  WT  UC- UC  
[    0.000000] found SMP MP-table at [mem 0x0009fff0-0x0009ffff] mapped at [ffff88000009fff0]
[    0.000000] Scanning 1 areas for low memory corruption
[    0.000000] RAMDISK: [mem 0x362fc000-0x37175fff]
[    0.000000] ACPI: Early table checksum verification disabled
[    0.000000] ACPI: RSDP 0x00000000000E0000 000024 (v02 VBOX  )
[    0.000000] ACPI: XSDT 0x000000003FFF0030 00003C (v01 VBOX   VBOXXSDT 00000001 ASL  00000061)
[    0.000000] ACPI: FACP 0x000000003FFF00F0 0000F4 (v04 VBOX   VBOXFACP 00000001 ASL  00000061)
[    0.000000] ACPI: DSDT 0x000000003FFF0470 0021FF (v02 VBOX   VBOXBIOS 00000002 INTL 20100528)
[    0.000000] ACPI: FACS 0x000000003FFF0200 000040
[    0.000000] ACPI: FACS 0x000000003FFF0200 000040
[    0.000000] ACPI: APIC 0x000000003FFF0240 00005C (v02 VBOX   VBOXAPIC 00000001 ASL  00000061)
[    0.000000] ACPI: SSDT 0x000000003FFF02A0 0001CC (v01 VBOX   VBOXCPUT 00000002 INTL 20100528)
[    0.000000] No NUMA configuration found
[    0.000000] Faking a node at [mem 0x0000000000000000-0x000000003ffeffff]
[    0.000000] NODE_DATA(0) allocated [mem 0x3ffeb000-0x3ffeffff]
[    0.000000] kvm-clock: Using msrs 4b564d01 and 4b564d00
[    0.000000] kvm-clock: pu 0, msr 0:3ffe3001, primary cpu clock
[    0.000000] kvm-clock: using sched offset of 4011731948 cycles
[    0.000000] clocksource: kvm-clock: mask: 0xffffffffffffffff max_cycles: 0x1cd42e4dffb, max_idle_ns: 881590591483 ns
[    0.000000] Zone ranges:
[    0.000000]   DMA      [mem 0x00000000001000-0x0000000000ffffff]
[    0.000000]   DMA32    [mem 0x0000000001000000-0x000000003ffeffff]
[    0.000000]   Normal   empty
[    0.000000]   Device   empty
[    0.000000] Movable zone start for each node
[    0.000000] Early memory node ranges
[    0.000000]   node   0: [mem 0x0000000000001000-0x000000000009efff]
[    0.000000]   node   0: [mem 0x0000000000100000-0x000000003ffeffff]
[    0.000000] Initmem setup node 0 [mem 0x0000000000001000-0x000000003ffeffff]
[    0.000000] ACPI: PM-Time IO Port 0x4008
[    0.000000] IOAPIC[0]: apic_id 2, version 32, address 0xfec00000, GSI 0-23
[    0.000000] ACPI: INT_SRC_OVR (bus 0 bus_irq 0 global_irq 2 dfl dfl)
[    0.000000] CPI: INT_SRC_OVR (bus 0 bus_irq 9 global_irq 9 low level)
[    0.000000] Using ACPI (MADT) for SMP configuration information
[    0.000000] smpboot: Allowing 2 CPUs, 0 hotplluCPs
[  0.000000] PM: Registered nosave memory: [mem 0x00000000-0x00000fff]
[    0.000000] PM: Registered nosave memory: [mem 0x0009f000-0x0009ffff]
[    0.000000] PM: Registered nosave memory: [mem 0x000a0000-0x000effff
[    0.000000] PM: Registered nosave memory: [mem 0x000f0000-0x000fffff]
[    0.000000] e820: [mem 0x40000000-0xfebfffff] available for PCI devices
[    0.000000] Booting paravirtualized kernel on KVM
[    0.000000] clocksource: refined-jiffies: mask: 0xffffffff max_cycles: 0xffffffff, max_idle_ns: 7645519600211568 ns
[    0.000000] setup_percpu: NR_CPUS:512 nr_cpumask_bits:512 nr_cpu_ids:2 nr_node_ids:1
[    0.000000] PERCPU: Embedded 34 pages/cpu @ffff88003fc00000 s99480 r8192 d31592 u1048576
[    0.000000] Built 1 zonelists in Node order, mobility grouping on.  Total pages: 257912
[    0.000000] Policy zone: DMA32
[    0.000000] Kernel command line: BOOT_IMAGE=/boot/vmlinuz-4.4.0-146-generic root=LBEL=cloudimg-rootfs ro console=tty1 console=ttyS0
[    0.000000] PID hash table entries: 4096 (order: 3, 32768 bytes)
[    0.000000] Memory: 997736K/1048120K available (860K kernel code, 1334K rwdata, 4028K rodata, 1484K init, 1284K bss, 50384K reserved, 0Kcma-reserved)
[    0.000000] SLUB: Halign=64, Order=0-3, MinObjects=0, CPUs=2, Nodes=1
[    0.000000] Kernel/User page tables isolation: enabled
[    0.000000] Hierarchical RCU implementation.
[    0.000000] 	Build-time adjustment of leaf fanout to 64.
[    0.000000] 	RCU restricting CPUs from NR_CPUS=512 to nr_cpu_ids=2.
[    0.000000] RCU: Adjusting geometry for rcu_fanout_lf=64, nr_cpu_ids=2
[    0.000000] NR_IRQS:33024 nr_irqs:440 16
[    0.000000] Console: colour VGA+ 80x25
[    0.000000] console [tty1] enabled
[    0.000000] console [ttyS0] enabled
[    0.000000] tsc: Detected 2700.000 MHz processor
[   0.942423] Calibrating delaay loop (skipped) preset value.. 5400.00 BogoMIPS (lpj=10800000)
[    0.959446] pid_max: default: 32768 minimum: 301
[    0.961483] ACPI: Core revision 20150930
[    0.963470] ACPI: 2 ACPI AML tables successfully acquired and loaded
[    0.965501] Security Framework initialized
[    0.967348] Yama: becoming mindful.
[    0.968811] AppArmor: AppArmor initialized
[    0.970555] Dentry cache hash table entries: 131072 (order: 8, 1048576 bytes)
[    0.975134] Inode-cache hash table entries: 65536 (order: 7, 524288 bytes)
[    0.978886] Mount-cache hash table entries: 2048 (order: 2, 16384 bytes)
[    0.987087] Mountpoint-cache hash table entries: 2048 (order: 2, 16384 bytes)
[    0.989954] Initializing cgroup subsys io
[    0.991557] Initializing cgroup subsys memory
[    0.997484] Initializing cgroup subsys devices
[    0.999245] Initializing cgroup subsys freezer
[    1.001076] Initializing cgroup subsys net_cls
[    1.002809] Initializing cgroup subsys perf_event
[    1.004624] Initializing cgroup subsys net_prio
[    1.006557] Initializing cgroup subsys hugetlb
[    1.008301] Initializing cgroup subsys pids
[    1.014677] mce: CPU supports 0 MCE banks
[    1.016494] Last level iTLB entries: 4KB 64, 2MB 8, 4MB 8
[    1.018565] Last level dTLB entries: 4KB 64, 2MB 0, 4MB 0, 1GB 4
[    1.020860] Spectre V2 : Mitigation: Full generic retpoline
[    1.022968] Spectre V2 : Spectre v2 / SpectreRSB mitigation: Filling RSB on context switch
[    1.026277] Speculative Store Bypass: Vulnerable
[    1.032153] Freeing SMP alternatives memory: 36K
[    1.038902] ftrace: allocating 32287 entries in 127 pages
[    1.094336] smpboot: APIC(0) Converting physical 0 to logical package 0
[    1.097020] smpboot: Max logical packages: 1
[    1.098889] x2apic enabled
[    1.100309] Switched APIC routing to physical x2apic.
[    1.103389] ..TIMER: vector=0x30 apic1=0 pin1=2 apic2=-1 pin2=-1
[    1.213116] smpboot: CPU0: Intel(R) Core(TM) i5-5257U CPU @ 2.70GHz (family: 0x6, model: 0x3d, stepping: 0x4)
[    1.217190] Performance Events: unsupported p6 CPU model 61 no PMU driver, software events only.
[    1.229935] KVM setup paravirtual spinlock
[    1.248389] x86: Booting SMP configuration:
[    1.263044] .... node  #0, CPUs:      #1
[    1.266114] kvm-clock: cpu 1, msr 0:3ffe3041, secondary cpu clock
[    1.288162] mce: CPU supports 0 MCE banks
[    1.291499] x86: Booted up 1 node, 2 CPUs
[    1.297539] smpboot: Total of 2 processors activated (10800.00 BogoMIPS)
[    1.300798] devtmpfs: initialized
[    1.303428] evm: security.selinux
[    1.304870] evm: security.SMACK64
[    1.306362] evm: security.SMACK64EXEC
[    1.307840] evm: security.SMACK64TRANSMUTE
[    1.309523] evm: security.SMACK64MMAP
[    1.320992] evm: security.ima
[    1.322264] evm: security.capability
[    1.323992] clocksource: jiffies: mask: 0xffffffff max_cycles: 0xffffffff, max_idle_ns: 7645041785100000 ns
[    1.340239] futex hash table entries: 512 (order: 3, 32768 bytes)
[    1.342840] pinctrl core: initialized pinctrl subsystem
[    1.349424] RTC time: 17:18:13, date: 08/22/19
[    1.361657] NET: Registered protocol family 16
[    1.373308] cpuidle: using governor ladder
[    1.386190] cpuidle: using governor menu
[    1.398696] PCCT header not found.
[    1.418510] ACPI: bus type PCI registered
[    1.420173] acpiphp: ACPI Hot Plug PCI Controller Driver version: 0.5
[    1.422728] PCI: Using configuration type 1 for base access
[    1.439717] ACPI: Added _OSI(Module Device)
[    1.451171] ACPI: Added _OSI(Processor Device)
[    1.452966] ACPI: Added _OSI(3.0 _SCP Extensions)
[    1.455592] ACPI: Added _OSI(Processor Aggregator Device)
[    1.494497] ACPI: Executed 1 blocks of module-level executable AML code
[    1.536616] ACPI: Interpreter enabled
[    1.539357] ACPI: (supports S0 S5)
[    1.548651] ACPI: Using IOAPIC for interrupt routing
[    1.550803] PCI: Using host bridge windows from ACPI; if necessary, use "pci=nocrs" and report a bug
[    1.559173] ACPI: PCI Root Bridge [PCI0] (domain 0000 [bus 00-ff])
[    1.568144] acpi PNP0A03:00: _OSC: OS supports [ASPM ClockPM Segments MSI]
[    1.570958] acpi PNP0A03:00: _OSC: not requesting OS control; OS requires [ExtendedConfig ASPM ClockPM MSI]
[    1.574762] acpi PNP0A03:00: fail to add MMCONFIG information, can't access extended PCI configuration space under this bridge.
[    1.583461] PCI host bridge to bus 0000:00
[    1.586383] pci_bus 0000:00: root bus resource [io  0x0000-0x0cf7 window]
[    1.597182] pci_bus 0000:00: root bus resource [io  0x0d00-0xffff window]
[    1.599905] pci_bus 0000:00: root bus resource [mem 0x000a0000-0x000bffff window]
[    1.603083] pci_bus 0000:00: root bus resource [mem 0x40000000-0xfdffffff window]
[    1.606173] pci_bus 0000:00: root bus resource [bus 00-ff]
[    1.612159] pci 0000:00:01.1: legacy IDE quirk: reg 0x10: [io  0x01f0-0x01f7]
[    1.625390] pci 0000:00:01.1: legacy IDE quirk: reg 0x14: [io  0x03f6]
[    1.635862] pci 0000:00:01.1: legacy IDE quirk: reg 0x18: [io  0x0170-0x0177]
[    1.639651] pci 0000:00:01.1: legacy IDE quirk: reg 0x1c: [io  0x0376]
[    1.676331] pci 0000:00:07.0: quirk: [io  0x4000-0x403f] claimed by PIIX4 ACPI
[    1.697093] pci 0000:00:07.0: quirk: [io  0x4100-0x410f] claimed by PIIX4 SMB
[    1.733995] ACPI: PCI Interrupt Link [LNKA] (IRQs 5 9 10 *11)
[    1.739212] ACPI: PCI Interrupt Link [LNKB] (IRQs 5 9 *10 11)
[    1.747731] ACPI: PCI Interrupt Link [LNKC] (IRQs 5 *9 10 11)
[    1.754752] ACPI: PCI Interrupt Link [LNKD] (IRQs 5 9 10 *11)
[    1.757652] ACPI: Enabled 2 GPEs in block 00 to 07
[    1.760460] vgaarb: setting as boot device: PCI:0000:00:02.0
[    1.770729] vgaarb: device added: PCI:0000:00:02.0,decodes=io+mem,owns=io+mem,locks=none
[    1.775082] vgaarb: loaded
[    1.778512] vgaarb: bridge control possible 0000:00:02.0
[    1.782111] SCSI subsystem initialized
[    1.783825] ACPI: bus type USB registered
[    1.791519] usbcore: registered new interface driver usbfs
[    1.799494] usbcore: registered new interface driver hub
[    1.802330] usbcore: registered new device driver usb
[    1.804855] PCI: Using ACPI for IRQ routing
[    1.813637] NetLabel: Initializing
[    1.815154] NetLabel:  domain hash size = 128
[    1.819114] NetLabel:  protocols = UNLABELED CIPSOv4
[    1.829165] NetLabel:  unlabeled traffic allowed by default
[    1.837519] amd_nb: Cannot enumerate AMD northbridges
[    1.845156] clocksource: Switched to clocksource kvm-clock
[    1.886311] AppArmor: AppArmor Filesystem Enabled
[    .8457] pnp: PnP ACPI init[    2.0438] pnp: PnP ACPI: found 3 deics
[   .17552]clckouce: cp_pm: msk:0xffffff mx_yces 0fffff, ma_ilens 2850124ns
[   .7010]NE: egistered protocol family 2

[    2.931003] TCP established hash table entries: 8192 (order: 4, 65536 bytes)
[    2.933783] TCP bind hash table entries: 8192 (order: 5, 131072 bytes)
[    2.936399] TCP: Hash tables configured (established 8192 bind 8192)
[    2.938281] UDP hash table entries: 512 (order: 2, 16384 bytes)
[    2.940240] UDP-Lite hash table entries: 512 (order: 2, 16384 bytes)
[    2.942165] NET: Registered protocol family 1
[    2.943553] pci 0000:00:00.0: Limiting direct CI/PCI transfers
[    2.97909 pi 00000001.0: Acivting ISA DA hang orarunds
   3.26360 Unpckngintrmfs..
[    3.735885] Freeing initrd memory: 14824K
[    3.779969] RAPL PMU detected, API unit is 2^-32 Joules, 4 fixed counters 10737418240 ms ovfl timer
[    3.846254] hw unit of domain pp0-core 2^-0 Joules
[    3.872654] hw unit of domain package 2^-0 Joules
[    3.897952] hw unit of domain dram 2^-0 Joules
[    3.908174] hw unit of domain pp1-gpu 2^-0 Joules
[    3.929103] platform rtc_cmos: registered platform RTC device (no PNP device found)
[    3.977378] Scanning for low memory corruption every 60 seconds
[    4.008741] audit: initializing netlink subsys (disabled)
[    4.037132] audit: type=2000 audit(1566494300.127:1): initialized
[    4.076529] Initialise system trusted keyring
[    4.078480] HugeTLB registered 2 MB page size, pre-allocated 0 pages
[    4.081738] zbud: loaded
[    4.083096] VFS: Disk quotas dquot_6.6.0
[    4.084733] VFS: Dquot-cache hash table entries: 512 (order 0, 4096 bytes)
[    4.087238] squashfs: version 4.0 (2009/01/31) Phillip Lougher
[    4.089450] fuse init (API version 7.23)
[    4.090809] Key type big_key registered
[    4.092006] Allocating IMA MOK and blacklist keyrings.
[    4.097239] Key type asymmetric registered
[    4.099299] Asymmetric key parser 'x509' registered
[    4.114580] Block layer SCSI generic (bsg) driver version 0.4 loaded (major 249)
[    4.118943] io scheduler noop registered
[    4.121274] io scheduler deadline registered (default)
[    4.125015] io scheduler cfq registered
[    4.127471] pci_hotplug: PCI Hot Plug PCI Core version: 0.5
[    4.130431] pciehp: PCI Express Hot Plug Controller Driver version: 0.4
[    4.134223] ACPI: AC Adapter [AC] (off-line)
[    4.136469] input: Power Button as /devices/LNXSYSTM:00/LNXPWRBN:00/input/input0
[    4.141535] ACPI: Power Button [PWRF]
[    4.143894] input: Sleep Button as /devices/LNXSYSTM:00/LNXSLPBN:00/input/input1
[    4.148998] ACPI: Sleep Button [SLPF]
[    4.153511] GHES: HEST is not enabled!
[    4.153742] ACPI: Battery Slot [BAT0] (battery present)
[    4.158958] Serial: 8250/16550 driver, 32 ports, IRQ sharing enabled
[    4.192456] 00:02: ttyS0 at I/O 0x3f8 (irq = 4, base_baud =115200) is a 16550A

[    4.225308] Linux agpgart interface v0.103
[    4.228832] loop: module loaded
[    4.230614] scsi host0: ata_piix
[    4.231829] scsi host1: ata_piix
[    4.232898] ata1: PATA max UDMA/33 cmd 0x1f0 ctl 0x3f6 bmdma 0xd000 irq 14
[    4.234831] ata2: PATA max UDMA/33 cmd 0x170 ctl 0x376 bmdma 0xd008 irq 15
[    4.236832] libphy: Fixed MDIO Bus: probed
[    4.238240] tun: Universal TUN/TAP device driver, 1.6
[   4.24827 tn:(C 1999-2004 Max Krasnyansky <maxk@qualcomm.com>
[    4.411159] PPP generic driver version 2.4.2
[    4.426379] ehci_hcd: USB 2.0 'Enhanced' Host Controller (EHCI) Driver
[    4.43807]ehi-ci ECI PCI patorm driver
[    4.6253] ehci-pator: HC gneric patform driver
[    4.832185] ohci_hcd: USB 1.1 'Open' Host Controller (OHCI) Driver
[    4.834533] ohci-pi:OHCI PCI platform driver
[   .925244] tsc:Reind SCclckoucecalibraio: 2700.522 MHz

[    4.925246] clocksource: tsc: mask: 0xffffffffffffffff max_cycles: 0x26ed2b45210, max_idle_ns: 440795220799 ns
[    5.236529] ohci-platform: OHCI generic platform driver
[    5.238129] uhci_hcd: USB Universal Host Controller Interface driver
[    5.239995] i8042: PNP: PS/2 Controller [PNP0303:PS2K,PNP0f03:PS2M] at 0x60,0x64 irq 1,12
[    5.242923] serio: i8042 KBD port at 0x60,0x64 irq 1
[    5.244802] serio: i8042 AUX port at 0x60,0x64 irq 12
[    5.319642] mousedev: PS/2 mouse device common for all mice
[    5.324561] input: AT Translated Set 2 keyboard as /devices/platform/i8042/serio0/input/input2
[    5.335878] rtc_cmos rtc_cmos: rtc core: registered rtc_cmos as rtc0
[    5.345649] rt_cosrt_cos alarmsup to one ay, 114 bytes nvram
[    5.546185] i2c /dev entries driver
[    5.550595] devic-mppr:ueen: erio 10.

[    5.804590] device-mapper: ioctl: 4.34.0-ioctl (2015-10-28) initialised: dm-devel@redhat.com
[    5.878261] ledtrig-cpu: registered to indicate activity on CPUs
[    5.903333] NET: Registered protocol family 10
[    5.916868] NET: Registered protocol family 17
[    5.921531] Key type dns_resolver registered
[    5.936835] registered taskstats version 1
[    5.951932] Loading compiled-in X.509 certificates
[    5.970269] Loaded X.509 cert 'Build time autogenerated kernel key: 4dcb2dc2c7cf43e0c20c44384f68683c20294489'
[    6.009847] zswap: loaded using pool lzo/zbud
[    6.030455] Key type trusted registered
[    6.052508] Key type encrypted registered
[    6.055298] AppArmor: AppArmor sha1 policy hashing enabled
[    6.084121] ima: No TPM chip found, activating TPM-bypass!
[    6.110503] ima: Allocated hash algorithm: sha1
[    6.127284] evm: HMAC attrs: 0x1
[    6.137956]   Magic number: 15:739:340
[    6.151895] rtc_cmos rtc_cmos: setting system clock to 2019-08-22 17:18:18 UTC (1566494298)
[    6.189704] BIOS EDD facility v0.16 2004-Jun-25, 0 devices found
[    6.215931] EDD information not available.
[    6.232018] Freeing unused kernel memory: 1484K
[    6.269221] Write protecting the kernel read-only data: 14336k
[    6.285691] Freeing unused kernel memory: 1620K
[    6.300440] Freeing unused kernel memory: 68K
Loading, please wait...
starting version[    6.320929] random: systemd-udevd: uninitialized urandom read (16 bytes read, 5 bits of entropy available)
 229
[    6.321604] random: udevadm: uninitialized urandom read (16 bytes read, 5 bits of entropy available)
[    6.321624] random: udevadm: uninitialized urandom read (16 bytes read, 5 bits of entropy available)
[    6.328457] random: udevadm: uninitialized urandom read (16 bytes read, 5 bits of entropy available)
[    6.328495] random: udevadm: uninitialized urandom read (16 bytes read, 5 bits of entropy available)
[    6.328615] random: udevadm: uninitialized urandom read (16 bytes read, 5 bits of entropy available)
[    6.328658] random: udevadm: uninitialized urandom read (16 bytes read, 5 bits of entropy available)
[    6.328701] random: udevadm: uninitialized urandom read (16 bytes read, 5 bits of entropy available)
[    6.328742] random: udevadm: uninitialized urandom read (16 bytes read, 5 bits of entropy available)
[    6.328784] random: udevadm: uninitialized urandom read (16 bytes read, 5 bits of entropy available)
[    6.440342] e1000: Intel(R) PRO/1000 Network Driver - version 7.3.21-k8-NAPI
[    6.443888] e1000: Copyright (c) 1999-2006 Intel Corporation.
[    6.461001] Fusion MPT base driver 3.04.20
[    6.477638] Copyright (c) 1999-2008 LSI Corporation
[    6.507497] Fusion MPT SPI Host driver 3.04.20
[    6.536361] AVX2 version of gcm_enc/dec engaged.
[    6.539547] AES CTR mode by8 optimization enabled
[    6.702462] input: ImExPS/2 Generic Explorer Mouse as /devices/platform/i8042/serio1/input/input4
[    6.917665] e1000 0000:00:03.0 eth0: (PCI:33MHz:32-bit) 02:26:7f:6e:ca:81
[    6.945847] e1000 0000:00:03.0 eth0: Intel(R) PRO/1000 Network Connection
[    6.949982] e1000 0000:00:03.0 enp0s3: renamed from eth0
[    6.971609] mptbase: ioc0: Initiating bringup
[    7.288458] ioc0: LSI53C1030 A0: Capabilities={Initiator}
[    7.980223] scsi host2: ioc0: LSI53C1030 A0, FwRev=00000000h, Ports=1, MaxQ=256, IRQ=20
[    8.171375] scsi 2:0:0:0: Direct-Access     VBOX     HARDDISK         1.0  PQ: 0 ANSI: 5
[    8.206649] scsi target2:0:0: Beginning Domain Validation
[    8.227977] scsi target2:0:0: Domain Validation skipping write tests
[    8.229903] scsi target2:0:0: Ending Domain Validation
[    8.231415] scsi target2:0:0: asynchronous
[    8.233154] scsi 2:0:1:0: Direct-Access     VBOX     HARDDISK         1.0  PQ: 0 ANSI: 5
[    8.255466] scsi target2:0:1: Beginning Domain Validation
[    8.279980] scsi target2:0:1: Domain Validation skipping write tests
[    8.282124] scsi target2:0:1: Ending Domain Validation
[    8.283648] scsi target2:0:1: asynchronous
[    8.293066] sd 2:0:0:0: Attached scsi generic sg0 type 0
[    8.295116] sd 2:0:1:0: Attached scsi generic sg1 type 0
[    8.295208] sd 2:0:0:0: [sda] 20971520 512-byte logical blocks: (10.7 GB/10.0 GiB)
[    8.299169] sd 2:0:1:0: [sdb] 20480 512-byte logical blocks: (10.5 MB/10.0 MiB)
[    8.317120] sd 2:0:0:0: [sda] Write Protect is off
[    8.325752] sd 2:0:1:0: [sdb] Write Protect is off
[    8.325981] sd 2:0:1:0: [sdb] Incomplete mode parameter data
[    8.325982] sd 2:0:1:0: [sdb] Assuming drive cache: write through
[    8.329246] sd 2:0:1:0: [sdb] Attached SCSI disk
[    8.356757] sd 2:0:0:0: [sda] Incomplete mode parameter data
[    8.389557] sd 2:0:0:0: [sda] Assuming drive cache: write through
[    8.402524]  sda: sda1
[    8.411097] sd 2:0:0:0: [sda] Attached SCSI disk
Begin: Loading essential drivers ... [    9.755562] md: linear personality registered for level -1
[    9.781864] md: multipath personality registered for level -4
[    9.787403] md: raid0 personality registered for level 0
[    9.794855] md: raid1 personality registered for level 1
[    9.869344] raid6: sse2x1   gen()  5049 MB/s
[    9.941370] raid6: sse2x1   xor()  5444 MB/s
[   10.029523] raid6: sse2x2   gen() 11428 MB/s
[   10.117427] raid6: sse2x2   xor()  7806 MB/s
[   10.201431] raid6: sse2x4   gen() 13801 MB/s
[   10.269359] raid6: sse2x4   xor()  9656 MB/s
[   10.353479] raid6: avx2x1   gen() 18724 MB/s
[   10.437393] raid6: avx2x2   gen() 21497 MB/s
[   10.521391] raid6: avx2x4   gen() 24787 MB/s
[   10.546169] raid6: using algorithm avx2x4 gen() 24787 MB/s
[   10.569694] raid6: using avx2x2 recovery algorithm
[   10.576988] xor: automatically using best checksumming function:
[   10.642320]    avx       : 64769.000 MB/sec
[   10.659327] async_tx: api initialized (async)
[   10.678482] md: raid6 personality registered for level 6
[   10.690038] md: raid5 personality registered for level 5
[   10.715131] md: raid4 personality registered for level 4
[   10.748821] md: raid10 personality registered for level 10
done.
Begin: Running /scripts/init-premount ... done.
Begin: Mounting root file system ... Begin: Running /scripts/local-top ... done.
Begin: Running /scripts/loc[   10.798612] Btrfs loaded
al-premount ... Scanning for Btrfs filesystems
done.
Warning: fsck no[   10.852842] EXT4-fs (sda1): mounted filesystem with ordered data mode. Opts: (null)
t present, so skipping root file system
done.
Begin: Running /scripts/local-bottom ... done.
Begin: Running /scripts/init-bottom ... done.
[   11.014812] systemd[1]: systemd 229 running in system mode. (+PAM +AUDIT +SELINUX +IMA +APPARMOR +SMACK +SYSVINIT +UTMP +LIBCRYPTSETUP +GCRYPT +GNUTLS +ACL +XZ -LZ4 +SECCOMP +BLKID +ELFUTILS +KMOD -IDN)
[   11.024777] systemd[1]: Detected virtualization oracle.
[   11.027747] systemd[1]: Detected architecture x86-64.

Welcome to [1mUbuntu 16.04.6 LTS[0m!

[   11.054512] systemd[1]: Set hostname to <ubuntu>.
[   11.068105] systemd[1]: Initializing machine ID from random generator.
[   11.082441] systemd[1]: Installed transient /etc/machine-id file.
[   11.245496] systemd[1]: Reached target Encrypted Volumes.
[[0;32m  OK  [0m] Reached target Encrypted Volumes.
[   11.249408] systemd[1]: Listening on Journal Socket.
[[0;32m  OK  [0m] Listening on Journal Socket.
[   11.286475] systemd[1]: Listening on LVM2 poll daemon socket.
[[0;32m  OK  [0m] Listening on LVM2 poll daemon socket.
[   11.346103] systemd[1]: Reached target Swap.
[[0;32m  OK  [0m] Reached target Swap.
[   11.393576] systemd[1]: Started Trigger resolvconf update for networkd DNS.
[[0;32m  OK  [0m] Started Trigger resolvconf update for networkd DNS.
[   11.447574] systemd[1]: Listening on Syslog Socket.
[[0;32m  OK  [0m] Listening on Syslog Socket.
[   11.504464] systemd[1]: Listening on LVM2 metadata daemon socket.
[[0;32m  OK  [0m] Listening on LVM2 metadata daemon socket.
[   11.570054] systemd[1]: Listening on /dev/initctl Compatibility Named Pipe.
[[0;32m  OK  [0m] Listening on /dev/initctl Compatibility Named Pipe.
[   11.617956] systemd[1]: Listening on Journal Audit Socket.
[[0;32m  OK  [0m] Listening on Journal Audit Socket.
[   11.661652] systemd[1]: Set up automount Arbitrary Executable File Formats File System Automount Point.
[[0;32m  OK  [0m] Set up automount Arbitrary Executab...ats File System Automount Point.
[   11.691642] systemd[1]: Listening on udev Kernel Socket.
[[0;32m  OK  [0m] Listening on udev Kernel Socket.
[   11.695852] systemd[1]: Listening on Journal Socket (/dev/log).
[[0;32m  OK  [0m] Listening on Journal Socket (/dev/log).
[   11.702824] systemd[1]: Reached target User and Group Name Lookups.
[[0;32m  OK  [0m] Reached target User and Group Name Lookups.
[   11.707098] systemd[1]: Started Forward Password Requests to Wall Directory Watch.
[[0;32m  OK  [0m] Started Forward Password Requests to Wall Directory Watch.
[   11.712672] systemd[1]: Created slice System Slice.
[[0;32m  OK  [0m] Created slice System Slice.
[   11.733452] systemd[1]: Mounting Huge Pages File System...
         Mounting Huge Pages File System...
[   11.746736] systemd[1]: Starting Set console keymap...
         Starting Set console keymap...
[   11.757855] systemd[1]: Starting Remount Root and Kernel File Systems...
[   11.764147] EXT4-fs (sda1): re-mounted. Opts: (null)
         Starting Remount Root and Kernel File Systems...
[   11.787882] systemd[1]: Starting Create list of required static device nodes for the current kernel...
         Starting Create list of required st... nodes for the current kernel...
[   11.978001] systemd[1]: Starting Journal Service...
         Starting Journal Service...
[   11.996396] systemd[1]: Mounting POSIX Message Queue File System...
         Mounting POSIX Message Queue File System...
[   12.038153] systemd[1]: Listening on udev Control Socket.
[[0;32m  OK  [0m] Listening on udev Control Socket.
[   12.042346] systemd[1]: Listening on Device-mapper event daemon FIFOs.
[[0;32m  OK  [0m] Listening on Device-mapper event daemon FIFOs.
[   12.069721] systemd[1]: Starting Monitoring of LVM2 mirrors, snapshots etc. using dmeventd or progress polling...
         Starting Monitoring of LVM2 mirrors... dmeventd or progress polling...
[   12.100556] systemd[1]: Starting Load Kernel Modules...
         Starting Load Kernel Modules...
[   12.114522] systemd[1]: Reached target System Time Synchronized.
[   12.125868] random: nonblocking pool is initialized
[[0;32m  OK  [0[   12.131142] Loading iSCSI transport class v2.0-870.
m] Reached target System Time Synch[   12.149343] iscsi: registered transport (tcp)
ronized.
[   12.178255] systemd[1]: Starting Uncomplicated firewall...
         Starting Uncomplicated firewall...
[   12.207909] systemd[1]: Created slice system-serial\x2detty.slice.

[[0;32m  OK  [0m] Created slice system-serial\x2dgetty.slice.[   12.258491] iscsi: registered transport (iser)

[   12.714105] systemd[1]: Starting Nameserver information manager...
         Starting Nameserver information manager...
[   12.741959] systemd[1]: Created slice User and Session Slice.
[[0;32m  OK  [0m] Created slice User and Session Slice.
[   12.91778] ystemd[1]: Reached target Slces.

[[0;32m  OK  [0m] Reached target Slices.
[   13.041673] systemd[1]: Mounting Debug File System...
         Mounting Debug File System...
[   13.049959] systemd[1]: Mounted Debug File System.
[[0;32m  OK  [0m] Mounted Debug File System.
[   13.068215] systemd[1]: Mounted Huge Pages File System.
[[0;32m  OK  [0m] Mounted Huge Pages File System.
[   13.094750] systemd[1]: Mounted POSIX Message Queue File System.
[[0;32m  OK  [0m] Mounted POSIX Message Queue File System.
[   13.13051]systemd[1]: tate Journal Service.

[[0;32m  OK  [0m] Started Journal Service.
[[0;32m  OK  [0m] Started Set console keymap.
[[0;32m  OK  [0m] Started Remount Root and Kernel File Systems.
[[0;32m  OK  [0m] Started Create list of required sta...ce nodes for the current kernel.
[[0;32m  OK  [0m] Started Load Kernel Modules.
[[0;32m  OK  [0m] Started Uncomplicated firewall.
[[0;32m  OK  [0m] Started Nameserver information manager.
[[0;32m  OK  [0m] Started LVM2 metadata daemon.
         Mounting FUSE Control File System...
         Starting Apply Kernel Variables...
         Starting Create Static Device Nodes in /dev...
         Starting Load/Save Random Seed...
         Starting udev Coldplug all Devices...
         Starting Flush Journal to Persistent Storage...
[[0;32m  OK  [0m] Mounted FUSE Control File System.
[[0;32m  OK  [0m] Started Apply Kernel Variables.
[[0;32m  OK  [0m] Started Create Static Device Nodes in /dev.
[[0;32m  OK  [0m] Started Load/Save Random Seed.
[[0;32m  OK  [0m] Started Monitoring of LVM2 mirrors,...ng dmeventd or progress polling.
[[0;32m  OK  [0m] Started udev Coldplug all Devices.
[[0;32m  OK  [0m] Started Flush Journal to Persistent Storage.
[[0;32m  OK  [0m] Reached target Local File Systems (Pre).
[[0;32m  OK  [0m] Reached target Local File Systems.
         Starting Initial cloud-init job (pre-networking)...
         Starting Tell Plymouth To Write Out Runtime Data...
         Starting Commit a transient machine-id on disk...
         Starting LSB: AppArmor initialization...
         Starting Set console font and keymap...
         Starting Create Volatile Files and Directories...
         Starting udev Kernel Device Manager...
[[0;32m  OK  [0m] Started Tell Plymouth To Write Out Runtime Data.
[[0;32m  OK  [0m] Started Commit a transient machine-id on disk.
[[0;32m  OK  [0m] Started Create Volatile Files and Directories.
[[0;32m  OK  [0m] Started udev Kernel Device Manager.
[[0;32m  OK  [0m] Started Dispatch Password Requests to Console Directory Watch.
         Starting Update UTMP about System Boot/Shutdown...
[[0;32m  OK  [0m] Started Update UTMP about System Boot/Shutdown.
[[0;32m  OK  [0m] Found device /dev/ttyS0.
[[0;32m  OK  [0m] Listening on Load/Save RF Kill Switch Status /dev/rfkill Watch.
[[0;32m  OK  [0m] Started LSB: AppArmor initialization.
[   13.929416] cloud-init[456]: Cloud-init v. 18.5-45-g3554ffe8-0ubuntu1~16.04.1 running 'init-local' at Thu, 22 Aug 2019 17:18:27 +0000. Up 13.43 seconds.
[[0;32m  OK  [0m] Started Initial cloud-init job (pre-networking).
[[0;32m  OK  [0m] Reached target Network (Pre).
         Starting Raise network interfaces...
[[0;32m  OK  [0m] Started Set console font and keymap.
[[0;32m  OK  [0m] Created slice system-getty.slice.
[[0;32m  OK  [0m] Started Raise network interfaces.
         Starting Initial cloud-init job (metadata service crawler)...
[[0;32m  OK  [0m] Reached target Network.
[   15.314106] cloud-init[928]: Cloud-init v. 18.5-45-g3554ffe8-0ubuntu1~16.04.1 running 'init' at Thu, 22 Aug 2019 17:18:28 +0000. Up 14.83 seconds.
[   15.341046] cloud-init[928]: ci-info: ++++++++++++++++++++++++++++++++++++++Net device info++++++++++++++++++++++++++++++++++++++
[   15.388519] cloud-init[928]: ci-info: +--------+------+----------------------------+---------------+--------+-------------------+
[   15.389531] cloud-init[928]: ci-info: | Device |  Up  |          Address           |      Mask     | Scope  |     Hw-Address    |
[   15.394722] cloud-init[928]: ci-info: +--------+------+----------------------------+---------------+--------+-------------------+
[   15.395077] cloud-init[928]: ci-info: | enp0s3 | True |         10.0.2.15          | 255.255.255.0 | global | 02:26:7f:6e:ca:81 |
[   15.403502] cloud-init[928]: ci-info: | enp0s3 | True | fe80::26:7fff:fe6e:ca81/64 |       .       |  link  | 02:26:7f:6e:ca:81 |
[   15.403887] cloud-init[928]: ci-info: |   lo   | True |         127.0.0.1          |   255.0.0.0   |  host  |         .         |
[[0;32m  OK  [0m] Started Initial cloud-init job (metadata service crawler).
[   15.404387] cloud-init[928]: ci-info: |   lo   | True |          ::1/128           |       .       |  host  |         .         |
[   15.440366] cloud-init[928]: ci-info: +--------+------+----------------------------+---------------+--------+-------------------+
[   15.441595] [cloud-init[0;32m  OK  [0m[928]: ] ci-info: +++++++++++++++++++++++++++Route IPv4 info++++++++++++++++++++++++++++Reached target Network is Online.

[   15.442967] cloud-init[928]: ci-info: +-------+-------------+----------+---------------+-----------+-------+
[   15.477217] cloud-init[928]: ci-info: | Route | Destination | Gateway  |    Genmask    | Interface | Flags |
[   15.486427] cloud-init[928]: ci-info: +-------+-------------+----------+---------------+-----------+-------+
[   15.487579] cloud-init[928]: ci-info: |   0   |   0.0.0.0   | 10.0.2.2 |    0.0.0.0    |   enp0s3  |   UG  |
[   15.489080] cloud-init[928]: ci-info: |   1   |   10.0.2.0  | 0.0.0.0  | 255.255.255.0 |   enp0s3  |   U   |
[   15.489307] cloud-init[928]: ci-info: +-------+-------------+----------+---------------+-----------+-------+
[   15.489387] cloud-init[928]: ci-info: +++++++++++++++++++Route IPv6 info+++++++++++++++++++
[   15.489547] cloud-init[928]: ci-info: +-------+-------------+---------+-----------+-------+
[   15.489613] cloud-init[928]: ci-info: | Route | Destination | Gateway | Interface | Flags |
[   15.489793] cloud-init[928]: ci-info: +-------+-------------+---------+-----------+-------+
[   15.489886] cloud-init[928]: ci-info: |   0   |  fe80::/64  |    ::   |   enp0s3  |   U   |
[   15.489935] cloud-init[928]: ci-info: |   3   |   ff00::/8  |    ::   |   enp0s3  |   U   |
         Starting iSCSI initiator daemon (iscsid)...
[[   15.490196] cloud-init[928]: ci-info: +-------+-------------+---------+-----------+-------+
[0;32m  OK  [0m[   15.558229] ] cloud-initReached target Cloud-config availability.[928]: 
Generating public/private rsa key pair.
[[   15.558776] cloud-init[928]: Your identification has been saved in /etc/ssh/ssh_host_rsa_key.
[   15.594064] [0;32m  OK  [0mcloud-init] [928]: Reached target System Initialization.Your public key has been saved in /etc/ssh/ssh_host_rsa_key.pub.

[   15.652276] cloud-init[928]: The key fingerprint is:
         Starting LXD - unix socket.
[   15.653162] cloud-init[928]: SHA256:44ePZOZqxA8lb7lImKEVDDVmSYZfcPYNldpdD1yse5U root@ubuntu-xenial
[   15.739165] cloud-init[928]: The key's randomart image is:
[[0;32m  OK  [0m] Started ACPI Events Check.
[   15.739804] cloud-init[928]: +---[RSA 2048]----+
[[   15.811629] cloud-init[928]: |  .*Ooo .... . o.|
[   15.812586] cloud-init[928]: |  .+++.. o.   + .|
[0;32m  OK  [0m] Reached target Paths.
[[   15.813662] cloud-init[928]: |   . o  .o.. . +.|
[   15.883003] cloud-init[928]: |    + . o . . .Eo|
[0;32m  OK  [0m] Started Daily apt download activities.
[[   15.883326] cloud-init[928]: |   o = +S.     ..|
[0;32m  OK  [0m[   15.969742] ] cloud-initStarted Daily apt upgrade and clean activities.[928]: 
|  . o =.+o    . .|
[[   15.970482] cloud-init[928]: |     o =*..    . |
[   16.024865] cloud-init[928]: |      o=o+       |
[   16.025079] [0;32m  OK  [0mcloud-init] [928]: Started Daily Cleanup of Temporary Directories.|     ...o .      |

[   16.073314] [cloud-init[0;32m  OK  [0m[928]: ] +----[SHA256]-----+Listening on D-Bus System Message Bus Socket.

[[   16.075063] cloud-init[928]: Generating public/private dsa key pair.
[   16.131259] cloud-init[928]: Your identification has been saved in /etc/ssh/ssh_host_dsa_key.
[0;32m  OK  [0m] Reached target Timers.
[   16.133369] cloud-init[928]: Your public key has been saved in /etc/ssh/ssh_host_dsa_key.pub.
[   16.193307] cloud-init[928]: The key fingerprint is:
         Starting Socket activation for snappy daemon.
[   16.193937] cloud-init[928]: SHA256:zvLq8iLPpVS6nKwuXs5QwsRs5tmdwCtI2PbihyeFO78 root@ubuntu-xenial
[   16.260890] cloud-init[928]: The key's randomart image is:
[   16.261537] cloud-init[928]: +---[DSA 1024]----+
[[   16.261578] [0;32m  OK  [0mcloud-init] [928]: Listening on UUID daemon activation socket.|                 |

[[   16.262133] cloud-init[928]: |+..              |
[   16.378278] [0;32m  OK  [0mcloud-init] [928]: Listening on ACPID Listen Socket.|.Boo             |

[   16.437027] cloud-init[928]: |O.oo+ .          |
[   16.472752] cloud-init[928]: |.*o+oo. S        |
[   16.497586] cloud-init[928]: | .+= o o         |
[[0;32m  OK  [0m] Listening on LXD - unix socket.
[[0;32m  OK  [0m[   16.527938] cloud-init[928]: | .*.= o o        |
[   16.552948] cloud-init[928]: |. *@o= o         |
] Listening on Socket activation for snappy daemon.
[   16.554020] cloud-init[928]: |.+o*E*+..        |
[   16.566672] cloud-init[928]: +----[SHA256]-----+
[[0;32m  OK  [0m] Started iSCSI initiator daemon (iscsid).
[   16.567260] cloud-init[928]: Generating public/private ecdsa key pair.
[   16.581195] cloud-init[928]: Your identification has been saved in /etc/ssh/ssh_host_ecdsa_key.
[   16.585308] cloud-init[928]: Your public key has been saved in /etc/ssh/ssh_host_ecdsa_key.pub.
[   16.589915] cloud-init[928]: The key fingerprint is:
[   16.593211] cloud-init[928]: SHA256:u8vclis+udC4GIhdFzUyhN5VsVS1JePAptuXZMzASrY root@ubuntu-xenial
[   16.604481] cloud-init[928]: The key's randomart image is:
[   16.624278] cloud-init[928]: +---[ECDSA 256]---+
[   16.627179] cloud-init         Starting Login to default iSCSI targets...
[[0;32m  OK  [0m] Reached target Sockets.
[[0;32m  OK  [0m] Reached target Basic System.[928]: |     o+ o.+=o.+ .|
[   16.639605] 
cloud-init[928]: |    .  +.oo.=o = |
[   16.649193] cloud-init[928]: |   . ... o.= +o  |
[   16.653996] cloud-init[[0;32m  OK  [0m] Started Regular background program processing daemon.
[928]: |    . ..  E   =  |
[   16.670799]          Starting LSB: MD monitoring daemon...
cloud-init[928]: |    . . S  o o . |
[   16.709258] cloud-init[928]: | o o . o .. . o  |
         Starting System Logging Service...
[   16.709850] cloud-init[928]: |. o . o o. . .   |
[   16.727805] cloud-init[928]: |     o =+oo      |
[   16.728685] cloud-init[928]: |    . ..B*o.     |
[   16.730620] cloud-init[928]: +----[SHA256]-----+
[[0;32m  OK  [0m] Started Deferred execution scheduler.
[   16.732151] cloud-init[928]: Generating public/private ed25519 key pair.
[   16.800991] cloud-init[928]: Your identification has been saved in /etc/ssh/ssh_host_ed25519_key.
[   16.801597] cloud-init[928]: Your public key has been saved in /etc/ssh/ssh_host_ed25519_key.pub.
         Starting Login Service...
[   16.802133] cloud-init[928]: The key fingerprint is:
         [   16.922976] cloud-init[928]: SHA256:u8M47GkUnBDxYDEWnyTjyrG79ZzvuhgIE/FBT0IlNag root@ubuntu-xenial
[   16.924269] cloud-init[928]: The key's randomart image is:
Starting Pollinate to seed the pseudo random number generator...
[   16.925586] cloud-init[928]: +--[ED25519 256]--+
[   16.965956] cloud-init[928]: |.o*+^=.          |
[   16.966847] cloud-init[928]: | o.X.X .         |
         Starting Accounts Service...
[   16.968529] cloud-init[928]: |..o oo+.         |
[   16.999830] cloud-init[928]: |Eo +  +          |
[   17.002358] cloud-init[928]: |o +    .S        |
[   17.024383] cloud-init[928]: | o o  .  .       |
[   17.025078] cloud-init[928]: |  o oo o.        |
[   17.025361] cloud-init[928]: |   o ==oo.       |
[   17.026016] cloud-init[928]: |  . .oO*+.       |
[   17.026196] cloud-init[928]: +----[SHA256]-----+
         Starting Snappy daemon...
         Starting Virtualbox guest utils...
         Starting LSB: Record successful boot for GRUB...
         Starting /etc/rc.local Compatibility...
[[0;32m  OK  [0m] Started D-Bus System Message Bus.
[[0;32m  OK  [0m] Started FUSE filesystem for LXC.
[[0;32m  OK  [0m] Started ACPI event daemon.
         Starting LXD - container startup/shutdown...
[[0;32m  OK  [0m] Started System Logging Service.
[[0;32m  OK  [0m] Started /etc/rc.local Compatibility.
[[0;32m  OK  [0m] Started Snappy daemon.
[[0;32m  OK  [0m] Started Login to default iSCSI targets.
[[0;32m  OK  [0m] Started LSB: MD monitoring daemon.
[[0;32m  OK  [0m] Started LXD - container startup/shutdown.
[[0;32m  OK  [0m] Started LSB: Record successful boot for GRUB.
[[0;32m  OK  [0m] Started Login Service.
[[0;32m  OK  [0m] Started Unattended Upgrades Shutdown.
         Starting Authenticate and Authorize Users to Run Privileged Tasks...
[[0;32m  OK  [0m] Reached target Remote File Systems (Pre).
[[0;32m  OK  [0m] Reached target Remote File Systems.
         Starting LSB: Set the CPU Frequency Scaling governor to "ondemand"...
         Starting Permit User Sessions...
         Starting LSB: automatic crash report generation...
         Starting LSB: daemon to balance interrupts for SMP systems...
         Starting Wait until snapd is fully seeded...
[[0;32m  OK  [0m] Started Virtualbox guest utils.
[[0;32m  OK  [0m] Started Permit User Sessions.
[[0;32m  OK  [0m] Started Authenticate and Authorize Users to Run Privileged Tasks.
[[0;32m  OK  [0m] Started Accounts Service.
[[0;32m  OK  [0m] Started LSB: Set the CPU Frequency Scaling governor to "ondemand".
         Starting Terminate Plymouth Boot Screen...
         Starting Hold until boot process finishes up...
[[0;32m  OK  [0m] Started LSB: automatic crash report generation.
[[0;32m  OK  [0m] Started LSB: daemon to balance interrupts for SMP systems.
[[0;32m  OK  [0m] Started Pollinate to seed the pseudo random number generator.
[[0;32m  OK  [0m] Started Terminate Plymouth Boot Screen.
[[0;32m  OK  [0m] Started Hold until boot process finishes up.
[[0;32m  OK  [0m] Started Getty on tty1.
[[0;32m  OK  [0m] Started Serial Getty on ttyS0.
[[0;32m  OK  [0m] Reached target Login Prompts.
         Starting Set console scheme...
         Starting OpenBSD Secure Shell server...
[[0;32m  OK  [0m] Started Set console scheme.
[[0;32m  OK  [0m] Started OpenBSD Secure Shell server.
[[0;32m  OK  [0m] Created slice User Slice of vagrant.
         Starting User Manager for UID 1000...
[[0;32m  OK  [0m] Started User Manager for UID 1000.
[[0;32m  OK  [0m] Started Session 1 of user vagrant.
         Stopping User Manager for UID 1000...
[[0;32m  OK  [0m] Stopped User Manager for UID 1000.
[[0;32m  OK  [0m] Removed slice User Slice of vagrant.
[[0;32m  OK  [0m] Started Wait until snapd is fully seeded.
         Starting Apply the settings specified in cloud-config...
[[0;32m  OK  [0m] Reached target Multi-User System.
[[0;32m  OK  [0m] Reached target Graphical Interface.
         Starting Update UTMP about System Runlevel Changes...
[[0;32m  OK  [0m] Started Update UTMP about System Runlevel Changes.
[[0;32m  OK  [0m] Created slice User Slice of vagrant.
         Starting User Manager for UID 1000...
[[0;32m  OK  [0m] Started Session 2 of user vagrant.
[[0;32m  OK  [0m] Started User Manager for UID 1000.
[   20.733147] cloud-init[1480]: Generating locales (this might take a while)...
[   21.920342] cloud-init[1480]:   en_US.UTF-8... done
[   21.924144] cloud-init[1480]: Generation complete.
[   22.419410] cloud-init[1480]: Cloud-init v. 18.5-45-g3554ffe8-0ubuntu1~16.04.1 running 'modules:config' at Thu, 22 Aug 2019 17:18:34 +0000. Up 20.61 seconds.
[[0;32m  OK  [0m] Started Apply the settings specified in cloud-config.
         Starting Execute cloud user/final scripts...
ci-info: no authorized ssh keys fingerprints found for user ubuntu.
<14>Aug 22 17:18:36 ec2: 
<14>Aug 22 17:18:36 ec2: #############################################################
<14>Aug 22 17:18:36 ec2: -----BEGIN SSH HOST KEY FINGERPRINTS-----
<14>Aug 22 17:18:36 ec2: 1024 SHA256:zvLq8iLPpVS6nKwuXs5QwsRs5tmdwCtI2PbihyeFO78 root@ubuntu-xenial (DSA)
<14>Aug 22 17:18:36 ec2: 256 SHA256:u8vclis+udC4GIhdFzUyhN5VsVS1JePAptuXZMzASrY root@ubuntu-xenial (ECDSA)
<14>Aug 22 17:18:36 ec2: 256 SHA256:u8M47GkUnBDxYDEWnyTjyrG79ZzvuhgIE/FBT0IlNag root@ubuntu-xenial (ED25519)
<14>Aug 22 17:18:36 ec2: 2048 SHA256:44ePZOZqxA8lb7lImKEVDDVmSYZfcPYNldpdD1yse5U root@ubuntu-xenial (RSA)
<14>Aug 22 17:18:36 ec2: -----END SSH HOST KEY FINGERPRINTS-----
<14>Aug 22 17:18:36 ec2: #############################################################
-----BEGIN SSH HOST KEY KEYS-----
ecdsa-sha2-nistp256 AAAAE2VjZHNhLXNoYTItbmlzdHAyNTYAAAAIbmlzdHAyNTYAAABBBIQEL/uHpqmwBrk+OfcJIKC0NjeEYh89a+e8H4QjaZpVsL5XluX8yCeXwfGpDIJZANeCpxxWWm9It0GPuT/dKKk= root@ubuntu-xenial
ssh-ed25519 AAAAC3NzaC1lZDI1NTE5AAAAIDbXVPmFtNg/e9ZpQ3mlLVK6Ll6/mNeMr48d8ipFj3LY root@ubuntu-xenial
ssh-rsa AAAAB3NzaC1yc2EAAAADAQABAAABAQDEXGwSlrFOmEu0ZQ0y7ecywfSQJSCO+YxEK5qDxwK8bxPbx4G5AXqWWPBxfjM5mx1xwgBLrZoVUYbiTBTEo+hhV2POnYPc0V7X7rRhlCYS7RGKmQHnKwvacipvqgWUDi+fbcUw8Ps4XUCyZFGxfLNOT2H9zjvmzk8PHwbD1OYXybddjpkLVbLynz7n/fOLTqRx0tkEdDNWo58QZh+Tg8tQ3v4SjJ/GigD18TLljhTQL711Pz3o2yNDMTn2aiJPMdP/7Sd+Ymv7KaW2aanKzYqgs5utOXAOTUlwuZmCo533yHd3VzSI3bOJjw8+KL5Zi4N0ApBjFSGSNGDV1oaUu3PN root@ubuntu-xenial
-----END SSH HOST KEY KEYS-----
[   23.071669] cloud-init[1676]: Cloud-init v. 18.5-45-g3554ffe8-0ubuntu1~16.04.1 running 'modules:final' at Thu, 22 Aug 2019 17:18:36 +0000. Up 22.89 seconds.
[   23.071951] cloud-init[1676]: ci-info: no authorized ssh keys fingerprints found for user ubuntu.
[   23.072118] cloud-init[1676]: Cloud-init v. 18.5-45-g3554ffe8-0ubuntu1~16.04.1 finished at Thu, 22 Aug 2019 17:18:36 +0000. Datasource DataSourceNoCloud [seed=/dev/sdb][dsmode=net].  Up 23.05 seconds

Ubuntu 16.04.6 LTS ubuntu-xenial ttyS0

ubuntu-xenial login: 