[    0.000000] Initializing cgroup subsys cpuset
[    0.000000] Initializing cgroup subsys cpu
[    0.000000] Initializing cgroup subsys cpuacct
[    0.000000] Linux version 4.4.0-146-generic (buildd@lcy01-amd64-025) (gcc version 5.4.0 20160609 (Ubuntu 5.4.0-6ubuntu1~16.04.10) ) #172-Ubuntu SMP Wed Apr 3 09:00:08 UTC 2019 (Ubuntu 4.4.0-146.172-generic 4.4.177)
[    0.000000] Command line: BOOT_IMAGE=/boot/vmlinuz-4.4.0-146-generic root=LABEL=cloudimg-rootfs ro console=tty1 console=ttyS0
[    0.000000] KERNEL supported cpus:
[    0.000000]   Intel GenuineIntel
[    0.000000]   AMD AuthenticAMD
[    0.000000]   Centaur CentaurHauls
[    0.000000] x86/fpu: xstate_offset[2]:  576, xstate_sizes[2]:  256
[    0.000000] x86/fpu: Supporting XSAVE feature 0x01: 'x87 floating point registers'
[    0.000000] x86/fpu: Supporting XSAVE feature 0x02: 'SSE registers'
[    0.000000] x86/fpu: Supporting XSAVE feature 0x04: 'AVX registers'
[    0.000000] x86/fpu: Enabled xstate features 0x7, context size is 832 bytes, using 'standard' format.
[    0.000000] e820: BIOS-provided physical RAM map:
[    0.000000] BIOS-e820: [mem 0x0000000000000000-0x000000000009fbff] usable
[    0.000000] BIOS-e820: [mem 0x000000000009fc00-0x000000000009ffff] reserved
[    0.000000] BIOS-e820: [mem 0x00000000000f0000-0x00000000000fffff] reserved
[    0.000000] BIOS-e820: [mem 0x0000000000100000-0x000000002cfeffff] usable
[    0.000000] BIOS-e820: [mem 0x000000002cff0000-0x000000002cffffff] ACPI data
[    0.000000] BIOS-e820: [mem 0x00000000fec00000-0x00000000fec00fff] reserved
[    0.000000] BIOS-e820: [mem 0x00000000fee00000-0x00000000fee00fff] reserved
[    0.000000] BIOS-e820: [mem 0x00000000fffc0000-0x00000000ffffffff] reserved
[    0.000000] NX (Execute Disable) protection: active
[    0.000000] SMBIOS 2.5 present.
[    0.000000] Hypervisor detected: KVM
[    0.000000] e820: last_pfn = 0x2cff0 max_arch_pfn = 0x400000000
[    0.000000] MTRR: Disabled
[    0.000000] x86/PAT: MTRRs disabled, skipping PAT initialization too.
[    0.000000] CPU MTRRs all blank - virtualized system.
[    0.000000] x86/PAT: Configuration [0-7]: WB  WT  UC- UC  WB  WT  UC- UC  
[    0.000000] found SMP MP-table at [mem 0x0009fff0-0x0009ffff] mapped at [ffff88000009fff0]
[    0.000000] Scanning 1 areas for low memory corruption
[    0.000000] RAMDISK: [mem 0x2b8d8000-0x2c751fff]
[    0.000000] ACPI: Early table checksum verification disabled
[    0.000000] ACPI: RSDP 0x00000000000E0000 000024 (v02 VBOX  )
[    0.000000] ACPI: XSDT 0x000000002CFF0030 00003C (v01 VBOX   VBOXXSDT 00000001 ASL  00000061)
[    0.000000] ACPI: FACP 0x000000002CFF00F0 0000F4 (v04 VBOX   VBOXFACP 00000001 ASL  00000061)
[    0.000000] ACPI: DSDT 0x000000002CFF0470 0021FF (v02 VBOX   VBOXBIOS 00000002 INTL 20100528)
[    0.000000] ACPI: FACS 0x000000002CFF0200 000040
[    0.000000] ACPI: FACS 0x000000002CFF0200 000040
[    0.000000] ACPI: APIC 0x000000002CFF0240 000054 (v02 VBOX   VBOXAPIC 00000001 ASL  00000061)
[    0.000000] ACPI: SSDT 0x000000002CFF02A0 0001CC (v01 VBOX   VBOXCPUT 00000002 INTL 20100528)
[    0.000000] No NUMA configuration found
[    0.000000] Faking a node at [mem 0x0000000000000000-0x000000002cfeffff]
[    0.000000] NODE_DATA(0) allocated [mem 0x2cfeb000-0x2cfeffff]
[    0.000000] kvm-clock: Using msrs 4b564d01 and 4b564d00
[    0.000000] kvm-clock: cpu 0, msr 0:2cfe3001, primary cpu clock
[    0.000000] kvm-clock: using sched offset of 5305881043 cycles
[    0.000000] clocksource: kvm-clock: mask: 0xffffffffffffffff max_cycles: 0x1cd42e4dffb, max_idle_ns: 881590591483 ns
[    0.000000] Zone ranges:
[    0.000000]   DMA      [mem 0x0000000000001000-0x0000000000ffffff]
[    0.000000]   DMA32    [mem 0x0000000001000000-0x000000002cfeffff]
[    0.000000]   Normal   empty
[    0.000000]   Device   empty
[    0.000000] Movable zone start for each node
[    0.000000] Early memory node ranges
[    0.000000]   node   0: [mem 0x0000000000001000-0x000000000009efff]
[    0.000000]   node   0: [mem 0x0000000000100000-0x000000002cfeffff]
[    0.000000] Initmem setup node 0 [mem 0x0000000000001000-0x000000002cfeffff]
[    0.000000] ACPI: PM-Timer IO Port: 0x4008
[    0.000000] IOAPIC[0]: apic_id 1, version 32, address 0xfec00000, GSI 0-23
[    0.000000] ACPI: INT_SRC_OVR (bus 0 bus_irq 0 global_irq 2 dfl dfl)
[    0.000000] ACPI: INT_SRC_OVR (bus 0 bus_irq 9 global_irq 9 low level)
[    0.000000] Using ACPI (MADT) for SMP configuration information
[    0.000000] smpboot: Allowing 1 CPUs, 0 hotplug CPUs
[    0.000000] PM: Registered nosave memory: [mem 0x00000000-0x00000fff]
[    0.000000] PM: Registered nosave memory: [mem 0x0009f000-0x0009ffff]
[    0.000000] PM: Registered nosave memory: [mem 0x000a0000-0x000effff]
[    0.000000] PM: Registered nosave memory: [mem 0x000f0000-0x000fffff]
[    0.000000] e820: [mem 0x2d000000-0xfebfffff] available for PCI devices
[    0.000000] Booting paravirtualized kernel on KVM
[    0.000000] clocksource: refined-jiffies: mask: 0xffffffff max_cycles: 0xffffffff, max_idle_ns: 7645519600211568 ns
[    0.000000] setup_percpu: NR_CPUS:512 nr_cpumask_bits:512 nr_cpu_ids:1 nr_node_ids:1
[    0.000000] PERCPU: Embedded 34 pages/cpu @ffff88002cc00000 s99480 r8192 d31592 u2097152
[    0.000000] Built 1 zonelists in Node order, mobility grouping on.  Total pages: 181304
[    0.000000] Policy zone: DMA32
[    0.000000] Kernel command line: BOOT_IMAGE=/boot/vmlinuz-4.4.0-146-generic root=LABEL=cloudimg-rootfs ro console=tty1 console=ttyS0
[    0.000000] PID hash table entries: 4096 (order: 3, 32768 bytes)
[    0.000000] Memory: 690672K/736824K available (8609K kernel code, 1334K rwdata, 4028K rodata, 1484K init, 1284K bss, 46152K reserved, 0K cma-reserved)
[    0.000000] SLUB: HWalign=64, Order=0-3, MinObjects=0, CPUs=1, Nodes=1
[    0.000000] Kernel/User page tables isolation: enabled
[    0.000000] Hierarchical RCU implementation.
[    0.000000] 	Build-time adjustment of leaf fanout to 64.
[    0.000000] 	RCU restricting CPUs from NR_CPUS=512 to nr_cpu_ids=1.
[    0.000000] RCU: Adjusting geometry for rcu_fanout_leaf=64, nr_cpu_ids=1
[    0.000000] NR_IRQS:33024 nr_irqs:256 16
[    0.000000] Console: colour VGA+ 80x25
[    0.000000] console [tty1] enabled
[    0.000000] console [ttyS0] enabled
[    0.000000] tsc: Detected 2700.000 MHz processor
[    1.812909] Calibrating delay loop (skipped) preset value.. 5400.00 BogoMIPS (lpj=10800000)
[    1.830846] pid_max: default: 32768 minimum: 301
[    1.847370] ACPI: Core revision 20150930
[    1.915591] ACPI: 2 ACPI AML tables successfully acquired and loaded
[    1.947929] Security Framework initialized
[    2.024402] Yama: becoming mindful.
[    2.025823] AppArmor: AppArmor initialized
[    2.042905] Dentry cache hash table entries: 131072 (order: 8, 1048576 bytes)
[    2.049410] Inode-cache hash table entries: 65536 (order: 7, 524288 bytes)
[    2.051549] Mount-cache hash table entries: 2048 (order: 2, 16384 bytes)
[    2.053670] Mountpoint-cache hash table entries: 2048 (order: 2, 16384 bytes)
[    2.156217] Initializing cgroup subsys io
[    2.157610] Initializing cgroup subsys memory
[    2.223694] Initializing cgroup subsys devices
[    2.236808] Initializing cgroup subsys freezer
[    2.247891] Initializing cgroup subsys net_cls
[    2.322875] Initializing cgroup subsys perf_event
[    2.331259] Initializing cgroup subsys net_prio
[    2.347734] Initializing cgroup subsys hugetlb
[    2.349633] Initializing cgroup subsys pids
[    2.352427] mce: CPU supports 0 MCE banks
[    2.356362] process: using mwait in idle threads
[    2.433344] Last level iTLB entries: 4KB 64, 2MB 8, 4MB 8
[    2.435340] Last level dTLB entries: 4KB 64, 2MB 0, 4MB 0, 1GB 4
[    2.456735] Spectre V2 : Mitigation: Full generic retpoline
[    2.458516] Spectre V2 : Spectre v2 / SpectreRSB mitigation: Filling RSB on context switch
[    2.551188] Speculative Store Bypass: Vulnerable
[    2.657041] Freeing SMP alternatives memory: 36K
[    2.686399] ftrace: allocating 32287 entries in 127 pages
[    2.873005] smpboot: APIC(0) Converting physical 0 to logical package 0
[    2.885630] smpboot: Max logical packages: 1
[    2.887417] x2apic enabled
[    2.948320] Switched APIC routing to physical x2apic.
[    2.965289] ..TIMER: vector=0x30 apic1=0 pin1=2 apic2=-1 pin2=-1
[    3.160965] APIC calibration not consistent with PM-Timer: 176ms instead of 100ms
[    3.166517] APIC delta adjusted to PM-Timer: 6234820 (11019197)
[    3.194867] smpboot: CPU0: Intel(R) Core(TM) i5-5257U CPU @ 2.70GHz (family: 0x6, model: 0x3d, stepping: 0x4)
[    3.266655] Performance Events: unsupported p6 CPU model 61 no PMU driver, software events only.
[    3.278746] KVM setup paravirtual spinlock
[    3.286499] x86: Booted up 1 node, 1 CPUs
[    3.365025] smpboot: Total of 1 processors activated (5400.00 BogoMIPS)
[    3.367365] devtmpfs: initialized
[    3.369741] evm: security.selinux
[    3.371290] evm: security.SMACK64
[    3.372757] evm: security.SMACK64EXEC
[    3.374343] evm: security.SMACK64TRANSMUTE
[    3.393955] evm: security.SMACK64MMAP
[    3.400145] evm: security.ima
[    3.464684] evm: security.capability
[    3.467994] clocksource: jiffies: mask: 0xffffffff max_cycles: 0xffffffff, max_idle_ns: 7645041785100000 ns
[    3.472130] futex hash table entries: 256 (order: 2, 16384 bytes)
[    3.474762] pinctrl core: initialized pinctrl subsystem
[    3.485183] RTC time: 16:30:02, date: 08/23/19
[    3.496021] NET: Registered protocol family 16
[    3.564869] cpuidle: using governor ladder
[    3.581030] cpuidle: using governor menu
[    3.582528] PCCT header not found.
[    3.585637] ACPI: bus type PCI registered
[    3.599387] acpiphp: ACPI Hot Plug PCI Controller Driver version: 0.5
[    3.666257] PCI: Using configuration type 1 for base access
[    3.688858] ACPI: Added _OSI(Module Device)
[    3.714681] ACPI: Added _OSI(Processor Device)
[    3.780716] ACPI: Added _OSI(3.0 _SCP Extensions)
[    3.783062] ACPI: Added _OSI(Processor Aggregator Device)
[    3.787435] ACPI: Executed 1 blocks of module-level executable AML code
[    3.798005] ACPI: Interpreter enabled
[    3.807445] ACPI: (supports S0 S5)
[    3.815253] ACPI: Using IOAPIC for interrupt routing
[    3.875406] PCI: Using host bridge windows from ACPI; if necessary, use "pci=nocrs" and report a bug
[    3.888538] ACPI: PCI Root Bridge [PCI0] (domain 0000 [bus 00-ff])
[    3.892135] acpi PNP0A03:00: _OSC: OS supports [ASPM ClockPM Segments MSI]
[    3.896201] acpi PNP0A03:00: _OSC: not requesting OS control; OS requires [ExtendedConfig ASPM ClockPM MSI]
[    3.902292] acpi PNP0A03:00: fail to add MMCONFIG information, can't access extended PCI configuration space under this bridge.
[    3.910481] PCI host bridge to bus 0000:00
[    3.913118] pci_bus 0000:00: root bus resource [io  0x0000-0x0cf7 window]
[    3.918452] pci_bus 0000:00: root bus resource [io  0x0d00-0xffff window]
[    3.922147] pci_bus 0000:00: root bus resource [mem 0x000a0000-0x000bffff window]
[    3.977662] pci_bus 0000:00: root bus resource [mem 0x2d000000-0xfdffffff window]
[    3.980283] pci_bus 0000:00: root bus resource [bus 00-ff]
[    3.999413] pci 0000:00:01.1: legacy IDE quirk: reg 0x10: [io  0x01f0-0x01f7]
[    4.003545] pci 0000:00:01.1: legacy IDE quirk: reg 0x14: [io  0x03f6]
[    4.013921] pci 0000:00:01.1: legacy IDE quirk: reg 0x18: [io  0x0170-0x0177]
[    4.025270] pci 0000:00:01.1: legacy IDE quirk: reg 0x1c: [io  0x0376]
[    4.101405] pci 0000:00:07.0: quirk: [io  0x4000-0x403f] claimed by PIIX4 ACPI
[    4.122481] pci 0000:00:07.0: quirk: [io  0x4100-0x410f] claimed by PIIX4 SMB
[    4.219696] ACPI: PCI Interrupt Link [LNKA] (IRQs 5 9 10 *11)
[    4.303473] ACPI: PCI Interrupt Link [LNKB] (IRQs 5 9 *10 11)
[    4.317445] ACPI: PCI Interrupt Link [LNKC] (IRQs 5 *9 10 11)
[    4.387583] ACPI: PCI Interrupt Link [LNKD] (IRQs 5 9 10 *11)
[    4.404511] ACPI: Enabled 2 GPEs in block 00 to 07
[    4.406553] vgaarb: setting as boot device: PCI:0000:00:02.0
[    4.437406] vgaarb: device added: PCI:0000:00:02.0,decodes=io+mem,owns=io+mem,locks=none
[    4.495230] vgaarb: loaded
[    4.498811] vgaarb: bridge control possible 0000:00:02.0
[    4.506758] SCSI subsystem initialized
[    4.515969] ACPI: bus type USB registered
[    4.518024] usbcore: registered new interface driver usbfs
[    4.531892] usbcore: registered new interface driver hub
[    4.599376] usbcore: registered new device driver usb
[    4.625298] PCI: Using ACPI for IRQ routing
[    4.627401] NetLabel: Initializing
[    4.628687] NetLabel:  domain hash size = 128
[    4.635522] NetLabel:  protocols = UNLABELED CIPSOv4
[    4.637603] NetLabel:  unlabeled traffic allowed by default
[    4.704945] amd_nb: Cannot enumerate AMD northbridges
[    4.730589] clocksource: Switched to clocksource kvm-clock
[    4.813737] AppArmor: AppArmor Filesystem Enabled
[    4.820616] pnp: PnP ACPI init
[    4.826920] pnp: PnP ACPI: found 3 devices
[    4.835382] clocksource: acpi_pm: mask: 0xffffff max_cycles: 0xffffff, max_idle_ns: 2085701024 ns
[    4.845927] NET: Registered protocol family 2
[    4.903083] TCP established hash table entries: 8192 (order: 4, 65536 bytes)
[    4.932682] TCP bind hash table entries: 8192 (order: 5, 131072 bytes)
[    4.939742] TCP: Hash tables configured (established 8192 bind 8192)
[    4.942339] UDP hash table entries: 512 (order: 2, 16384 bytes)
[    4.944790] UDP-Lite hash table entries: 512 (order: 2, 16384 bytes)
[    5.008950] NET: Registered protocol family 1
[    5.015184] pci 0000:00:00.0: Limiting direct PCI/PCI transfers
[    5.022069] pci 0000:00:01.0: Activating ISA DMA hang workarounds
[    5.025924] Unpacking initramfs...
[    5.527864] Freeing initrd memory: 14824K
[    5.539747] RAPL PMU detected, API unit is 2^-32 Joules, 4 fixed counters 10737418240 ms ovfl timer
[    5.567040] hw unit of domain pp0-core 2^-0 Joules
[    5.568676] hw unit of domain package 2^-0 Joules
[    5.570464] hw unit of domain dram 2^-0 Joules
[    5.572022] hw unit of domain pp1-gpu 2^-0 Joules
[    5.629547] platform rtc_cmos: registered platform RTC device (no PNP device found)
[    5.645747] Scanning for low memory corruption every 60 seconds
[    5.647956] audit: initializing netlink subsys (disabled)
[    5.654802] audit: type=2000 audit(1566577808.012:1): initialized
[    5.657041] Initialise system trusted keyring
[    5.665462] HugeTLB registered 2 MB page size, pre-allocated 0 pages
[    5.733505] zbud: loaded
[    5.739512] VFS: Disk quotas dquot_6.6.0
[    5.749209] VFS: Dquot-cache hash table entries: 512 (order 0, 4096 bytes)
[    5.753851] squashfs: version 4.0 (2009/01/31) Phillip Lougher
[    5.835833] fuse init (API version 7.23)
[    5.841481] Key type big_key registered
[    5.842835] Allocating IMA MOK and blacklist keyrings.
[    5.844756] Key type asymmetric registered
[    5.848938] Asymmetric key parser 'x509' registered
[    5.856223] Block layer SCSI generic (bsg) driver version 0.4 loaded (major 249)
[    5.875012] io scheduler noop registered
[    5.883479] io scheduler deadline registered (default)
[    5.942483] io scheduler cfq registered
[    5.955537] pci_hotplug: PCI Hot Plug PCI Core version: 0.5
[    5.961524] pciehp: PCI Express Hot Plug Controller Driver version: 0.4
[    5.964013] ACPI: AC Adapter [AC] (off-line)
[    5.968733] input: Power Button as /devices/LNXSYSTM:00/LNXPWRBN:00/input/input0
[    5.977540] ACPI: Power Button [PWRF]
[    5.980929] input: Sleep Button as /devices/LNXSYSTM:00/LNXSLPBN:00/input/input1
[    6.043909] ACPI: Sleep Button [SLPF]
[    6.048227] ACPI: Battery Slot [BAT0] (battery present)
[    6.064224] GHES: HEST is not enabled!
[    6.073755] Serial: 8250/16550 driver, 32 ports, IRQ sharing enabled
[    6.153284] 00:02: ttyS0 at I/O 0x3f8 (irq = 4, base_baud = 115200) is a 16550A
[    6.160208] Linux agpgart interface v0.103
[    6.164628] loop: module loaded
[    6.167822] scsi host0: ata_piix
[    6.170314] scsi host1: ata_piix
[    6.172384] ata1: PATA max UDMA/33 cmd 0x1f0 ctl 0x3f6 bmdma 0xd000 irq 14
[    6.177434] ata2: PATA max UDMA/33 cmd 0x170 ctl 0x376 bmdma 0xd008 irq 15
[    6.183193] libphy: Fixed MDIO Bus: probed
[    6.186067] tun: Universal TUN/TAP device driver, 1.6
[    6.189223] tun: (C) 1999-2004 Max Krasnyansky <maxk@qualcomm.com>
[    6.194372] PPP generic driver version 2.4.2
[    6.251637] ehci_hcd: USB 2.0 'Enhanced' Host Controller (EHCI) Driver
[    6.259195] ehci-pci: EHCI PCI platform driver
[    6.265253] ehci-platform: EHCI generic platform driver
[    6.280300] ohci_hcd: USB 1.1 'Open' Host Controller (OHCI) Driver
[    6.282805] ohci-pci: OHCI PCI platform driver
[    6.285567] ohci-platform: OHCI generic platform driver
[    6.295989] uhci_hcd: USB Universal Host Controller Interface driver
[    6.361612] i8042: PNP: PS/2 Controller [PNP0303:PS2K,PNP0f03:PS2M] at 0x60,0x64 irq 1,12
[    6.375434] serio: i8042 KBD port at 0x60,0x64 irq 1
[    6.381421] serio: i8042 AUX port at 0x60,0x64 irq 12
[    6.383811] mousedev: PS/2 mouse device common for all mice
[    6.388608] input: AT Translated Set 2 keyboard as /devices/platform/i8042/serio0/input/input2
[    6.397762] rtc_cmos rtc_cmos: rtc core: registered rtc_cmos as rtc0
[    6.460882] rtc_cmos rtc_cmos: alarms up to one day, 114 bytes nvram
[    6.462892] i2c /dev entries driver
[    6.470930] device-mapper: uevent: version 1.0.3
[    6.472535] device-mapper: ioctl: 4.34.0-ioctl (2015-10-28) initialised: dm-devel@redhat.com
[    6.486065] ledtrig-cpu: registered to indicate activity on CPUs
[    6.565735] NET: Registered protocol family 10
[    6.583262] NET: Registered protocol family 17
[    6.585252] Key type dns_resolver registered
[    6.662055] tsc: Refined TSC clocksource calibration: 2699.963 MHz
[    6.675440] clocksource: tsc: mask: 0xffffffffffffffff max_cycles: 0x26eb1b7a233, max_idle_ns: 440795286857 ns
[    6.680941] registered taskstats version 1
[    6.686081] Loading compiled-in X.509 certificates
[    6.764061] Loaded X.509 cert 'Build time autogenerated kernel key: 4dcb2dc2c7cf43e0c20c44384f68683c20294489'
[    6.785812] zswap: loaded using pool lzo/zbud
[    6.805226] Key type trusted registered
[    6.811515] Key type encrypted registered
[    6.883366] AppArmor: AppArmor sha1 policy hashing enabled
[    6.896345] ima: No TPM chip found, activating TPM-bypass!
[    6.898128] ima: Allocated hash algorithm: sha1
[    6.909981] evm: HMAC attrs: 0x1
[    6.912158]   Magic number: 15:914:540
[    6.982997]  node: hash matches
[    7.011944] rtc_cmos rtc_cmos: setting system clock to 2019-08-23 16:30:06 UTC (1566577806)
[    7.085858] BIOS EDD facility v0.16 2004-Jun-25, 0 devices found
[    7.106689] EDD information not available.
[    7.114766] Freeing unused kernel memory: 1484K
[    7.191390] Write protecting the kernel read-only data: 14336k
[    7.213115] Freeing unused kernel memory: 1620K
[    7.229840] Freeing unused kernel memory: 68K
Loading, please wait...
starting version 229
[    7.294574] random: udevadm: uninitialized urandom read (16 bytes read, 5 bits of entropy available)
[    7.301639] random: systemd-udevd: uninitialized urandom read (16 bytes read, 5 bits of entropy available)
[    7.313580] random: udevadm: uninitialized urandom read (16 bytes read, 5 bits of entropy available)
[    7.319789] random: systemd-udevd: uninitialized urandom read (16 bytes read, 5 bits of entropy available)
[    7.387268] random: udevadm: uninitialized urandom read (16 bytes read, 5 bits of entropy available)
[    7.399235] random: udevadm: uninitialized urandom read (16 bytes read, 5 bits of entropy available)
[    7.402407] random: udevadm: uninitialized urandom read (16 bytes read, 5 bits of entropy available)
[    7.426600] random: udevadm: uninitialized urandom read (16 bytes read, 5 bits of entropy available)
[    7.485021] random: systemd-udevd: uninitialized urandom read (16 bytes read, 5 bits of entropy available)
[    7.489375] random: systemd-udevd: uninitialized urandom read (16 bytes read, 5 bits of entropy available)
[    7.619756] e1000: Intel(R) PRO/1000 Network Driver - version 7.3.21-k8-NAPI
[    7.714726] e1000: Copyright (c) 1999-2006 Intel Corporation.
[    7.727699] Fusion MPT base driver 3.04.20
[    7.797650] Copyright (c) 1999-2008 LSI Corporation
[    7.829992] AVX2 version of gcm_enc/dec engaged.
[    7.836537] AES CTR mode by8 optimization enabled
[    7.927497] Fusion MPT SPI Host driver 3.04.20
[    7.929800] mptbase: ioc0: Initiating bringup
[    7.999120] ioc0: LSI53C1030 A0: Capabilities={Initiator}
[    8.013706] input: ImExPS/2 Generic Explorer Mouse as /devices/platform/i8042/serio1/input/input4
[    8.185604] scsi host2: ioc0: LSI53C1030 A0, FwRev=00000000h, Ports=1, MaxQ=256, IRQ=20
[    8.302249] scsi 2:0:0:0: Direct-Access     VBOX     HARDDISK         1.0  PQ: 0 ANSI: 5
[    8.321140] scsi target2:0:0: Beginning Domain Validation
[    8.526071] scsi target2:0:0: Domain Validation skipping write tests
[    8.555651] scsi target2:0:0: Ending Domain Validation
[    8.625769] scsi target2:0:0: asynchronous
[    8.654268] scsi 2:0:1:0: Direct-Access     VBOX     HARDDISK         1.0  PQ: 0 ANSI: 5
[    8.723545] scsi target2:0:1: Beginning Domain Validation
[    8.843063] scsi target2:0:1: Domain Validation skipping write tests
[    8.863256] scsi target2:0:1: Ending Domain Validation
[    9.036716] scsi target2:0:1: asynchronous
[    9.342877] sd 2:0:0:0: Attached scsi generic sg0 type 0
[    9.352415] sd 2:0:0:0: [sda] 20971520 512-byte logical blocks: (10.7 GB/10.0 GiB)
[    9.443766] sd 2:0:1:0: Attached scsi generic sg1 type 0
[    9.454238] sd 2:0:1:0: [sdb] 20480 512-byte logical blocks: (10.5 MB/10.0 MiB)
[    9.471917] sd 2:0:1:0: [sdb] Write Protect is off
[    9.551482] sd 2:0:1:0: [sdb] Incomplete mode parameter data
[    9.555212] sd 2:0:1:0: [sdb] Assuming drive cache: write through
[    9.566083] sd 2:0:0:0: [sda] Write Protect is off
[    9.577523] sd 2:0:0:0: [sda] Incomplete mode parameter data
[    9.581247] sd 2:0:0:0: [sda] Assuming drive cache: write through
[    9.650838] sd 2:0:1:0: [sdb] Attached SCSI disk
[    9.691483]  sda: sda1
[    9.696039] sd 2:0:0:0: [sda] Attached SCSI disk
[    9.776960] e1000 0000:00:03.0 eth0: (PCI:33MHz:32-bit) 02:26:7f:6e:ca:81
[    9.789638] e1000 0000:00:03.0 eth0: Intel(R) PRO/1000 Network Connection
[    9.864524] e1000 0000:00:03.0 enp0s3: renamed from eth0
Begin: Loading e[   11.432947] md: linear personality registered for level -1
ssential drivers ... [   11.506371] md: multipath personality registered for level -4
[   11.515740] md: raid0 personality registered for level 0
[   11.527794] md: raid1 personality registered for level 1
[   11.609354] raid6: sse2x1   gen()  3441 MB/s
[   11.711973] raid6: sse2x1   xor()  5191 MB/s
[   11.817155] raid6: sse2x2   gen()  4226 MB/s
[   11.917334] raid6: sse2x2   xor()  2801 MB/s
[   12.020661] raid6: sse2x4   gen()  8409 MB/s
[   12.124524] raid6: sse2x4   xor()  6564 MB/s
[   12.225756] raid6: avx2x1   gen() 10410 MB/s
[   12.330922] raid6: avx2x2   gen()  9689 MB/s
[   12.435796] raid6: avx2x4   gen() 16973 MB/s
[   12.445301] raid6: using algorithm avx2x4 gen() 16973 MB/s
[   12.465214] raid6: using avx2x2 recovery algorithm
[   12.486896] xor: automatically using best checksumming function:
[   12.642724]    avx       : 44461.000 MB/sec
[   12.649847] async_tx: api initialized (async)
[   12.683608] md: raid6 personality registered for level 6
[   12.749470] md: raid5 personality registered for level 5
[   12.770963] md: raid4 personality registered for level 4
[   12.786935] md: raid10 personality registered for level 10
done.
Begin: Running /scripts/init-premount ... done.
Begin: Mounting root file system ... Begin: Runn[   12.882242] Btrfs loaded
ing /scripts/local-top ... done.
Begin: Running /scripts/local-premount ... Scanning for Btrfs filesystems
done.
Warning: fsck not present, so skipping root file system
[   12.999848] EXT4-fs (sda1): mounted filesystem with ordered data mode. Opts: (null)
done.
Begin: Running /scripts/local-bottom ... done.
Begin: Running /scripts/init-bottom ... done.
[   13.166917] systemd[1]: systemd 229 running in system mode. (+PAM +AUDIT +SELINUX +IMA +APPARMOR +SMACK +SYSVINIT +UTMP +LIBCRYPTSETUP +GCRYPT +GNUTLS +ACL +XZ -LZ4 +SECCOMP +BLKID +ELFUTILS +KMOD -IDN)
[   13.200782] systemd[1]: Detected virtualization oracle.
[   13.202500] systemd[1]: Detected architecture x86-64.

Welcome to [1mUbuntu 16.04.6 LTS[0m!

[   13.271476] systemd[1]: Set hostname to <ubuntu>.
[   13.293256] systemd[1]: Initializing machine ID from random generator.
[   13.306668] systemd[1]: Installed transient /etc/machine-id file.
[   13.499637] random: nonblocking pool is initialized
[   13.587403] systemd[1]: Listening on Device-mapper event daemon FIFOs.
[[0;32m  OK  [0m] Listening on Device-mapper event daemon FIFOs.
[   13.592717] systemd[1]: Listening on Journal Socket.
[[0;32m  OK  [0m] Listening on Journal Socket.
[   13.597337] systemd[1]: Created slice User and Session Slice.
[[0;32m  OK  [0m] Created slice User and Session Slice.
[   13.602120] systemd[1]: Listening on /dev/initctl Compatibility Named Pipe.
[[0;32m  OK  [0m] Listening on /dev/initctl Compatibility Named Pipe.
[   13.608983] systemd[1]: Set up automount Arbitrary Executable File Formats File System Automount Point.
[[0;32m  OK  [0m] Set up automount Arbitrary Executab...ats File System Automount Point.
[   13.616435] systemd[1]: Created slice System Slice.
[[0;32m  OK  [0m] Created slice System Slice.
[   13.643812] systemd[1]: Starting Nameserver information manager...
         Starting Nameserver information manager...
[   13.710284] systemd[1]: Starting Load Kernel Modules...
         Starting Load Ke[   13.727612] Loading iSCSI transport class v2.0-870.
rnel Modules...
[   13.782000] systemd[1]: Created slice system-serial\x2dgetty.slice.
[   13.787272] iscsi: registered transport (tcp)
[[0;32m  OK  [0m] Created slice system-serial\x2dgetty.slice.
[   13.893133] iscsi: registered transport (iser)
[   13.905743] systemd[1]: Starting Uncomplicated firewall...
         Starting Uncomplicated firewall...
[   13.929115] systemd[1]: Listening on LVM2 metadata daemon socket.
[[0;32m  OK  [0m] Listening on LVM2 metadata daemon socket.
[   13.995305] systemd[1]: Listening on Journal Audit Socket.
[[0;32m  OK  [0m] Listening on Journal Audit Socket.
[   14.024085] systemd[1]: Listening on Journal Socket (/dev/log).
[[0;32m  OK  [0m] Listening on Journal Socket (/dev/log).
[   14.058246] systemd[1]: Mounting POSIX Message Queue File System...
         Mounting POSIX Message Queue File System...
[   14.066716] systemd[1]: Starting Monitoring of LVM2 mirrors, snapshots etc. using dmeventd or progress polling...
         Starting Monitoring of LVM2 mirrors... dmeventd or progress polling...
[   14.106208] systemd[1]: Starting Remount Root and Kernel File Systems...
         Starting Remount Root and Kernel File Systems...
[   14.122985] EXT4-fs (sda1): re-mounted. Opts: (null)
[   14.129357] systemd[1]: Listening on Syslog Socket.
[[0;32m  OK  [0m] Listening on Syslog Socket.
[   14.199547] systemd[1]: Reached target Slices.
[[0;32m  OK  [0m] Reached target Slices.
[   14.228422] systemd[1]: Starting Journal Service...
         Starting Journal Service...
[   14.263507] systemd[1]: Reached target User and Group Name Lookups.
[[0;32m  OK  [0m] Reached target User and Group Name Lookups.
[   14.308560] systemd[1]: Started Trigger resolvconf update for networkd DNS.
[[0;32m  OK  [0m] Started Trigger resolvconf update for networkd DNS.
[   14.341052] systemd[1]: Listening on udev Control Socket.
[[0;32m  OK  [0m] Listening on udev Control Socket.
[   14.407312] systemd[1]: Reached target System Time Synchronized.
[[0;32m  OK  [0m] Reached target System Time Synchronized.
[   14.458257] systemd[1]: Listening on LVM2 poll daemon socket.
[[0;32m  OK  [0m] Listening on LVM2 poll daemon socket.
[   14.465856] systemd[1]: Started Forward Password Requests to Wall Directory Watch.
[[0;32m  OK  [0m] Started Forward Password Requests to Wall Directory Watch.
[   14.475754] systemd[1]: Listening on udev Kernel Socket.
[[0;32m  OK  [0m] Listening on udev Kernel Socket.
[   14.482513] systemd[1]: Starting Create list of required static device nodes for the current kernel...
         Starting Create list of required st... nodes for the current kernel...
[   14.509193] systemd[1]: Reached target Swap.
[[0;32m  OK  [0m] Reached target Swap.
[   14.536521] systemd[1]: Mounting Debug File System...
         Mounting Debug File System...
[   14.560653] systemd[1]: Starting Set console keymap...
         Starting Set console keymap...
[   14.585779] systemd[1]: Reached target Encrypted Volumes.
[[0;32m  OK  [0m] Reached target Encrypted Volumes.
[   14.644268] systemd[1]: Mounting Huge Pages File System...
         Mounting Huge Pages File System...
[   14.652518] systemd[1]: Mounted Debug File System.
[[0;32m  OK  [0m] Mounted Debug File System.
[   14.717091] systemd[1]: Mounted Huge Pages File System.
[[0;32m  OK  [0m] Mounted Huge Pages File System.
[   14.741405] systemd[1]: Mounted POSIX Message Queue File System.
[[0;32m  OK  [0m] Mounted POSIX Message Queue File System.
[   14.780283] systemd[1]: Started Journal Service.
[[0;32m  OK  [0m] Started Journal Service.
[[0;32m  OK  [0m] Started Load Kernel Modules.
[[0;32m  OK  [0m] Started Uncomplicated firewall.
[[0;32m  OK  [0m] Started Remount Root and Kernel File Systems.
[[0;32m  OK  [0m] Started Create list of required sta...ce nodes for the current kernel.
[[0;32m  OK  [0m] Started Set console keymap.
[[0;32m  OK  [0m] Started Nameserver information manager.
[[0;32m  OK  [0m] Started LVM2 metadata daemon.
         Starting Create Static Device Nodes in /dev...
         Starting udev Coldplug all Devices...
         Starting Load/Save Random Seed...
         Starting Apply Kernel Variables...
         Mounting FUSE Control File System...
         Starting Flush Journal to Persistent Storage...
[[0;32m  OK  [0m] Mounted FUSE Control File System.
[[0;32m  OK  [0m] Started Create Static Device Nodes in /dev.
[[0;32m  OK  [0m] Started Monitoring of LVM2 mirrors,...ng dmeventd or progress polling.
[[0;32m  OK  [0m] Started Load/Save Random Seed.
[[0;32m  OK  [0m] Started Apply Kernel Variables.
[[0;32m  OK  [0m] Started udev Coldplug all Devices.
[[0;32m  OK  [0m] Started Flush Journal to Persistent Storage.
[[0;32m  OK  [0m] Reached target Local File Systems (Pre).
[[0;32m  OK  [0m] Reached target Local File Systems.
         Starting Set console font and keymap...
         Starting Tell Plymouth To Write Out Runtime Data...
         Starting LSB: AppArmor initialization...
         Starting Commit a transient machine-id on disk...
         Starting Initial cloud-init job (pre-networking)...
         Starting Create Volatile Files and Directories...
         Starting udev Kernel Device Manager...
[[0;32m  OK  [0m] Started Tell Plymouth To Write Out Runtime Data.
[[0;32m  OK  [0m] Started Commit a transient machine-id on disk.
[[0;32m  OK  [0m] Started Create Volatile Files and Directories.
[[0;32m  OK  [0m] Started udev Kernel Device Manager.
[[0;32m  OK  [0m] Started Dispatch Password Requests to Console Directory Watch.
         Starting Update UTMP about System Boot/Shutdown...
[[0;32m  OK  [0m] Started Update UTMP about System Boot/Shutdown.
[[0;32m  OK  [0m] Started Set console font and keymap.
[[0;32m  OK  [0m] Created slice system-getty.slice.
[[0;32m  OK  [0m] Found device /dev/ttyS0.
[[0;32m  OK  [0m] Listening on Load/Save RF Kill Switch Status /dev/rfkill Watch.
[   15.798133] cloud-init[509]: Cloud-init v. 18.5-45-g3554ffe8-0ubuntu1~16.04.1 running 'init-local' at Fri, 23 Aug 2019 16:30:17 +0000. Up 14.23 seconds.
[[0;32m  OK  [0m] Started Initial cloud-init job (pre-networking).
[[0;32m  OK  [0m] Started LSB: AppArmor initialization.
[[0;32m  OK  [0m] Reached target Network (Pre).
         Starting Raise network interfaces...
[[0;32m  OK  [0m] Started Raise network interfaces.
[[0;32m  OK  [0m] Reached target Network.
         Starting Initial cloud-init job (metadata service crawler)...
[   19.187519] cloud-init[945]: Cloud-init v. 18.5-45-g3554ffe8-0ubuntu1~16.04.1 running 'init' at Fri, 23 Aug 2019 16:30:21 +0000. Up 18.05 seconds.
[   19.267954] cloud-init[945]: ci-info: ++++++++++++++++++++++++++++++++++++++Net device info++++++++++++++++++++++++++++++++++++++
[   19.307287] [[0;32m  OK  [0m] Started Initial cloud-init job (metadata service crawler).
[[0;32m  OK  [0m] Reached target Network is Online.
         Starting iSCSI initiator daemon (iscsid)...
[[0;32m  OK  [0m] Reached target Cloud-config availability.
[[0;32m  OK  [0m] Reached target System Initialization.
         Starting Socket activation for snappy daemon.
cloud-init[945]: ci-info: +--------+------+----------------------------+---------------+--------+-------------------+
[[   19.404264] cloud-init[945]: ci-info: | Device |  Up  |          Address           |      Mask     | Scope  |     Hw-Address    |[0;32m  OK  [0m] Started ACPI Events Check.
[[0;32m  OK  [0m] Reached target Paths.
[[0;32m  OK  [0m] Started Daily Cleanup of Temporary Directories.
[[0;32m  OK  [0m] Listening on ACPID Listen Socket.
[[0;32m  OK  [0m] Listening on D-Bus System Message Bus Socket.
[[0;32m  OK  [0m] Listening on UUID daemon activation socket.

         Starting LXD - unix socket.
[[0;32m  OK  [0m] Started Daily apt download activities.
[[0;32m  OK  [0m] Started Daily apt upgrade and clean activities.
[[0;32m  OK  [0m] Reached target Timers.
[   19.444121] cloud-init[945]: ci-info: +--------+------+----------------------------+---------------+--------+-------------------+
[   19.489405] cloud-init[945]: ci-info: | enp0s3 | True |         10.0.2.15          | 255.255.255.0 | global | 02:26:7f:6e:ca:81 |
[[0;32m  OK  [0m[   19.520540] cloud-init[945]: ci-info: | enp0s3 | True | fe80::26:7fff:fe6e:ca81/64 |       .       |  link  | 02:26:7f:6e:ca:81 |
[   19.522834] cloud-init[945]: ci-info: |   lo   | True |         127.0.0.1          |   255.0.0.0   |  host  |         .         |
[   19.522885] cloud-init[945]: ci-info: |   lo   | True |          ::1/128           |       .       |  host  |         .         |
[   19.522922] cloud-init[945]: ci-info: +--------+------+----------------------------+---------------+--------+-------------------+
[   19.522956] cloud-init[945]: ci-info: +++++++++++++++++++++++++++Route IPv4 info++++++++++++++++++++++++++++
[   19.523000] cloud-init[945]: ci-info: +-------+-------------+----------+---------------+-----------+-------+
[   19.523034] cloud-init[945]: ci-info: | Route | Destination | Gateway  |    Genmask    | Interface | Flags |
[   19.523068] cloud-init[945]: ci-info: +-------+-------------+----------+---------------+-----------+-------+
[   19.523104] cloud-init[945]: ci-info: |   0   |   0.0.0.0   | 10.0.2.2 |    0.0.0.0    |   enp0s3  |   UG  |
[   19.523141] cloud-init[945]: ci-info: |   1   |   10.0.2.0  | 0.0.0.0  | 255.255.255.0 |   enp0s3  |   U   |
[   19.523179] cloud-init[945]: ci-info: +-------+-------------+----------+---------------+-----------+-------+
[   19.523212] cloud-init[945]: ci-info: +++++++++++++++++++Route IPv6 info+++++++++++++++++++
[   19.523246] cloud-init[945]: ci-info: +-------+-------------+---------+-----------+-------+
[   19.523281] cloud-init[945]: ci-info: | Route | Destination | Gateway | Interface | Flags |
[   19.523314] cloud-init[945]: ci-info: +-------+-------------+---------+-----------+-------+
[   19.523349] cloud-init[945]: ci-info: |   0   |  fe80::/64  |    ::   |   enp0s3  |   U   |
[   19.523383] cloud-init[945]: ci-info: |   3   |   ff00::/8  |    ::   |   enp0s3  |   U   |
[   19.523417] cloud-init[945]: ci-info: +-------+-------------+---------+-----------+-------+
[   19.523741] cloud-init[945]: Generating public/private rsa key pair.
[   19.523784] cloud-init[945]: Your identification has been saved in /etc/ssh/ssh_host_rsa_key.
[   19.523820] cloud-init[945]: Your public key has been saved in /etc/ssh/ssh_host_rsa_key.pub.
[   19.523854] cloud-init[945]: The key fingerprint is:
[   19.523889] cloud-init[945]: SHA256:gsjlA8HAvvy9bfmX/DqSaEp28KnHWml/MmQlBIg3SVE root@ubuntu-xenial
[   19.523927] cloud-init[945]: The key's randomart image is:
[   19.523961] cloud-init[945]: +---[RSA 2048]----+
] Listening on Socket activation for snappy daemon.
[   19.524132] cloud-init[[0;32m  OK  [0m] Listening on LXD - unix socket.
[[0;32m  OK  [0m[945]: |oo. oo=E.        |
[   19.732073] cloud-init[945]: | ..o =   .       |
[   19.732119] cloud-init[945]: |. . o . .        |
[   19.732155] cloud-init[945]: | o = .   . .     |
[   19.732188] cloud-init[945]: |. + +.. S o      |
[   19.732220] cloud-init[945]: | o   .o.oo       |
[   19.732252] cloud-init[945]: |  . .o.B= o .    |
[   19.732284] cloud-init[945]: |   .o.*B.= *     |
[   19.732316] cloud-init[945]: |     =B..o*.+.   |
[   19.732354] cloud-init[945]: +----[SHA256]-----+
[   19.732386] cloud-init[945]: Generating public/private dsa key pair.
[   19.732418] cloud-init[945]: Your identification has been saved in /etc/ssh/ssh_host_dsa_key.
[   19.732449] cloud-init[945]: Your public key has been saved in /etc/ssh/ssh_host_dsa_key.pub.
[   19.732538] cloud-init[945]: The key fingerprint is:
[   19.732573] cloud-init[945]: SHA256:VMbXLP05sAHx877DFk4RbSEYCHl9/UZqye5elXoAGac root@ubuntu-xenial
[   19.732604] cloud-init[945]: The key's randomart image is:
[   19.732635] cloud-init[945]: +---[DSA 1024]----+
[   19.732667] cloud-init[945]: |       .o.===*..o|
[   19.732702] cloud-init[945]: |       . =.oO+=o+|
[   19.732735] cloud-init[945]: |        o  E.=+*+|
[   19.732767] cloud-init[945]: |       .    ..B+=|
[   19.732798] cloud-init[945]: |        S    + ++|
[   19.732828] cloud-init[945]: |              =o.|
[   19.732858] cloud-init[945]: |             o+oo|
[   19.732891] cloud-init[945]: |              o*.|
[   19.732922] cloud-init[945]: |             .o..|
[   19.732954] cloud-init[945]: +----[SHA256]-----+
[   19.732985] cloud-init[945]: Generating public/private ecdsa key pair.
[   19.733018] cloud-init[945]: Your identification has been saved in /etc/ssh/ssh_host_ecdsa_key.
[   19.733049] cloud-init[945]: Your public key has been saved in /etc/ssh/ssh_host_ecdsa_key.pub.
[   19.733080] cloud-init[945]: The key fingerprint is:
[   19.733111] cloud-init[945]: SHA256:dHNvPKWjdUiNP9P/lwbtMLTfzvjns9dRT/CPSJNfVkA root@ubuntu-xenial
[   19.733142] cloud-init[945]: The key's randomart image is:
[   19.733173] cloud-init[945]: +---[ECDSA 256]---+
[   19.733238] cloud-init[945]: |             .E. |
[   19.733273] cloud-init[945]: |              .o.|
[   19.733309] cloud-init[945]: |        . o ..oo+|
[   19.733340] cloud-init[945]: |       . . o+= =B|
[   19.733372] cloud-init[945]: |        S  ..+%BB|
[   19.733403] cloud-init[945]: |            .Oo**|
[   19.733433] cloud-init[945]: |            . * *|
[   19.733464] cloud-init[945]: |               OB|
[   19.733494] cloud-init[945]: |              o=%|
[   19.733525] cloud-init[945]: +----[SHA256]-----+
[   19.733555] cloud-init[945]: Generating public/private ed25519 key pair.
[   19.733586] cloud-init[945]: Your identification has been saved in /etc/ssh/ssh_host_ed25519_key.
[   19.733618] cloud-init[945]: Your public key has been saved in /etc/ssh/ssh_host_ed25519_key.pub.
[   19.733653] cloud-init[945]: The key fingerprint is:
[   19.733684] cloud-init[945]: SHA256:dvdmMtID+gvOZX8Vc09jQcWmA0IHw4uIr3ljEMUdlD8 root@ubuntu-xenial
[   19.733716] cloud-init[945]: The key's randomart image is:
[   19.733747] cloud-init[945]: +--[ED25519 256]--+
[   19.733777] cloud-init[945]: |     . oo=+.. .oo|
[   19.733809] cloud-init[945]: |      o o oo.  .o|
[   19.733840] cloud-init[945]: |     o . o o . o.|
[   19.733871] cloud-init[945]: |    o . . E   o=o|
[   19.733902] cloud-init[945]: |     o  S o.. .o*|
[   19.733933] cloud-init[945]: |    . .. o + .  o|
[   19.733964] cloud-init[945]: |     +  o + = +. |
[   19.733994] cloud-init[945]: |    o +o = o *.  |
[   19.734304] cloud-init[945]: |     o .o o...   |
[   19.734340] cloud-init[945]: +----[SHA256]-----+
] Started iSCSI initiator daemon (iscsid).
         Starting Login to default iSCSI targets...
[[0;32m  OK  [0m] Reached target Sockets.
[[0;32m  OK  [0m] Reached target Basic System.
         Starting LSB: Record successful boot for GRUB...
         Starting Accounts Service...
[[0;32m  OK  [0m] Started Regular background program processing daemon.
         Starting Pollinate to seed the pseudo random number generator...
         Starting LXD - container startup/shutdown...
         Starting Virtualbox guest utils...
         Starting /etc/rc.local Compatibility...
         Starting Snappy daemon...
[[0;32m  OK  [0m] Started D-Bus System Message Bus.
[[0;32m  OK  [0m] Started Deferred execution scheduler.
[[0;32m  OK  [0m] Started FUSE filesystem for LXC.
         Starting System Logging Service...
[[0;32m  OK  [0m] Started ACPI event daemon.
         Starting LSB: MD monitoring daemon...
         Starting Login Service...
[[0;32m  OK  [0m] Started /etc/rc.local Compatibility.
[[0;32m  OK  [0m] Started Login to default iSCSI targets.
[[0;32m  OK  [0m] Reached target Remote File Systems (Pre).
[[0;32m  OK  [0m] Reached target Remote File Systems.
         Starting Permit User Sessions...
         Starting LSB: daemon to balance interrupts for SMP systems...
         Starting LSB: automatic crash report generation...
         Starting LSB: Set the CPU Frequency Scaling governor to "ondemand"...
[[0;32m  OK  [0m] Started LSB: Record successful boot for GRUB.
[[0;32m  OK  [0m] Started Permit User Sessions.
[[0;32m  OK  [0m] Started Login Service.
[[0;32m  OK  [0m] Started Unattended Upgrades Shutdown.
         Starting Authenticate and Authorize Users to Run Privileged Tasks...
         Starting Terminate Plymouth Boot Screen...
         Starting Hold until boot process finishes up...
[[0;32m  OK  [0m] Started Terminate Plymouth Boot Screen.
[[0;32m  OK  [0m] Started LSB: automatic crash report generation.
[[0;32m  OK  [0m] Started Authenticate and Authorize Users to Run Privileged Tasks.
[[0;32m  OK  [0m] Started Accounts Service.
[[0;32m  OK  [0m] Started Virtualbox guest utils.
[[0;32m  OK  [0m] Started System Logging Service.
[[0;32m  OK  [0m] Started Hold until boot process finishes up.
[[0;32m  OK  [0m] Started LSB: MD monitoring daemon.
[[0;32m  OK  [0m] Started LSB: daemon to balance interrupts for SMP systems.
[[0;32m  OK  [0m] Started LXD - container startup/shutdown.
[[0;32m  OK  [0m] Started Serial Getty on ttyS0.
[[0;32m  OK  [0m] Started Getty on tty1.
[[0;32m  OK  [0m] Reached target Login Prompts.
         Starting Set console scheme...
[[0;32m  OK  [0m] Started Set console scheme.
[[0;32m  OK  [0m] Started LSB: Set the CPU Frequency Scaling governor to "ondemand".
[[0;32m  OK  [0m] Started Snappy daemon.
         Starting Wait until snapd is fully seeded...
[[0;32m  OK  [0m] Started Pollinate to seed the pseudo random number generator.
         Starting OpenBSD Secure Shell server...
[[0;32m  OK  [0m] Started OpenBSD Secure Shell server.
[[0;32m  OK  [0m] Created slice User Slice of vagrant.
[[0;32m  OK  [0m] Started Session 1 of user vagrant.
         Starting User Manager for UID 1000...
[[0;32m  OK  [0m] Started User Manager for UID 1000.
[[0;32m  OK  [0m] Started Wait until snapd is fully seeded.
         Starting Apply the settings specified in cloud-config...
[[0;32m  OK  [0m] Reached target Multi-User System.
[[0;32m  OK  [0m] Reached target Graphical Interface.
         Starting Update UTMP about System Runlevel Changes...
[[0;32m  OK  [0m] Started Update UTMP about System Runlevel Changes.
[   26.285678] cloud-init[1366]: Generating locales (this might take a while)...

Ubuntu 16.04.6 LTS ubuntu-xenial ttyS0

ubuntu-xenial login: [   29.383036] cloud-init[1366]:   en_US.UTF-8... done
[   29.453829] cloud-init[1366]: Generation complete.
[   30.898906] cloud-init[1366]: Cloud-init v. 18.5-45-g3554ffe8-0ubuntu1~16.04.1 running 'modules:config' at Fri, 23 Aug 2019 16:30:29 +0000. Up 25.95 seconds.
ci-info: no authorized ssh keys fingerprints found for user ubuntu.
<14>Aug 23 16:30:35 ec2: 
<14>Aug 23 16:30:35 ec2: #############################################################
<14>Aug 23 16:30:35 ec2: -----BEGIN SSH HOST KEY FINGERPRINTS-----
<14>Aug 23 16:30:35 ec2: 1024 SHA256:VMbXLP05sAHx877DFk4RbSEYCHl9/UZqye5elXoAGac root@ubuntu-xenial (DSA)
<14>Aug 23 16:30:35 ec2: 256 SHA256:dHNvPKWjdUiNP9P/lwbtMLTfzvjns9dRT/CPSJNfVkA root@ubuntu-xenial (ECDSA)
<14>Aug 23 16:30:35 ec2: 256 SHA256:dvdmMtID+gvOZX8Vc09jQcWmA0IHw4uIr3ljEMUdlD8 root@ubuntu-xenial (ED25519)
<14>Aug 23 16:30:35 ec2: 2048 SHA256:gsjlA8HAvvy9bfmX/DqSaEp28KnHWml/MmQlBIg3SVE root@ubuntu-xenial (RSA)
<14>Aug 23 16:30:35 ec2: -----END SSH HOST KEY FINGERPRINTS-----
<14>Aug 23 16:30:35 ec2: #############################################################
-----BEGIN SSH HOST KEY KEYS-----
ecdsa-sha2-nistp256 AAAAE2VjZHNhLXNoYTItbmlzdHAyNTYAAAAIbmlzdHAyNTYAAABBBJKT9GirSxcw4B0n/k4LUGyOgYEPCcdtYOzYK9Ri+02wkcItcH1DrDV01ozpLLLPjdIwEq9q60ySP1LKwd8fryw= root@ubuntu-xenial
ssh-ed25519 AAAAC3NzaC1lZDI1NTE5AAAAIMOmZIGjAshK7nhsPQNCHCHH4XqRLhKJLwgoWt28TTUK root@ubuntu-xenial
ssh-rsa AAAAB3NzaC1yc2EAAAADAQABAAABAQCoU0kO/sDNe/lpd//GlygZXvhpeGa6DOqMsWwAHzuf5KEv9HAeKM/bvnhnGMyrw+6cpvA7QtvoOGOZxJiighWsMwIz/9jb0x23xzqsPs8fY9c0ECkfIsTVHPmucmn70IvI53NLXbvSbizLKpWkX3nX7xljODGkt4oIVeAdrbP5W5FW3mqmwEgwj4Je4wdpiV4BfSsPrA5gGXOFmnnnIgfOC1e+mf56nM1sFQNDePVkuIHJWNN7qzylKHj4Zi//Bgs0NDd04sf8ZA67OUNS6nup69Fqnla2CNQEuu4aJ3kyHn87savLwYuho30Bw1jEEbl8joP5uJiIhgOIT+F6DYsV root@ubuntu-xenial
-----END SSH HOST KEY KEYS-----
[   31.831065] cloud-init[1611]: Cloud-init v. 18.5-45-g3554ffe8-0ubuntu1~16.04.1 running 'modules:final' at Fri, 23 Aug 2019 16:30:35 +0000. Up 31.51 seconds.
[   31.831236] cloud-init[1611]: ci-info: no authorized ssh keys fingerprints found for user ubuntu.
[   31.831340] cloud-init[1611]: Cloud-init v. 18.5-45-g3554ffe8-0ubuntu1~16.04.1 finished at Fri, 23 Aug 2019 16:30:35 +0000. Datasource DataSourceNoCloud [seed=/dev/sdb][dsmode=net].  Up 31.82 seconds
