[   0.000000] Initializing cgrop ubsys cuset
[    0.000000] Initializing cgrop subsy cpu
[    0.000000] nitializingcgroupsusys cuacct
[   .00000] inux versin 4.4.0-14-gneric (uildd@cy1-amd6-05) (gcc verson5..0 2160609 (Ubuntu 5.4.0-6ubuntu1~16.04.10) ) #172-Ubuntu SMP Wed  Apr 3 09:00:08 UTC 2019 (Ubuntu 4.4.0-146.172-generic 4.4.177)
[    0.000000] Command line: BOOT_IMAGE=/boot/vmlinuz-4.4.0-146-generic root=LABEL=cloudimg-rootfs ro console=tty1 console=ttyS0
[   0.00000]KENEL supprtd pus:
[   0.000000]  IntelGenuineIntel
[    0.000000]   AMD AuthenticAMD
[    0.0000]   Centaur CeentaurHauls
[    0.000000] x86/fpu: xstate_offset[2]:  576, xstate_sizes[2]:  256
[    0.000000] x86/fpu: Supporting XSAVE feature 0x01: 87 floating point registers'
[    0.000000] x86/fpu: Suprting XSAVE feature 0x02 'SE register'
[    0.0000]x86/fpu: Supporting XSAVE feature 0x04: 'AVX registers'
[    0.000000] x86/fpu: Enabled xstate features 0x7, context size is 832 bytes, using 'standard' format.
[    0.00000] 82: IOS-provided physical RAMma:
[    0.000000]BIOS-e820: [mm x00000000000000-0x000000000fbf] usable
[   .00000]BIOS-e20: [mem 0x000000000009fc00-0x0000000009ffff] reserved
[   .00000] IOSS-e80:[mm 0x0000000000f0000-0x000000000fff] reserved
[    0.000000] IOS-e82: [mem 0x00000000000000-000000003ffeffff] usabl
[   0.00000] BIOS-e820: [mem 0x000003fff000-0x00000003ffffff API data
[   0.000000] BIO-e20: [me 00000000fe00000-0x0000000fec00fff] reserved
[    0.000000] BIOS-e820: [mem 0x00000000fee00000-0x00000000fee00fff] reserved
[    0.000000] BIOS-e820: [mem 0x00000000fffc0000-0x00000000ffffffff] reserved
[    0.000000] NX (Execute Disable) protection: active
[    0.000000] SMBIOS 2.5 present.
[    0.000000] Hypervisordetected: KVM
[    0.000000] e820: last_pfn = 0x3fff0 max_arch_pfn = 0x400000000
[    0.000000] MTRR: Disabled
[    0.000000] x86/PAT: MTRRs disabled, skipping PAT initialization too.
[    0.000000] CPU MTRRs all blank - virtualized system.
[    0.000000] x86/PAT: Configuration [0-7]: WB  WT  UC- UC  WB  WT  UC-UC  
[    0.000000] found SMP MP-table at [mem 0x0009fff0-0x0009ffff] mapped at [ffff88000009fff0]
[    0.000000] Scanning 1 areas for low memory corruption
[    0.000000] RAMDISK: [mem 0x362fc000-0x37175fff]
[    0.000000] ACPI: Early table checksum verification disabled
[    0.000000] ACPI: RSDP 0x00000000000E0000 000024 (v02 VBOX  )
[    0.000000] ACPI: XDT 0x00000000FFF0030 00003C (v01 VBOX   VBOXXSDT 00000001 ASL  00000061)
[    0.000000] ACPI: FACP 0x000000003FFF00F0 0000F4 (v04 VBOX   VBOXFACP 00000001 ASL  0000061)
[   0.000000]ACPI DSDT 0x0000003FFF0470 02FF(v02 VOX    VBOXIOS 000002 NTL 2010528)
[   0.00000] ACPI:FAS 0x000000003FFF0200 000040
[    0.000000] ACI:FACS 0x000000003FFF200 00040
[    0.00000] ACP: APIC0x000000003FF24 0005C (v02 VBOX   VBOXAPIC 00000001 ASL  00000061)
[    0.00000] ACI:SSDT 0x00000003FFF0A0001CC (v1 VBOX  VBOCPT 00000002 INTL 20100528)
[    0.000000] No NMAcofiurationfound
[   0.000000] Faking a node at [mem 0x000000000000000-0x000000003ffeffff]
[    0.000000] NODE_DATA(0) llocated mem 0x3ffeb000-0x3ffeffff]
[   .000000] km-lok: Using srs 4b564d01 and 4b564d0
[   .00000] kvmclck cu 0, msr 0:3ffe3001, primary cpu clock
[    0.000000] kvm-clock: using sched offset of 4045208731 cycles
[    0.000000] clocksource: kvm-clock: mask: 0xfffffffffffffff max_cycles: 0x1cd42e4dffb, max_idle_ns: 881590591483 ns
[    0.000000] Zone ranges:
[    0.000000]   DMA      [mem 0x0000000000001000-0x0000000000ffffff]
[    0.000000]   DMA32    [mem 0x0000000001000000-0x000000003ffeffff]
[    0.000000]   Normal   empty
[    0.000000]   Device   empty
[    0.000000] Movable zone start for each node
[    0.000000] Early memory node ranges
[    0.000000]   node   0: [mem 0x0000000000001000-0x00000000009efff]
[    0.000000]   noode   0: [mem 0x0000000000100000-0x000000003ffeffff]
[    0.000000] Initmem setup node 0 [mem 0x0000000000001000-0x000000003ffeffff]
[    0.000000] ACPI: PM-Timer O Port: 0x4008
[    0.000000] IOAPIC[0]: apic_id 2, version 3, address 0xfec00000, GSI 0-23
[    0.000000] ACPI: INT_SRC_OVR (bus 0 bus_irq 0 global_irq 2 dfl fl
[   0.000000] ACPI: IN_SRC_OR (bus 0bus_irq 9 gloalir 9low level)[   0.00000]UsngACI (MADT) for SMP configuration infrmation
[    0.000000] smpboot: Allowing 2 CPUs, 0 hotplug CPU
    0.00000] PM: Registerednosave emory: me 0x00000000-0x00000fff]
[    0.000000] PM: Registered nosave memoy: [mem 0x0009f00-x009ffff]
[    0.000000] PM: Reiserd nosave memory [mem 0x00000-x000effff][    000000] PM:Regiserd nosve memory: [mem 0x000f0000-0x000fffff][   .00000]e80:[mem 0x40000000-0xfebfffff] avalalefo PCI devies
[   0.00000] Booting paravirtualized kernel on KVM
[    0.000000] clocksource: refined-jiffies: mask: 0xffffffff max_cycles: 0xffffffff mx_idle_s:7645519600211568 ns
[    0.0000 setup_percpu:NRCPUS:512nr_cpumask_its:512 nr_cpu_ids:2 nr_node_ids:1
[    0.000000] PERCPU: Embedded 34 pages/cpu @ffff88003fc00000 s99480 r8192 d31592 u1048576
[    0.000000] Built 1 zonelists in Node order, mobility grouping on.  Total pages: 257912
[    0.000000] Policy zone: DMA32
[    0.000000] Kernel command line: BOOT_IMAGE=/boot/vmlinuz-4.4.0-146-generic root=LABEL=cloudimg-rootfs ro console=tty1 console=ttyS0
[    0.000000] PID hash table entries: 4096 (order: 3, 32768 bytes)
[    0.000000] Memory: 997736K/1048120K available (8609K kernel code, 1334K rwdata, 4028K rodata, 1484K init, 1284K bss, 50384K reserved, 0K cma-reserved)
[    0.000000] SLUB: HWalign=64, Order=0-3, MinObjects=0, CPUs=2, Nodes=1
[    0.000000] Kenel/User page tables isolation: enabled
[    0.000000] Hierarchical RCU implementation.
[    0.000000] 	Build-time adjustment of leaf fanout to 64.
[    0.000000] 	RCU restrictingPUs from NR_CPUS=512 to nr_cpu_ids=2.
[    0.000000] RCU: Adjusting geometry for rcu_fanout_leaf=6, nr_cpu_ids=2
[    0.000000] NR_IRQS:33024 nr_irqs:440 16
[    0.000000] Console: colour VGA+ 80x25
[    0.000000] console [tty1] enabled
[    0.000000] console [ttS0 enabled
[   0.00000 tsc: Detected 2700.000 MHz processor
[    4.276331] Calibrating delay loop (skipped) preset value.. 5400.00 BogoMIPS (lpj=10800000)
[    4.284407] pid_max: default: 32768 minimum: 301
[    4.296219] ACPI: Core revision 20150930
[    4.320865] ACPI: 2 ACPI AML tables successfully acquired and loaded
[    4.353692] Security Framework initialized
[    4.375255] Yama: becoming mindful.
[    4.394534] AppArmor: AppArmor initialized
[    4.416118] Dentry cache hash table entries: 131072 (order: 8, 1048576 bytes)
[    4.464858] Inode-cache hash table entries: 65536 (order: 7, 524288 bytes)
[    4.515642] Mount-cache hash table entries: 2048 (order: 2, 16384 bytes)
[    4.543475] Mountpoint-cache hash table entries: 2048 (order: 2, 16384 bytes)
[    4.553160] Initializing cgroup subsys io
[    4.554407] Initializing cgroup subsys memory
[    4.555721] Initializing cgroup subsys devices
[    4.557022] Initializing cgroup subsys freezer
[    4.558360] Initializing cgroup subsys net_cls
[    4.559658] Initializing cgroup subsys perf_event
[    4.561032] Initializing cgroup subsys net_prio
[    4.562466] Initializing cgroup subsys hugetlb
[    4.591261] Initializing cgroup subsys pids
[    4.624287] mce: CPU supports 0 MCE banks
[    4.654669] Last level iTLB entries: 4KB 64, 2MB 8, 4MB 8
[    4.683513] Last level dTLB entries: 4KB 64, 2MB 0, 4MB 0, 1GB 4
[    4.700721] Spectre V2 : Mitigation: Full generic retpoline
[    4.702854] Spectre V2 : Spectre v2 / SpectreRSB mitigation: Filling RSB on context switch
[    4.764113] Speculative Store Bypass: Vulnerable
[    4.790059] Freeing SMP alternatives memory: 36K
[    4.817082] ftrace: allocating 32287 entries in 127 pages
[    4.884061] smpboot: APIC(0) Converting physical 0 to logical package 0
[    4.914460] smpboot: Max logical packages: 1
[    4.927021] x2apic enabled
[    4.944713] Switched APIC routing to physical x2apic.
[    4.960416] ..TIMER: vector=0x30 apic1=0 pin1=2 apic2=-1 pin2=-1
[    5.114639] smpboot: CPU0: Intel(R) Core(TM) i5-5257U CPU @ 2.70GHz (family: 0x6, model: 0x3d, stepping: 0x4)
[    5.142437] Performance Events: unsupported p6 CPU model 61 no PMU driver, software events only.
[    5.184431] KVM setup paravirtual spinlock
[    5.186925] x86: Booting SMP configuration:
[    5.188741] .... node  #0, CPUs:      #1
[    5.190813] kvm-clock: cpu 1, msr 0:3ffe3041, secondary cpu clock
[    5.194041] mce: CPU supports 0 MCE banks
[    5.197675] x86: Booted up 1 node, 2 CPUs
[    5.199550] smpboot: Total of 2 processors activated (10800.00 BogoMIPS)
[    5.202788] devtmpfs: initialized
[    5.205413] evm: security.selinux
[    5.206941] evm: security.SMACK64
[    5.208344] evm: security.SMACK64EXEC
[    5.211420] evm: security.SMACK64TRANSMUTE
[    5.213404] evm: security.SMACK64MMAP
[    5.221009] evm: security.ima
[    5.224070] evm: security.capability
[    5.226523] clocksource: jiffies: mask: 0xffffffff max_cycles: 0xffffffff, max_idle_ns: 7645041785100000 ns
[    5.236933] futex hash table entries: 512 (order: 3, 32768 bytes)
[    5.240189] pinctrl core: initialized pinctrl subsystem
[    5.243223] RTC time: 17:07:43, date: 08/23/19
[    5.246055] NET: Registered protocol family 16
[    5.262852] cpuidle: using governor ladder
[    5.274204] cpuidle: using governor menu
[    5.276106] PCCT header not found.
[    5.278076] ACPI: bus type PCI registered
[    5.280219] acpiphp: ACPI Hot Plug PCI Controller Driver version: 0.5
[    5.292316] PCI: Using configuration type 1 for base access
[    5.316992] ACPI: Added _OSI(Module Device)
[    5.324421] ACPI: Added _OSI(Processor Device)
[    5.338586] ACPI: Added _OSI(3.0 _SCP Extensions)
[    5.340803] ACPI: Added _OSI(Processor Aggregator Device)
[    5.363393] ACPI: Executed 1 blocks of module-level executable AML code
[    5.392763] ACPI: Interpreter enabled
[    5.406622] ACPI: (supports S0 S5)
[    5.415548] ACPI: Using IOAPIC for interrupt routing
[    5.423354] PCI: Using host bridge windows from ACPI; if necessary, use "pci=nocrs" and report a bug
[    5.436498] ACPI: PCI Root Bridge [PCI0] (domain 0000 [bus 00-ff])
[    5.463892] acpi PNP0A03:00: _OSC: OS supports [ASPM ClockPM Segments MSI]
[    5.483070] acpi PNP0A03:00: _OSC: not requesting OS control; OS requires [ExtendedConfig ASPM ClockPM MSI]
[    5.526956] acpi PNP0A03:00: fail to add MMCONFIG information, can't access extended PCI configuration space under this bridge.
[    5.545013] PCI host bridge to bus 0000:00
[    5.558703] pci_bus 0000:00: root bus resource [io  0x0000-0x0cf7 window]
[    5.572590] pci_bus 0000:00: root bus resource [io  0x0d00-0xffff window]
[    5.587756] pci_bus 0000:00: root bus resource [mem 0x000a0000-0x000bffff window]
[    5.602697] pci_bus 0000:00: root bus resource [mem 0x40000000-0xfdffffff window]
[    5.624165] pci_bus 0000:00: root bus resource [bus 00-ff]
[    5.641908] pci 0000:00:01.1: legacy IDE quirk: reg 0x10: [io  0x01f0-0x01f7]
[    5.666299] pci 0000:00:01.1: legacy IDE quirk: reg 0x14: [io  0x03f6]
[    5.687658] pci 0000:00:01.1: legacy IDE quirk: reg 0x18: [io  0x0170-0x0177]
[    5.712353] pci 0000:00:01.1: legacy IDE quirk: reg 0x1c: [io  0x0376]
[    5.754532] pci 0000:00:07.0: quirk: [io  0x4000-0x403f] claimed by PIIX4 ACPI
[    5.773168] pci 0000:00:07.0: quirk: [io  0x4100-0x410f] claimed by PIIX4 SMB
[    5.803785] ACPI: PCI Interrupt Link [LNKA] (IRQs 5 9 10 *11)
[    5.822201] ACPI: PCI Interrupt Link [LNKB] (IRQs 5 9 *10 11)
[    5.828711] ACPI: PCI Interrupt Link [LNKC] (IRQs 5 *9 10 11)
[    5.846001] ACPI: PCI Interrupt Link [LNKD] (IRQs 5 9 10 *11)
[    5.867292] ACPI: Enabled 2 GPEs in block 00 to 07
[    5.869750] vgaarb: setting as boot device: PCI:0000:00:02.0
[    5.890350] vgaarb: device added: PCI:0000:00:02.0,decodes=io+mem,owns=io+mem,locks=none
[    5.924515] vgaarb: loaded
[    5.935443] vgaarb: bridge control possible 0000:00:02.0
[    5.951068] SCSI subsystem initialized
[    5.966018] ACPI: bus type USB registered
[    5.984406] usbcore: registered new interface driver usbfs
[    6.007144] usbcore: registered new interface driver hub
[    6.029827] usbcore: registered new device driver usb
[    6.047720] PCI: Using ACPI for IRQ routing
[    6.062557] NetLabel: Initializing
[    6.077656] NetLabel:  domain hash size = 128
[    6.090203] NetLabel:  protocols = UNLABELED CIPSOv4
[    6.107946] NetLabel:  unlabeled traffic allowed by default
[    6.127164] amd_nb: Cannot enumerate AMD northbridges
[    6.149623] clocksource: Switched to clocksource kvm-clock
[    61828] ppArmor: AppArmor Filesystem Enabled
[   6.282153] pnp: PnP ACPI init
[    6.309496] pnp: PnP ACPI: found 3 devices

[    6.327045] clocksource: acpi_pm: mask: 0xffffff max_cycles: 0xffffff, max_idle_ns: 2085701024 ns
[   6.337046] NET: Registered protocol family 2

[    6.364961] TCP established hash table entries 8192 (order: 4, 65536 bytes)

[    6.408358] TCP bind hash table entries: 8192 (order: 5, 131072 bytes)
[    6.412081] TCP: Hash tables configured (established 8192 bind 8192)
[    6.415991] UDP hash table entries: 512 (order: 2, 16384 bytes)
[    6.420205] UDP-Lite hash table entries: 512 (order: 2, 16384 bytes)
[    6.423697] NET: Registered protocol family 1
[    6.426497] pci 0000:00:00.0: Limiting direct PCI/PCI transfers
[    6.430020] pci 0000:00:01.0: Activating ISA DMA hang workarounds
[    6.433551] Unpacking initramfs...
[    6.674585] Freeing initrd memory: 14824K
[    6.684740] RAPL PMU detected, API unit is 2^-32 Joules, 4 fixed counters 10737418240 ms ovfl timer
[    6.696458] hw unit of domain pp0-core 2^-0 Joules
[    6.701989] hw unit of domain package 2^-0 Joules
[    6.710401] hw unit of domain dram 2^-0 Joules
[    6.721488] hw unit of domain pp1-gpu 2^-0 Joules
[    6.741065] platform rtc_cmos: registered platform RTC device (no PNP device found)
[    6.760125] Scanning for low memory corruption every 60 seconds
[    6.779296] audit: initializing netlink subsys (disabled)
[    6.793508] audit: type=2000 audit(1566580064.596:1): initialized
[    6.830361] Initialise system trusted keyring
[    6.837631] HugeTLB registered 2 MB page size, pre-allocated 0 pages
[    6.854303] zbud: loaded
[    6.861430] VFS: Disk quotas dquot_6.6.0
[    6.871192] VFS: Dquot-cache hash table entries: 512 (order 0, 4096 bytes)
[    6.875333] squashfs: version 4.0 (2009/01/31) Phillip Lougher
[    6.887648] fuse init (API version 7.23)
[    6.902050] Key type big_key registered
[    6.907854] Allocating IMA MOK and blacklist keyrings.
[    6.911185] Key type asymmetric registered
[    6.920180] Asymmetric key parser 'x509' registered
[    6.933527] Block layer SCSI generic (bsg) driver version 0.4 loaded (major 249)
[    6.953073] io scheduler noop registered
[    6.974312] io scheduler deadline registered (default)
[    6.983684] io scheduler cfq registered
[    6.999837] pci_hotplug: PCI Hot Plug PCI Core version: 0.5
[    7.009089] pciehp: PCI Express Hot Plug Controller Driver version: 0.4
[    7.026672] ACPI: AC Adapter [AC] (off-line)
[    7.041020] input: Power Button as /devices/LNXSYSTM:00/LNXPWRBN:00/input/input0
[    7.059499] ACPI: Power Button [PWRF]
[    7.065067] input: Sleep Button as /devices/LNXSYSTM:00/LNXSLPBN:00/input/input1
[    7.073876] ACPI: Sleep Button [SLPF]
[    7.075814] GHES: HEST is not enabled!
[    7.088444] ACPI: Battery Slot [BAT0] (battery present)
[    7.110181] Serial: 8250/16550 driver, 32 ports, IRQ sharing enabled
[    7.141584] 00:02: ttyS0 at I/O 0x3f8 (irq = 4, base_baud = 115200) is a 16550A
[    7.160682] Linux agpgart interface v0.103
[    7.170253] loop: module loaded
[    7.174644] scsi host0: ata_piix
[    7.181209] scsi host1: ata_piix
[    7.185196] ata1: PATA max UDMA/33 cmd 0x1f0 ctl 0x3f6 bmdma 0xd000 irq 14
[    7.187912] ata2: PATA max UDMA/33 cmd 0x170 ctl 0x376 bmdma 0xd008 irq 15
[    7.215927] libphy: Fixed MDIO Bus: probed
[    7.224267] tun: Universal TUN/TAP device driver, 1.6
[    7.227563] tun: (C) 1999-2004 Max Krasnyansky <maxk@qualcomm.com>
[    7.234052] PPP generic driver version 2.4.2
[    7.235872] ehci_hcd: USB 2.0 'Enhanced' Host Controller (EHCI) Driver
[    7.252177] ehci-pci: EHCI PCI platform driver
[    7.253969] ehci-platform: EHCI generic platform driver
[    7.256075] ohci_hcd: USB 1.1 'Open' Host Controller (OHCI) Driver
[    7.279801] ohci-pci: OHCI PCI platform driver
[    7.285624] ohci-platform: OHCI generic platform driver
[    7.300048] uhci_hcd: USB Universal Host Controller Interface driver
[    7.309469] i8042: PNP: PS/2 Controller [PNP0303:PS2K,PNP0f03:PS2M] at 0x60,0x64 irq 1,12
[    7.317833] serio: i8042 KBD port at 0x60,0x64 irq 1
[    7.339448] serio: i8042 AUX port at 0x60,0x64 irq 12
[    7.369933] mousedev: PS/2 mouse device common for all mice
[    7.400066] rtc_cmos rtc_cmos: rtc core: registered rtc_cmos as rtc0
[    7.419040] rtc_cmos rtc_cmos: alarms up to one day, 114 bytes nvram
[    7.434135] i2c /dev entries driver
[    7.445792] input: AT Translated Set 2 keyboard as /devices/platform/i8042/serio0/input/input2
[    7.480318] device-mapper: uevent: version 1.0.3
[    7.481961] device-mapper: ioctl: 4.34.0-ioctl (2015-10-28) initialised: dm-devel@redhat.com
[    7.489458] ledtrig-cpu: registered to indicate activity on CPUs
[    7.492706] NET: Registered protocol family 10
[    7.494830] NET: Registered protocol family 17
[    7.499646] Key type dns_resolver registered
[    7.501791] registered taskstats version 1
[    7.504359] Loading compiled-in X.509 certificates
[    7.507349] Loaded X.509 cert 'Build time autogenerated kernel key: 4dcb2dc2c7cf43e0c20c44384f68683c20294489'
[    7.513701] zswap: loaded using pool lzo/zbud
[    7.521152] Key type trusted registered
[    7.530998] Key type encrypted registered
[    7.532927] AppArmor: AppArmor sha1 policy hashing enabled
[    7.536179] ima: No TPM chip found, activating TPM-bypass!
[    7.540440] ima: Allocated hash algorithm: sha1
[    7.550200] evm: HMAC attrs: 0x1
[    7.554332]   Magic number: 15:608:138
[    7.558117] rtc_cmos rtc_cmos: setting system clock to 2019-08-23 17:07:45 UTC (1566580065)
[    7.563284] BIOS EDD facility v0.16 2004-Jun-25, 0 devices found
[    7.567072] EDD information not available.
[    7.573480] Freeing unused kernel memory: 1484K
[    7.606199] Write protecting the kernel read-only data: 14336k
[    7.618648] Freeing unused kernel memory: 1620K
[    7.620361] Freeing unused kernel memory: 68K
Loading, please wait...
starting version[    7.637756] random: systemd-udevd: uninitialized urandom read (16 bytes read, 5 bits of entropy available)
 229
[    7.638643] random: udevadm: uninitialized urandom read (16 bytes read, 5 bits of entropy available)
[    7.638660] random: udevadm: uninitialized urandom read (16 bytes read, 5 bits of entropy available)
[    7.646948] random: udevadm: uninitialized urandom read (16 bytes read, 5 bits of entropy available)
[    7.647028] random: udevadm: uninitialized urandom read (16 bytes read, 5 bits of entropy available)
[    7.647154] random: udevadm: uninitialized urandom read (16 bytes read, 5 bits of entropy available)
[    7.647200] random: udevadm: uninitialized urandom read (16 bytes read, 5 bits of entropy available)
[    7.647241] random: udevadm: uninitialized urandom read (16 bytes read, 5 bits of entropy available)
[    7.647284] random: udevadm: uninitialized urandom read (16 bytes read, 5 bits of entropy available)
[    7.647326] random: udevadm: uninitialized urandom read (16 bytes read, 5 bits of entropy available)
[    7.790102] tsc: Refined TSC clocksource calibration: 2701.190 MHz
[    7.792618] clocksource: tsc: mask: 0xffffffffffffffff max_cycles: 0x26efa28a8b0, max_idle_ns: 440795210747 ns
[    7.844914] Fusion MPT base driver 3.04.20
[    7.846662] Copyright (c) 1999-2008 LSI Corporation
[    7.850092] e1000: Intel(R) PRO/1000 Network Driver - version 7.3.21-k8-NAPI
[    7.852783] e1000: Copyright (c) 1999-2006 Intel Corporation.
[    7.858274] AVX2 version of gcm_enc/dec engaged.
[    7.860573] AES CTR mode by8 optimization enabled
[    7.866662] Fusion MPT SPI Host driver 3.04.20
[    8.047105] input: ImExPS/2 Generic Explorer Mouse as /devices/platform/i8042/serio1/input/input4
[    8.309501] e1000 0000:00:03.0 eth0: (PCI:33MHz:32-bit) 02:26:7f:6e:ca:81
[    8.802742] e1000 0000:00:03.0 eth0: Intel(R) PRO/1000 Network Connection
[    8.834842] mptbase: ioc0: Initiating bringup
[    8.835250] e1000 0000:00:03.0 enp0s3: renamed from eth0
[    8.935221] ioc0: LSI53C1030 A0: Capabilities={Initiator}
[    9.125088] scsi host2: ioc0: LSI53C1030 A0, FwRev=00000000h, Ports=1, MaxQ=256, IRQ=20
[    9.239091] scsi 2:0:0:0: Direct-Access     VBOX     HARDDISK         1.0  PQ: 0 ANSI: 5
[    9.259736] scsi target2:0:0: Beginning Domain Validation
[    9.282591] scsi target2:0:0: Domain Validation skipping write tests
[    9.314242] scsi target2:0:0: Ending Domain Validation
[    9.347602] scsi target2:0:0: asynchronous
[    9.375453] scsi 2:0:1:0: Direct-Access     VBOX     HARDDISK         1.0  PQ: 0 ANSI: 5
[    9.420183] scsi target2:0:1: Beginning Domain Validation
[    9.451471] scsi target2:0:1: Domain Validation skipping write tests
[    9.453275] scsi target2:0:1: Ending Domain Validation
[    9.454890] scsi target2:0:1: asynchronous
[    9.493157] sd 2:0:0:0: Attached scsi generic sg0 type 0
[    9.493624] sd 2:0:0:0: [sda] 20971520 512-byte logical blocks: (10.7 GB/10.0 GiB)
[    9.493941] sd 2:0:0:0: [sda] Write Protect is off
[    9.494151] sd 2:0:0:0: [sda] Incomplete mode parameter data
[    9.494153] sd 2:0:0:0: [sda] Assuming drive cache: write through
[    9.496835]  sda: sda1
[    9.497962] sd 2:0:0:0: [sda] Attached SCSI disk
[    9.581057] sd 2:0:1:0: Attached scsi generic sg1 type 0
[    9.581341] sd 2:0:1:0: [sdb] 20480 512-byte logical blocks: (10.5 MB/10.0 MiB)
[    9.581636] sd 2:0:1:0: [sdb] Write Protect is off
[    9.581927] sd 2:0:1:0: [sdb] Incomplete mode parameter data
[    9.581929] sd 2:0:1:0: [sdb] Assuming drive cache: write through
[    9.585611] sd 2:0:1:0: [sdb] Attached SCSI disk
Begin: Loading essential drivers ... [   10.973533] md: linear personality registered for level -1
[   10.982379] md: multipath personality registered for level -4
[   10.992683] md: raid0 personality registered for level 0
[   11.005776] md: raid1 personality registered for level 1
[   11.089864] raid6: sse2x1   gen()  9170 MB/s
[   11.159476] raid6: sse2x1   xor()  7123 MB/s
[   11.237869] raid6: sse2x2   gen() 11456 MB/s
[   11.321821] raid6: sse2x2   xor()  7823 MB/s
[   11.401773] raid6: sse2x4   gen() 13551 MB/s
[   11.478488] raid6: sse2x4   xor()  9588 MB/s
[   11.554207] raid6: avx2x1   gen() 18028 MB/s
[   11.621806] raid6: avx2x2   gen() 13708 MB/s
[   11.689826] raid6: avx2x4   gen() 15239 MB/s
[   11.691610] raid6: using algorithm avx2x1 gen() 18028 MB/s
[   11.693715] raid6: using avx2x2 recovery algorithm
[   11.696719] xor: automatically using best checksumming function:
[   11.741764]    avx       : 19006.000 MB/sec
[   11.747196] async_tx: api initialized (async)
[   11.777820] md: raid6 personality registered for level 6
[   11.786763] md: raid5 personality registered for level 5
[   11.798778] md: raid4 personality registered for level 4
[   11.813331] md: raid10 personality registered for level 10
done.
Begin: Running /scripts/init-premount ... done.
Begin: Mounting root file syste[   11.870895] Btrfs loaded
m ... Begin: Running /scripts/local-top ... done.
Begin: Running /scripts/local-premount ... Scanning for Btrfs filesystems
done.
Warning: fsck no[   11.916061] EXT4-fs (sda1): mounted filesystem with ordered data mode. Opts: (null)
t present, so skipping root file system
done.
Begin: Running /scripts/local-bottom ... done.
Begin: Running /scripts/init-bottom ... done.
[   12.032360] systemd[1]: systemd 229 running in system mode. (+PAM +AUDIT +SELINUX +IMA +APPARMOR +SMACK +SYSVINIT +UTMP +LIBCRYPTSETUP +GCRYPT +GNUTLS +ACL +XZ -LZ4 +SECCOMP +BLKID +ELFUTILS +KMOD -IDN)
[   12.050103] systemd[1]: Detected virtualization oracle.
[   12.051692] systemd[1]: Detected architecture x86-64.

Welcome to [1mUbuntu 16.04.6 LTS[0m!

[   12.059886] systemd[1]: Set hostname to <ubuntu>.
[   12.064252] systemd[1]: Initializing machine ID from random generator.
[   12.066980] systemd[1]: Installed transient /etc/machine-id file.
[   12.279871] systemd[1]: Listening on /dev/initctl Compatibility Named Pipe.
[[0;32m  OK  [0m] Listening on /dev/initctl Compatibility Named Pipe.
[  1296204] ysemd[1]: Created slic User nd Sssion Slice.
[[0;32m  OK  [0m] Created slice User and Session Slice.
[   13.437215] systemd[1]:Listening on Device-mape een demn FIFO. [[0;32m  OK  [0m] Listening on Device-mapper event daemon FIFOs.
[   13.8614]system[1]: Started Trigger resolvconf update for netword DN.
[[0;32m  OK  [0m] Started Trigger resolvconf update for networkd DNS.
[   14.421683] systemd[1]: Listening on Syslog Socket.
[[0;32m  OK  [0m] Listening on Syslog Socket.
[   14.428828] systemd[1]: Listening on JournalSocket (/dev/log).
[[0;32m  OK  [0m] Listening on Journal Socket (/dev/log).
[   4.1482] sysemd[1]: istening on de CntolSocket
[[0;32m  OK  [0m] Listening on udev Control Socket.
[   15.435807] systemd[1]: Reached target Usr ndGroup Name Lookups.
[[0;32m  OK  [0m] Reached target User and Group Name Lookups.
[   15.511440] systemd[1]: Reached target System Time Synchronized.
[[0;32m  OK  [0m] Reached target System Time Synchronized.
[   15.517250] systemd[1]: Listening on udev Kernel Socket.
[[0;32m  OK  [0m] Listening on udev Kernel Socket.
[   15.522208] systemd[1]: Started Forward Password Requests to Wall Directory Watch.
[[0;32m  OK  [0m] Started Forward Password Requests to Wall Directory Watch.
[   15.528944] systemd[1 Listening onJournal Audit Socket.
[[0;32m  OK  [0m] Listening on Journal Audit Socket.
[   15.949090] sysemd[]:Litein on LVM2meadata aeonsocket
[[0;32m  OK  [0m] Listening on LVM2 metadata daemon socket.
[  1.30606] systemd[1]: Created slice Syste Sice.
[[0;32m  OK  [0m] Created slice System Slice.
[   16.807310] systemd[1]: reated lie ysem-serial\x2dgettyslice.
[[0;32m  OK  [0m] Created slice system-serial\x2dgetty.slice.
[   17.431542] systemd[1]: Reached target Slices.
[[0;32m  OK  [0m] Reached target Slices.
[   17.781233] systemd[1]: Listening on Journal Socket.
[[0;32m  OK  [0m] Listening on Journal Socket.
[   17.798307] systemd[1]: Starting Set console keymap...
         Starting Set console keymap...
[   17.813165] systemd[1]: Starting Monitoring of LVM2 mirrors, snapshots etc. using dmeventd or progress polling...
         Starting Monitoring of LVM2 mirrors... dmeventd or progress polling...
[   17.835963] systemd[1]: Starting Journal Service...
         Starting Journal Service...
[   17.864420] systemd[1]: Starting Create list of required static device nodes for the current kernel...
         Starting Create list of required st... nodes for the current kernel...
[   17.926343] systemd[1]: Starting Remount Root and Kernel File Systems...
[   17.937937] random: nonblocking pool is initialized
         [   17.942592] EXT4-fs (sda1): re-mounted. Opts: (null)
Starting Remount Root and Kernel File Systems...
[   18.010150] systemd[1]: Mounting Huge Pages File System...
         Mounting Huge Pages File System...
[   18.030979] systemd[1]: Mounting POSIX Message Queue File System...
         Mounting POSIX Message Queue File System...
[   18.038803] systemd[1]: Mounting Debug File System...
         Mounting Debug File System...
[   18.061326] systemd[1]: Starting Load Kernel Modules...
         Starting Load Kernel Modules...
[   18.077810] systemd[1]: Starting Nameserver information manager...
         Starting Nameserver information manager...
[   18.084770] Loading iSCSI transport class v2.0-870.
[   18.085258] systemd[1]: Set up automount Arbitrary Executable File Formats File System Automount Point.
[[0;32m  OK  [0m] Set up automount Arbitrary Executab...ats File System Automount Point.
[   18.118301] systemd[1]: Reached target Encrypted Volumes.
[[0;32m  OK  [0m] Reached target Encrypted Volumes.
[   18.123525] iscsi: registered transport (tcp)
[   18.139781] systemd[1]: Reached target Swap.
[[0;32m  OK  [0m] Reached target Swap.
[   18.149756] systemd[1]: Listening on LVM2 poll daemon socket.
[[0;32m  OK  [0m] Listening on LVM2 poll daemon socket.
[   18.194400] iscsi: registered transport (iser)
[   18.199312] systemd[1]: Starting Uncomplicated firewall...
         Starting Uncomplicated firewall...
[   18.223690] systemd[1]: Mounted Debug File System.
[[0;32m  OK  [0m] Mounted Debug File System.
[   18.258932] systemd[1]: Mounted Huge Pages File System.
[[0;32m  OK  [0m] Mounted Huge Pages File System.
[   18.306665] systemd[1]: Mounted POSIX Message Queue File System.
[[0;32m  OK  [0m] Mounted POSIX Message Queue File System.
[  1.38467] sysem[1: Startd ournalSevie.

[[0;32m  OK  [0m] Started Journal Service.
[[0;32m  OK  [0m] Started Set console keymap.
[[0;32m  OK  [0m] Started Create list of required sta...ce nodes for the current kernel.
[[0;32m  OK  [0m] Started Remount Root and Kernel File Systems.
[[0;32m  OK  [0m] Started Load Kernel Modules.
[[0;32m  OK  [0m] Started Uncomplicated firewall.
[[0;32m  OK  [0m] Started Nameserver information manager.
[[0;32m  OK  [0m] Started LVM2 metadata daemon.
         Mounting FUSE Control File System...
         Starting Apply Kernel Variables...
         Starting udev Coldplug all Devices...
         Starting Load/Save Random Seed...
         Starting Create Static Device Nodes in /dev...
         Starting Flush Journal to Persistent Storage...
[[0;32m  OK  [0m] Mounted FUSE Control File System.
[[0;32m  OK  [0m] Started Apply Kernel Variables.
[[0;32m  OK  [0m] Started Load/Save Random Seed.
[[0;32m  OK  [0m] Started Monitoring of LVM2 mirrors,...ng dmeventd or progress polling.
[[0;32m  OK  [0m] Started Create Static Device Nodes in /dev.
[[0;32m  OK  [0m] Started Flush Journal to Persistent Storage.
[[0;32m  OK  [0m] Started udev Coldplug all Devices.
         Starting udev Kernel Device Manager...
[[0;32m  OK  [0m] Reached target Local File Systems (Pre).
[[0;32m  OK  [0m] Reached target Local File Systems.
         Starting Initial cloud-init job (pre-networking)...
         Starting LSB: AppArmor initialization...
         Starting Create Volatile Files and Directories...
         Starting Set console font and keymap...
         Starting Commit a transient machine-id on disk...
         Starting Tell Plymouth To Write Out Runtime Data...
[[0;32m  OK  [0m] Started udev Kernel Device Manager.
[[0;32m  OK  [0m] Started Create Volatile Files and Directories.
[[0;32m  OK  [0m] Started Tell Plymouth To Write Out Runtime Data.
[[0;32m  OK  [0m] Started Commit a transient machine-id on disk.
         Starting Update UTMP about System Boot/Shutdown...
[[0;32m  OK  [0m] Started Dispatch Password Requests to Console Directory Watch.
[[0;32m  OK  [0m] Started Update UTMP about System Boot/Shutdown.
[[0;32m  OK  [0m] Found device /dev/ttyS0.
[[0;32m  OK  [0m] Listening on Load/Save RF Kill Switch Status /dev/rfkill Watch.
[   15.020858] cloud-init[463]: Cloud-init v. 18.5-45-g3554ffe8-0ubuntu1~16.04.1 running 'init-local' at Fri, 23 Aug 2019 17:07:58 +0000. Up 14.60 seconds.
[[0;32m  OK  [0m] Started LSB: AppArmor initialization.
[[0;32m  OK  [0m] Started Set console font and keymap.
[[0;32m  OK  [0m] Started Initial cloud-init job (pre-networking).
[[0;32m  OK  [0m] Reached target Network (Pre).
[[0;32m  OK  [0m] Created slice system-getty.slice.
         Starting Raise network interfaces...
[[0;32m  OK  [0m] Started Raise network interfaces.
[[0;32m  OK  [0m] Reached target Network.
         Starting Initial cloud-init job (metadata service crawler)...
[   16.546512] cloud-init[930]: Cloud-init v. 18.5-45-g3554ffe8-0ubuntu1~16.04.1 running 'init' at Fri, 23 Aug 2019 17:07:59 +0000. Up 16.01 seconds.
[   16.568393] cloud-init[930]: ci-info: ++++++++++++++++++++++++++++++++++++++Net device info++++++++++++++++++++++++++++++++++++++
[   16.587079] cloud-init[930]: ci-info: +--------+------+----------------------------+---------------+--------+-------------------+
[[0;32m  OK  [0m] Started Initial cloud-init job (metadata service crawler).
[[0;32m  OK  [0m] Reached target System Initialization.
[[   16.624355] [0;32m  OK  [0mcloud-init] [930]: Started Daily apt download activities.ci-info: | Device |  Up  |          Address           |      Mask     | Scope  |     Hw-Address    |

[   16.749182]          Starting LXD - unix socket.
[[0;32m  OK  [0m] Listening on D-Bus System Message Bus Socket.
cloud-init[930]: ci-info: +--------+------+----------------------------+---------------+--------+-------------------+
[   16.808929] [[0;32m  OK  [0m] Started ACPI Events Check.
[[0;32m  OK  [0m] Reached target Paths.
cloud-init[930]: ci-info: | enp0s3 | True |         10.0.2.15          | 255.255.255.0 | global | 02:26:7f:6e:ca:81 |
[   16.838848] cloud-init[930]: ci-info: | enp0s3 | True | fe80::26:7fff:fe6e:ca81/64 |       .       |  link  | 02:26:7f:6e:ca:81 |
[[0;32m  OK  [0m] Started Daily Cleanup of Temporary Directories.
[   16.845995] [[0;32m  OK  [0m] Started Daily apt upgrade and clean activities.
[[0;32m  OK  [0m] Listening on UUID daemon activation socket.
         Starting Socket activation for snappy daemon.
[[0;32m  OK  [0m] Listening on ACPID Listen Socket.
cloud-init[930]: ci-info: |   lo   | True |         127.0.0.1          |   255.0.0.0   |  host  |         .         |
[   16.868738] [cloud-init[0;32m  OK  [0m[930]: ] ci-info: |   lo   | True |          ::1/128           |       .       |  host  |         .         |Reached target Timers.

[   16.870460] [[0;32m  OK  [0m] Reached target Cloud-config availability.
[[0;32m  OK  [0m] Reached target Network is Online.
cloud-init[930]: ci-info: +--------+------+----------------------------+---------------+--------+-------------------+
[   16.905852]          Starting iSCSI initiator daemon (iscsid)...
cloud-init[930]: ci-info: +++++++++++++++++++++++++++Route IPv4 info++++++++++++++++++++++++++++
[[   16.923245] cloud-init[930]: ci-info: +-------+-------------+----------+---------------+-----------+-------+
[   16.925104] cloud-init[930]: ci-info: | Route | Destination | Gateway  |    Genmask    | Interface | Flags |
[0;32m  OK  [0m] Listening on LXD - unix socket.
[   16.925688] cloud-init[930]: ci-info: +-------+-------------+----------+---------------+-----------+-------+
[[   16.970710] cloud-init[930]: ci-info: |   0   |   0.0.0.0   | 10.0.2.2 |    0.0.0.0    |   enp0s3  |   UG  |
[   16.972345] cloud-init[930]: [0;32m  OK  [0mci-info: |   1   |   10.0.2.0  | 0.0.0.0  | 255.255.255.0 |   enp0s3  |   U   |] 
Listening on Socket activation for snappy daemon.
[   17.052813] cloud-init[930]: ci-info: +-------+-------------+----------+---------------+-----------+-------+
[   17.053471] cloud-init[[930]: [0;32m  OK  [0mci-info: +++++++++++++++++++Route IPv6 info+++++++++++++++++++] 
Started iSCSI initiator daemon (iscsid).
[   17.054347] cloud-init[930]: ci-info: +-------+-------------+---------+-----------+-------+
[   17.139711] cloud-init[930]: ci-info: | Route | Destination | Gateway | Interface | Flags |
[   17.177163] cloud-init[930]: ci-info: +-------+-------------+---------+-----------+-------+
         Starting Login to default iSCSI targets...
[   17.178327] cloud-init[930]: ci-info: |   0   |  fe80::/64  |    ::   |   enp0s3  |   U   |
[   17.222758] cloud-init[930]: ci-info: |   3   |   ff00::/8  |    ::   |   enp0s3  |   U   |
[[   17.223425] [0;32m  OK  [0mcloud-init] [930]: Reached target Sockets.ci-info: +-------+-------------+---------+-----------+-------+

[[0;32m  OK  [0m] Reached target Basic System.
[   17.224227] cloud-init[930]: Generating public/private rsa key pair.
[   17.304565] cloud-init[930]: Your identification has been saved in /etc/ssh/ssh_host_rsa_key.
         Starting Pollinate to seed the pseudo random number generator...
[   17.305124] cloud-init[930]: Your public key has been saved in /etc/ssh/ssh_host_rsa_key.pub.
[   17.356569] cloud-init[930]: The key fingerprint is:
[   17.357172]          cloud-init[930]: SHA256:NxmrmvVd5zBl2plw2GXCy+twsqUQAiSLy+hl4yZAhUY root@ubuntu-xenial
Starting Accounts Service...
[   17.358427] cloud-init[930]: The key's randomart image is:
[   17.373761] cloud-init[930]: +---[RSA 2048]----+
[   17.377105] cloud-init[930]: |.E... .          |
[   17.379216] cloud-init[930]: | o.. +       .   |
[   17.381467] cloud-init[930]: |... . .   .   o o|
[   17.400757] cloud-init[930]: |.o .   .   + .o+.|
[[0;32m  OK  [0m] [   17.401255] Started FUSE filesystem for LXC.cloud-init
[930]: |o o+    S *  oooo|
[   17.401811] cloud-init[930]: |o + .    + o  o*o|
[   17.423547] cloud-init[930]: | o o    o . o Ooo|
         Starting Login Service...
[   17.430705] cloud-init[930]: |  o    + . o X = |
[   17.456470] [[0;32m  OK  [0m] Started D-Bus System Message Bus.
cloud-init[930]: |      o   . + . .|
[   17.472450] cloud-init[930]: +----[SHA256]-----+
[   17.474979] cloud-init[930]: Generating public/private dsa key pair.
[   17.501928]          Starting Virtualbox guest utils...
cloud-init[930]: Your identification has been saved in /etc/ssh/ssh_host_dsa_key.
[   17.507804] cloud-init[930]: Your public key has been saved in /etc/ssh/ssh_host_dsa_key.pub.
         Starting LSB: Record successful boot for GRUB...
[   17.508597] cloud-init[930]: The key fingerprint is:
[[0;32m  OK  [0m] Started Deferred execution scheduler.
[   17.540954] cloud-init[930]: SHA256:1Eg7uIawqdCADb9PvZnrOOwRpM8BwYEIc99BOjBX1Zs root@ubuntu-xenial
[   17.596822] cloud-init[930]: The key's randomart image is:
[   17.598346] cloud-init[930]: +---[DSA 1024]----+
[   17.598473] cloud-init[930]: |*o*..o+.o.       |
         Starting Snappy daemon...
[   17.599464] cloud-init[930]: |+*.* o + +.      |
[[0;32m  OK  [0m[   17.633540] cloud-init[930]: |o = = o = .o     |
] [   17.634940] Started ACPI event daemon.cloud-init
[930]: | o O + o .E      |
[   17.635436] cloud-init[930]: |. * = + S        |
[   17.654697] cloud-init[930]: |.. = + +         |
         Starting LSB: MD monitoring daemon...
[   17.655385] cloud-init[930]: |.  .= +          |
[   17.670665] cloud-init[930]: |    oo .         |
[   17.671198] [[0;32m  OK  [0m] Started Regular background program processing daemon.
cloud-init[930]: |   .ooo          |
[   17.682594] cloud-init[930]: +----[SHA256]-----+
[   17.683191]          Starting System Logging Service...
cloud-init[930]: Generating public/private ecdsa key pair.
[   17.712402] cloud-init[930]: Your identification has been saved in /etc/ssh/ssh_host_ecdsa_key.
[   17.713128] cloud-init[930]: Your public key has been saved in /etc/ssh/ssh_host_ecdsa_key.pub.
         Starting /etc/rc.local Compatibility...
[   17.713873] cloud-init[930]: The key fingerprint is:
[   17.758743] cloud-init[930]: SHA256:oJn8wZ4l41B13gzlTwj707p1pdez51sqUfuBHXSmdes root@ubuntu-xenial
         Starting LXD - container startup/shutdown...
[   17.796622] cloud-init[930]: The key's randomart image is:
[   17.809105] cloud-init[930]: +---[ECDSA 256]---+
[   17.809838] [cloud-init[0;32m  OK  [0m[930]: ] |        . +..    |Started System Logging Service.

[[   17.811096] cloud-init[930]: |       . o B . .=|
[0;32m  OK  [0m[   17.830775] ] cloud-initStarted Snappy daemon.[930]: 
|      o   o = o++|
[   17.831288] cloud-init[930]: |   . * .   . +oo |
[   17.842754] cloud-init[[0;32m  OK  [0m] Started /etc/rc.local Compatibility.
[930]: |    * = S   o.*.o|
[   17.859987] cloud-init[930]: |     = *    .+.Eo|
[   17.862444] cloud-init[930]: |      =     ..oo*|
[   17.876913] cloud-init[930]: |            .o +*|
[   17.913082] cloud-init[930]: |            ...++|
[[   17.913734] [0;32m  OK  [0mcloud-init] [930]: Started LXD - container startup/shutdown.+----[SHA256]-----+

[   17.914290] cloud-init[930]: Generating public/private ed25519 key pair.
[   17.937458] cloud-init[930]: Your identification has been saved in /etc/ssh/ssh_host_ed25519_key.
[[0;32m  OK  [0m[   17.957145] ] cloud-initStarted Login to default iSCSI targets.[930]: 
Your public key has been saved in /etc/ssh/ssh_host_ed25519_key.pub.
[   17.959061] cloud-init[930]: The key fingerprint is:
[   18.010440] cloud-init[930]: SHA256:K4ItmYSanvAOEdIik50zo+18EyrD+18P/cCH/EnKbb4 root@ubuntu-xenial
[   18.014656] cloud-init[930]: The key's randomart image is:
[   18.017710] cloud-init[930]: +--[ED25519 256]--+
[   18.020632] cloud-init[930]: |                 |
[   18.023872] cloud-init[930]: | + .             |
[   18.061948] cloud-init[930]: |B B              |
[   18.092794] cloud-init[930]: |oB +             |
[   18.093904] cloud-init[930]: |+ o .   S        |
[   18.094064] cloud-init[930]: |o* * .  +..      |
[   18.094184] cloud-init[930]: |B.O = .o.* o     |
[   18.094265] cloud-init[930]: |o=oo o..+ O..    |
[   18.095606] cloud-init[930]: | =+...   +oE.    |
[[0;32m  OK  [0m] Started LSB: Record successful boot for GRUB.
[   18.095817] cloud-init[930]: +----[SHA256]-----+
[[0;32m  OK  [0m] Started Pollinate to seed the pseudo random number generator.
[[0;32m  OK  [0m] Started LSB: MD monitoring daemon.
[[0;32m  OK  [0m] Started Login Service.
[[0;32m  OK  [0m] Started Virtualbox guest utils.
[[0;32m  OK  [0m] Started Unattended Upgrades Shutdown.
         Starting Authenticate and Authorize Users to Run Privileged Tasks...
         Starting OpenBSD Secure Shell server...
[[0;32m  OK  [0m] Reached target Remote File Systems (Pre).
[[0;32m  OK  [0m] Reached target Remote File Systems.
         Starting LSB: automatic crash report generation...
         Starting LSB: Set the CPU Frequency Scaling governor to "ondemand"...
         Starting LSB: daemon to balance interrupts for SMP systems...
         Starting Permit User Sessions...
         Starting Wait until snapd is fully seeded...
[[0;32m  OK  [0m] Started Permit User Sessions.
[[0;32m  OK  [0m] Started OpenBSD Secure Shell server.
[[0;32m  OK  [0m] Started Authenticate and Authorize Users to Run Privileged Tasks.
[[0;32m  OK  [0m] Started LSB: automatic crash report generation.
[[0;32m  OK  [0m] Started LSB: Set the CPU Frequency Scaling governor to "ondemand".
[[0;32m  OK  [0m] Started LSB: daemon to balance interrupts for SMP systems.
[[0;32m  OK  [0m] Started Accounts Service.
         Starting Hold until boot process finishes up...
         Starting Terminate Plymouth Boot Screen...
[[0;32m  OK  [0m] Started Hold until boot process finishes up.
[[0;32m  OK  [0m] Started Terminate Plymouth Boot Screen.
[[0;32m  OK  [0m] Started Serial Getty on ttyS0.
         Starting Set console scheme...
[[0;32m  OK  [0m] Started Getty on tty1.
[[0;32m  OK  [0m] Reached target Login Prompts.
[[0;32m  OK  [0m] Started Set console scheme.
[[0;32m  OK  [0m] Started Wait until snapd is fully seeded.
[[0;32m  OK  [0m] Reached target Multi-User System.
[[0;32m  OK  [0m] Reached target Graphical Interface.
         Starting Update UTMP about System Runlevel Changes...
         Starting Apply the settings specified in cloud-config...
[[0;32m  OK  [0m] Started Update UTMP about System Runlevel Changes.
[   20.864275] cloud-init[1271]: Generating locales (this might take a while)...
[[0;32m  OK  [0m] Created slice User Slice of vagrant.
         Starting User Manager for UID 1000...
[[0;32m  OK  [0m] Started Session 1 of user vagrant.
[[0;32m  OK  [0m] Started User Manager for UID 1000.
[   21.818525] cloud-init[1271]:   en_US.UTF-8... done
[   21.821591] cloud-init[1271]: Generation complete.
[   22.333938] cloud-init[1271]: Cloud-init v. 18.5-45-g3554ffe8-0ubuntu1~16.04.1 running 'modules:config' at Fri, 23 Aug 2019 17:08:04 +0000. Up 20.75 seconds.
[[0;32m  OK  [0m] Started Apply the settings specified in cloud-config.
         Starting Execute cloud user/final scripts...
ci-info: no authorized ssh keys fingerprints found for user ubuntu.
<14>Aug 23 17:08:06 ec2: 
<14>Aug 23 17:08:06 ec2: #############################################################
<14>Aug 23 17:08:06 ec2: -----BEGIN SSH HOST KEY FINGERPRINTS-----
<14>Aug 23 17:08:06 ec2: 1024 SHA256:1Eg7uIawqdCADb9PvZnrOOwRpM8BwYEIc99BOjBX1Zs root@ubuntu-xenial (DSA)
<14>Aug 23 17:08:06 ec2: 256 SHA256:oJn8wZ4l41B13gzlTwj707p1pdez51sqUfuBHXSmdes root@ubuntu-xenial (ECDSA)
<14>Aug 23 17:08:06 ec2: 256 SHA256:K4ItmYSanvAOEdIik50zo+18EyrD+18P/cCH/EnKbb4 root@ubuntu-xenial (ED25519)
<14>Aug 23 17:08:06 ec2: 2048 SHA256:NxmrmvVd5zBl2plw2GXCy+twsqUQAiSLy+hl4yZAhUY root@ubuntu-xenial (RSA)
<14>Aug 23 17:08:06 ec2: -----END SSH HOST KEY FINGERPRINTS-----
<14>Aug 23 17:08:06 ec2: #############################################################
-----BEGIN SSH HOST KEY KEYS-----
ecdsa-sha2-nistp256 AAAAE2VjZHNhLXNoYTItbmlzdHAyNTYAAAAIbmlzdHAyNTYAAABBBLUGMzV4XgBPs158tgjy2Em/TMyL1cUtSuzZsU3QkwM1+AjddOasIHd4xj3tQj+r1h2sZN9ek/p6aZ+yTxvD7N8= root@ubuntu-xenial
ssh-ed25519 AAAAC3NzaC1lZDI1NTE5AAAAIJFwwjlkeKdTOYuAwjRpQG93MIpFjVU4pj8Gu9/UCjwt root@ubuntu-xenial
ssh-rsa AAAAB3NzaC1yc2EAAAADAQABAAABAQDQ+NiV+fY/XQFJXWEMRjwezPctl3uBnamOe4Glva3LyJXRyteUIcgQ27FGrF2AUPgP7L2J512CibeUQ/euh3KzHRhelNYmbQXxDcIBqu87Yecf4GJhvT61MQeo96GBEii4E3XsYdHvJqhhm9OhN5KakNJOMydooFV0Jam1gJ5AHC6FHM43b6WEGxX/MKHxgR5xpo58nBqd3TVw2MFMSL807SrgWsoC9YSglSSPqB7UtkpQLnHc4f1+46nlBHQtHuwHsS4oOinah+kRApgWSDp2OWClRfI+Mjhw/s1EQTWlWWru8cA8dE9AtowweV0lUsUCuCkzLgV8KbeZHdpZzIjH root@ubuntu-xenial
-----END SSH HOST KEY KEYS-----
[   23.284963] cloud-init[1379]: Cloud-init v. 18.5-45-g3554ffe8-0ubuntu1~16.04.1 running 'modules:final' at Fri, 23 Aug 2019 17:08:06 +0000. Up 22.94 seconds.
[   23.313252] cloud-init[1379]: ci-info: no authorized ssh keys fingerprints found for user ubuntu.
[   23.330044] cloud-init[1379]: Cloud-init v. 18.5-45-g3554ffe8-0ubuntu1~16.04.1 finished at Fri, 23 Aug 2019 17:08:06 +0000. Datasource DataSourceNoCloud [seed=/dev/sdb][dsmode=net].  Up 23.27 seconds
[[0;32m  OK  [0m] Started Execute cloud user/final scripts.
[[0;32m  OK  [0m] Reached target Cloud-init target.

Ubuntu 16.04.6 LTS ubuntu-xenial ttyS0

ubuntu-xenial login: 