[    0.0000] nitialzig cgroup sbsys cpuset
[   0.0000] niializing cgrop subsys cpu
[    0.00000 Initialiing cgroup subss puacct
    0.00000] Lnu version 4.4.0-146-generic(build@cy1-amd64-025) (gcc version 5.4.0 20160609 (Ubuntu 5.4.0-6ubuntu1~16.04.10) ) #172-Ubuntu SMP Wed Ar  09:00:08 UTC 2019 (Ubuntu 4.4.0-146.172-generic 4..17)
[   0.000000 Cmmnd line BOOT_IMAGE=/boot/vmlinuz-4.4.0-146-generic root=LABEL=clodig-oofs ro console=tty1 console=ttyS0[   0.000000] KERELsupported pu:
[   0.00000]  Itel GenuineIntel
[    0.000000]   AMD AuthenticAMD
[    0.000000]   Centaur CentaurHul
   0.000000] 86/fpu: xstate_offset[2]:  576, xstate_sizes[2]:  256
[    0.000000] x86/fpu: Supporting XSAVE feature 0x01: 'x87 floating point registers'
[    0.000000] x86/fpu: Supporting XSAVE feature 0x02: 'SSE registers'
[    0.000000] x86/fpu: Supporting XSAVE feature 0x04: 'AVX registers'
[    0.000000] x86/fpu: Enabled xstate features 0x7, context size is 832 bytes, using 'standard' format.
[    0.000000] e820: BIOS-provided physical RAM map:
[    0.000000] BIOS-e820: [mem 0x0000000000000000-0x000000000009fbff] usable
[    0.000000] BIOS-e820: [mem 0x000000000009fc00-0x000000000009ffff] reserved
[    0.000000] BIOS-e820: [mem 0x00000000000f0000-0x00000000000fffff] reserved
[    0.000000] BIOS-e820: [mem 0x0000000000100000-0x000000003ffeffff] usable
[    0.000000] BIOS-e820: [mem 0x000000003fff0000-0x000000003fffffff] ACPI data
[    0.000000] BIOS-e820: [mem 0x00000000fec00000-0x00000000fec00fff] reserved
[    0.000000] BIOS-e820: [mem 0x00000000fee00000-0x00000000fee00fff] reserved
[    0.000000] BIOS-e820: [mem 0x00000000fffc0000-0x00000000ffffffff] reserved
[    0.000000] NX (Execute Disable) protection: active
[    0.000000] SMBIOS 2.5 present.
[    0.000000] Hypervisor detected: KVM
[    0.000000] 20: last_pfn = 0x3fff0 max_arch_pfn = 0x400000000
[    0.000000] MTRR: Disabled
[    0.000000] x86/PAT: MTRRs disabled, skipping PAT initialization too.
[    0.000000] CPU MTRRs all blank - virtualized system.
[    0.000000] x86/PAT: Configuration [0-7]: WB  WT  U- UC  B WT  UC- UC  
[    0.0000] oud SMP M-tble at [mem 0x0009fff0-0x0009ffff] mapped at [ffff88000009fff0]
[    0.000000] Scanning 1 res orlow memory corruption
[    0.000000] RAMDISK: [mem 0x362fc000-0x37175fff]
[   .00000] CPI: arly table checksum verification disabled
[   .000000] ACPI: RSDP 0x00000000000E0000 000024 (v02 VBOX  )
[    0.000000] ACPI: XSDT 0x000000003FFF0030 00003C (v01 VBOX   VBOXXSDT 00000001 ASL  00000061)
[    0.000000] ACPI: FACP 0x000000003FFF00F0 0000F4 (v04 VOX   VOXFACP 000001AS  00000061)
[   .0000] ACPI: SD 000000003FFF0470 02FF(v2 VBOX  VOXBIO 0000002 INTL 201052)[    0.000000] API FCS0x000000003FFF0200 000040
[    0.000000] ACPI: FACS 0x000000003FFF0200 000040
[    0.000000] ACPI: APIC 0x000000003FFF0240 00005C (v02 VBOX   VBOXAPIC 00000001 ASL  00000061)
[    0.000000] ACPI: SSDT 0x000000003FFF02A0 00CC(v01 VBOX   VBOXCUT000000 INTL 20100528)
   0000000] No NUMA configuration found
[    0.000000] Faking a node at [mem 0x0000000000000000-0x000000003ffeffff]
[    0.000000] NODE_DATA(0) allocted [em0x3ffeb000-0x3ffeffff]
[    0.000000] kvm-clock: Using msrs 4b564d01 and 4b564d00
[    0.000000] kvm-clock: cpu 0, msr 0:3ffe3001, primary cpu clock
[    0.000000] kvm-clock: sing sched offset of 3690216492 cycles
[    0.000000] clocksource: kvm-clock: mask: 0xffffffffffffffff max_cycles: 0x1cd42e4dffb, max_idle_ns: 881590591483 ns
[    0.000000] Zone ranges:
[    0.000000]   DMA      [mem 0x0000000000001000-0x0000000000ffffff]
[    0.000000]   DMA32    [mem 0x0000000001000000-0x000000003ffeffff]
[    0.000000]   Normal   empty
[    0.000000]   Device   empty
[    0.000000] Movable zone start for each node
[    0.000000] Early memory node ranges
[    0.000000]   node   0: [mem 0x0000000000001000-0x000000000009efff]
[    0.000000]   node   0: [mem 0x0000000000100000-0x000000003ffeffff]
[    0.000000] Initmem setup node 0 [mem 0x0000000000001000-0x000000003ffeffff]
[    0.000000] ACPI: PM-Timer IO Port: 0x4008
[    0.000000] IOAPIC[0]: apic_id 2, version 32, address 0xfec00000, GSI 0-23
[    0.000000] ACPI: INT_SRC_OVR (bus 0 bus_rq 0 global_irq 2 dfl dfl)
[    0.000000] ACPI: INT_SRC_OVR (bs 0 bus_irq 9 global_irq 9 low level)
[    0.00000] Usin ACPI (MADT) for SMP configuration information
[    0.000000] smpboot: Allowing 2 CPUs, 0 hotplug CPUs
[    0.000000] PM: Registered nosave memory: [mem0x000000-0x000ff]
[    0.000000] M:Reistered nosave memory: [em 0x000f00-x0009fff]
[   0.000000] PM: Registerd osvememory: me 0x00a000-0x000effff]
[    0.000000] PM: Registered nosave memory: [mem 0x000f0000-0x000fffff]
[    0.000000] e820: [mem 0x4000000xfebfffff] aaiable for PCI dvies
[    0.0000] ooting paravirtualized kernel n VM
[   0.000000] clckourc: refined-jiffies: mask: 0xffffffff max_cycles: 0xffffffff, max_idle_ns:76455960211568 ns
[    0.000000] setup_percpu: NR_CPUS:512 nr_cpumask_bits:512 nr_cpu_ids:2 nr_node_ids:1
[    0.000000] PECPU: Emeded34 pages/cpu @ffff88003fc00000 s99480 r8192 d31592 u1048576
[    0.000000] Built 1 zonelists in Node order, mobility grouping on.  Total pages: 257912
[    0.000000] Policy zon: DMA2
[    0.000000] Kerelcommand lne BOTIMAGE=/bot/vminz-4.4.0-146-generic root=LABEL=cloudimg-rootfs ro console=tty1 console=ttyS0
[    0.000000] PID hash table entries: 4096 (order: 3, 32768 bytes)
[    0.000000] Memory: 997736K/1048120K available (8609K kernel code, 1334K rwdata, 4028K rodata, 1484K init, 1284K bss, 50384K reserved, 0K cma-reserved)
[    0.000000] SLUB: HWalign=64, Order=0-3, MinObjects=0, CPUs=2, Nodes=1
[    0.000000] Kernel/User page tables isolation: enabled
[    0.000000] Hierarchical RCU implementation.
[    0.000000] 	Build-time adjustment of leaf fanout to 64.
[    0.000000] 	RCU restricting CPUs from NR_CPUS=512 to nr_cpu_ids=2.
[    0.000000] RCU: Adjusting geometry for rcu_fanout_leaf=64, nr_cpu_ids=2
[    0.000000] NR_IRQS:33024 nr_iirqs:440 16
[    0.000000] Console: colour VGA+ 80x25
[    0.000000] console [tty1] enabled
[    0.000000] console [ttyS0] enabled
[    0.000000] tsc: Detected 2700.000 MHz processor
[    3.205747] Calibrating delay loop (skipped) preset value.. 5400.00 BogoMIPS (lpj=10800000)
[    3.209283] pid_max: default: 32768 minimum: 301
[    3.211362] ACPI: Core revision 20150930
    3.215070] ACPI: 2 ACPI AML tables successfully acquired and loaded
[    3.241966] Security Framework initialized
[    3.244398] Yama: becoming mindful.
[    3.246531] AppArmor: AppArmor initialized
[    3.250051] Dentry cache hash table entries: 131072 (order: 8, 1048576 bytes)
[    3.263778] Inode-cache hash table entries: 65536 (order: 7, 524288 bytes)
[    3.267527] Mount-cache hash table entries: 2048 (order: 2, 16384 bytes)
[    3.276352] Mountpoint-cache hash table entries: 2048 (order: 2, 16384 bytes)
[    3.279806] Initializing cgroup subsys io
[    3.285968] Initializing cgroup subsys memory
[    3.288864] Initializing cgroup subsys devices
[    3.308395] Initializing cgroup subsys freezer
[    3.309725] Initializing cgroup subsys net_cls
[    3.311051] Initializing cgroup subsys perf_event
[    3.323510] Initializing cgroup subsys net_prio
[    3.364441] Initializing cgroup subsys hugetlb
[    3.388306] Initializing cgroup subsys pids
[    3.409804] mce: CPU supports 0 MCE banks
[    3.412095] Last level iTLB entries: 4KB 64, 2MB 8, 4MB 8
[    3.417577] Last level dTLB entries: 4KB 64, 2MB 0, 4MB 0, 1GB 4
[    3.456068] Spectre V2 : Mitigation: Full generic retpoline
[    3.469733] Spectre V2 : Spectre v2 / SpectreRSB mitigation: Filling RSB on context switch
[    3.472972] Speculative Store Bypass: Vulnerable
[    3.486737] Freeing SMP alternatives memory: 36K
[    3.518012] ftrace: allocating 32287 entries in 127 pages
[    3.603333] smpboot: APIC(0) Converting physical 0 to logical package 0
[    3.648404] smpboot: Max logical packages: 1
[    3.668324] x2apic enabled
[    3.684974] Switched APIC routing to physical x2apic.
[    3.691475] ..TIMER: vector=0x30 apic1=0 pin1=2 apic2=-1 pin2=-1
[    3.823779] smpboot: CPU0: Intel(R) Core(TM) i5-5257U CPU @ 2.70GHz (family: 0x6, model: 0x3d, stepping: 0x4)
[    3.832153] Performance Events: unsupported p6 CPU model 61 no PMU driver, software events only.
[    3.889405] KVM setup paravirtual spinlock
[    3.898689] x86: Booting SMP configuration:
[    3.900388] .... node  #0, CPUs:      #1
[    3.909152] kvm-clock: cpu 1, msr 0:3ffe3041, secondary cpu clock
[    3.912218] mce: CPU supports 0 MCE banks
[    3.915625] x86: Booted up 1 node, 2 CPUs
[    3.936523] smpboot: Total of 2 processors activated (10800.00 BogoMIPS)
[    3.948371] devtmpfs: initialized
[    3.961679] evm: security.selinux
[    3.976181] evm: security.SMACK64
[    3.982214] evm: security.SMACK64EXEC
[    3.983724] evm: security.SMACK64TRANSMUTE
[    3.985412] evm: security.SMACK64MMAP
[    3.986883] evm: security.ima
[    3.988212] evm: security.capability
[    4.005789] clocksource: jiffies: mask: 0xffffffff max_cycles: 0xffffffff, max_idle_ns: 7645041785100000 ns
[    4.041034] futex hash table entries: 512 (order: 3, 32768 bytes)
[    4.047697] pinctrl core: initialized pinctrl subsystem
[    4.060396] RTC time: 16:45:54, date: 08/22/19
[    4.082169] NET: Registered protocol family 16
[    4.104690] cpuidle: using governor ladder
[    4.133007] cpuidle: using governor menu
[    4.141758] PCCT header not found.
[    4.153633] ACPI: bus type PCI registered
[    4.172639] acpiphp: ACPI Hot Plug PCI Controller Driver version: 0.5
[    4.198282] PCI: Using configuration type 1 for base access
[    4.226582] ACPI: Added _OSI(Module Device)
[    4.240601] ACPI: Added _OSI(Processor Device)
[    4.281671] ACPI: Added _OSI(3.0 _SCP Extensions)
[    4.284132] ACPI: Added _OSI(Processor Aggregator Device)
[    4.287882] ACPI: Executed 1 blocks of module-level executable AML code
[    4.293623] ACPI: Interpreter enabled
[    4.295432] ACPI: (supports S0 S5)
[    4.296967] ACPI: Using IOAPIC for interrupt routing
[    4.299124] PCI: Using host bridge windows from ACPI; if necessary, use "pci=nocrs" and report a bug
[    4.307854] ACPI: PCI Root Bridge [PCI0] (domain 0000 [bus 00-ff])
[    4.310641] acpi PNP0A03:00: _OSC: OS supports [ASPM ClockPM Segments MSI]
[    4.313470] acpi PNP0A03:00: _OSC: not requesting OS control; OS requires [ExtendedConfig ASPM ClockPM MSI]
[    4.318371] acpi PNP0A03:00: fail to add MMCONFIG information, can't access extended PCI configuration space under this bridge.
[    4.333361] PCI host bridge to bus 0000:00
[    4.335064] pci_bus 0000:00: root bus resource [io  0x0000-0x0cf7 window]
[    4.337810] pci_bus 0000:00: root bus resource [io  0x0d00-0xffff window]
[    4.340470] pci_bus 0000:00: root bus resource [mem 0x000a0000-0x000bffff window]
[    4.343666] pci_bus 0000:00: root bus resource [mem 0x40000000-0xfdffffff window]
[    4.347508] pci_bus 0000:00: root bus resource [bus 00-ff]
[    4.354944] pci 0000:00:01.1: legacy IDE quirk: reg 0x10: [io  0x01f0-0x01f7]
[    4.359911] pci 0000:00:01.1: legacy IDE quirk: reg 0x14: [io  0x03f6]
[    4.363565] pci 0000:00:01.1: legacy IDE quirk: reg 0x18: [io  0x0170-0x0177]
[    4.367375] pci 0000:00:01.1: legacy IDE quirk: reg 0x1c: [io  0x0376]
[    4.403276] pci 0000:00:07.0: quirk: [io  0x4000-0x403f] claimed by PIIX4 ACPI
[    4.422201] pci 0000:00:07.0: quirk: [io  0x4100-0x410f] claimed by PIIX4 SMB
[    4.471515] ACPI: PCI Interrupt Link [LNKA] (IRQs 5 9 10 *11)
[    4.476593] ACPI: PCI Interrupt Link [LNKB] (IRQs 5 9 *10 11)
[    4.482717] ACPI: PCI Interrupt Link [LNKC] (IRQs 5 *9 10 11)
[    4.487042] ACPI: PCI Interrupt Link [LNKD] (IRQs 5 9 10 *11)
[    4.491225] ACPI: Enabled 2 GPEs in block 00 to 07
[    4.498150] vgaarb: setting as boot device: PCI:0000:00:02.0
[    4.515141] vgaarb: device added: PCI:0000:00:02.0,decodes=io+mem,owns=io+mem,locks=none
[    4.541699] vgaarb: loaded
[    4.549566] vgaarb: bridge control possible 0000:00:02.0
[    4.561212] SCSI subsystem initialized
[    4.563330] ACPI: bus type USB registered
[    4.565644] usbcore: registered new interface driver usbfs
[    4.576451] usbcore: registered new interface driver hub
[    4.587400] usbcore: registered new device driver usb
[    4.589492] PCI: Using ACPI for IRQ routing
[    4.593347] NetLabel: Initializing
[    4.594433] NetLabel:  domain hash size = 128
[    4.601732] NetLabel:  protocols = UNLABELED CIPSOv4
[    4.614332] NetLabel:  unlabeled traffic allowed by default
[    4.616293] amd_nb: Cannot enumerate AMD northbridges
[    4.618553] clocksource: Switched to clocksource kvm-clock
[    4.629862] AppArmor: AppArmor Filesystem Enabled
[    4.631440] pnp: PnP ACPI init
[    4.633710] np: PnP ACPI: found 3 devices

[    4.671122] clocksource: acpi_pm: mask: 0xffffff max_cycles: 0xffffff, max_idle_ns: 2085701024 ns
[    4.674542] NET: Registered protocol family 2
[    4.676540] TCP established hash table entries: 8192 (order: 4, 65536 bytes)
[    4.679049] TCP bind hash table entries: 8192 (order: 5, 131072 bytes)
[    4.681488] TCP: Hash tables configured (established 8192 bind 8192)
[    4.683434] UDP hash table entries: 512 (order: 2, 16384 bytes)
[    4.685534] UDP-Lite hash table entries: 512 (order: 2, 16384 bytes)
[    4.687813] NET: Ristered protool family 1
[    4.759596] pci 0000:00:00.0: Limiting direct PCI/PCI transfers
[    4.761325] pci 0000:00:01.0: Activating ISA DMA hang workarounds
[    4.763260] Unpacking initramfs...

[    4.986470] Freeing initrd memory: 14824K
[    5.002659] RAPL PMU detected, API unit is 2^-32 Joules, 4 fixed counters 10737418240 ms ovfl timer
[    5.045477] hw unit of domain pp0-core 2^-0 Joules
[    5.068305] hw unit of domain package 2^-0 Joules
[    5.080878] hw unit of domain dram 2^-0 Joules
[    5.091108] hw unit of domain pp1-gpu 2^-0 Joules
[    .11400]pltfrmrt_cmos: egistered platform TCdeic (o NPdevice found)
[    5.474806] Scanning for low memory corruption every 60 seconds

[    5.477462] audit: initializing netlink subsys (disabled)
[    5.479254] audit: type=2000 audit(1566492357.147:1): initialized
[    5.481676] Initialise system trusted keyring
[    5.483487] HugeTLB registered 2 MB page size, pre-allocated 0 pages
[    5.490245] zbud: loaded
[    5.491786] VFS: Disk quotas dquot_6.6.0
[    5.493074] VFS: Dquot-cache hash table entries: 512 (order 0, 4096 bytes)
[    5.495265] squashfs: version 4.0 (2009/01/31) Phillip Lougher
[    5.497445] fuse init (API version 7.23)
[    5.499035] Key type big_key registered
[    5.500296] Allocating IMA MOK and blacklist keyrings.
[    5.505033] Key type asymmetric registered
[    5.508060] Asymmetric key parser 'x509' registered
[    5.510105] Block layer SCSI generic (bsg) driver version 0.4 loaded (major 249)
[    5.514140] io scheduler noop registered
[    5.517020] io scheduler deadline registered (default)
[    5.519725] io scheduler cfq registered
[    5.522284] pci_hotplug: PCI Hot Plug PCI Core version: 0.5
[    5.528941] pciehp: PCI Express Hot Plug Controller Driver version: 0.4
[    5.532572] ACPI: AC Adapter [AC] (off-line)
[    5.535106] input: Power Button as /devices/LNXSYSTM:00/LNXPWRBN:00/input/input0
[    5.539334] ACPI: Power Button [PWRF]
[    5.541771] input: Sleep Button as /devices/LNXSYSTM:00/LNXSLPBN:00/input/input1
[    5.546205] ACPI: Sleep Button [SLPF]
[    5.549493] GHES: HEST is not enabled!
[    5.552169] ACPI: Battery Slot [BAT0] (battery present)
[    5.557264] Serial: 8250/16550 driver, 32 ports, IRQ sharing enabled
[    5.589108] 00:02: ttyS0 at I/O 03f (rq= , ase_bau = 115200) is a 16550A

[    5.763938] Linux agpgart interface v0.103
[    5.767669] loop: module loaded
[    5.784639] cs hst0: at_piix
[    5.901376] scsi host1: ata_ii
   59462] ta: AT mx DMA/33cmd 0x10 ct 0x3f6bmdma 0xd000 rq14
[   .3337]at2:PAA axUDA/33 cmd 0x170 ctl 0x376 bmdma 0xd008 irq 15

[    6.624336] tsc: Refined TSC clocksource calibration: 2699.495 MHz
[    6.631787] clocksource: tsc: mask: 0xffffffffffffffff max_cycles: 0x26e9614a5b6, max_idle_ns: 440795210741 ns
[    6.632572] libphy: Fixed MDIO Bus: probed
[    6.632575] tun: Universal TUN/TAP device driver, 1.6
[    6.632576] tun: (C) 1999-2004 Max Krasnyansky <maxk@qualcomm.com>
[    6.632640] PPP generic driver version 2.4.2
[    6.632711] ehci_hcd: USB 2.0 'Enhanced' Host Controller (EHCI) Driver
[    6.632717] ehci-pci: EHCI PCI platform driver
[    6.632736] ehci-platform: EHCI generic platform driver
[    6.632748] ohci_hcd: USB 1.1 'Open' Host Controller (OHCI) Driver
[    6.632752] ohci-pci: OHCI PCI platform driver
[    6.632763] ohci-platform: OHCI generic platform driver
[    6.632775] uhci_hcd: USB Universal Host Controller Interface driver
[    6.632861] i8042: PNP: PS/2 Controller [PNP0303:PS2K,PNP0f03:PS2M] at 0x60,0x64 irq 1,12
[    6.640716] serio: i8042 KBD port at 0x60,0x64 irq 1
[    6.640725] serio: i8042 AUX port at 0x60,0x64 irq 12
[    6.640920] mousedev: PS/2 mouse device common for all mice
[    6.641503] rtc_cmos rtc_cmos: rtc core: registered rtc_cmos as rtc0
[    6.641578] rtc_cmos rtc_cmos: alarms up to one day, 114 bytes nvram
[    6.641590] i2c /dev entries driver
[    6.641668] device-mapper: uevent: version 1.0.3
[    6.641743] device-mapper: ioctl: 4.34.0-ioctl (2015-10-28) initialised: dm-devel@redhat.com
[    6.641769] ledtrig-cpu: registered to indicate activity on CPUs
[    6.642182] NET: Registered protocol family 10
[    6.642425] NET: Registered protocol family 17
[    6.642440] Key type dns_resolver registered
[    6.642843] registered taskstats version 1
[    6.642859] Loading compiled-in X.509 certificates
[    6.643845] Loaded X.509 cert 'Build time autogenerated kernel key: 4dcb2dc2c7cf43e0c20c44384f68683c20294489'
[    6.643886] zswap: loaded using pool lzo/zbud
[    6.646422] Key type trusted registered
[    6.649946] Key type encrypted registered
[    6.649955] AppArmor: AppArmor sha1 policy hashing enabled
[    6.649958] ima: No TPM chip found, activating TPM-bypass!
[    6.649967] ima: Allocated hash algorithm: sha1
[    6.649986] evm: HMAC attrs: 0x1
[    6.650773]   Magic number: 15:598:793
[    6.654623] rtc_cmos rtc_cmos: setting system clock to 2019-08-22 16:45:57 UTC (1566492357)
[    6.654804] BIOS EDD facility v0.16 2004-Jun-25, 0 devices found
[    6.654804] EDD information not available.
[    6.676672] input: AT Translated Set 2 keyboard as /devices/platform/i8042/serio0/input/input2
[    6.929157] Freeing unused kernel memory: 1484K
[    6.991236] Write protecting the kernel read-only data: 14336k
[    7.034542] Freeing unused kernel memory: 1620K
[    7.071305] Freeing unused kernel memory: 68K
Loading, please wait...
starting version[    7.088376] random: systemd-udevd: uninitialized urandom read (16 bytes read, 5 bits of entropy available)
 229
[    7.089007] random: udevadm: uninitialized urandom read (16 bytes read, 5 bits of entropy available)
[    7.089026] random: udevadm: uninitialized urandom read (16 bytes read, 5 bits of entropy available)
[    7.096373] random: udevadm: uninitialized urandom read (16 bytes read, 5 bits of entropy available)
[    7.096412] random: udevadm: uninitialized urandom read (16 bytes read, 5 bits of entropy available)
[    7.096535] random: udevadm: uninitialized urandom read (16 bytes read, 5 bits of entropy available)
[    7.096583] random: udevadm: uninitialized urandom read (16 bytes read, 5 bits of entropy available)
[    7.096628] random: udevadm: uninitialized urandom read (16 bytes read, 5 bits of entropy available)
[    7.096671] random: udevadm: uninitialized urandom read (16 bytes read, 5 bits of entropy available)
[    7.096717] random: udevadm: uninitialized urandom read (16 bytes read, 5 bits of entropy available)
[    7.438976] Fusion MPT base driver 3.04.20
[    7.440713] Copyright (c) 1999-2008 LSI Corporation
[    7.477987] e1000: Intel(R) PRO/1000 Network Driver - version 7.3.21-k8-NAPI
[    7.480087] e1000: Copyright (c) 1999-2006 Intel Corporation.
[    7.489348] AVX2 version of gcm_enc/dec engaged.
[    7.495784] AES CTR mode by8 optimization enabled
[    7.517352] Fusion MPT SPI Host driver 3.04.20
[    7.694534] input: ImExPS/2 Generic Explorer Mouse as /devices/platform/i8042/serio1/input/input4
[    7.958204] e1000 0000:00:03.0 eth0: (PCI:33MHz:32-bit) 02:26:7f:6e:ca:81
[    8.911905] e1000 0000:00:03.0 eth0: Intel(R) PRO/1000 Network Connection
[    8.916327] mptbase: ioc0: Initiating bringup
[    8.920438] e1000 0000:00:03.0 enp0s3: renamed from eth0
[    8.979028] ioc0: LSI53C1030 A0: Capabilities={Initiator}
[    9.147619] scsi host2: ioc0: LSI53C1030 A0, FwRev=00000000h, Ports=1, MaxQ=256, IRQ=20
[    9.264052] scsi 2:0:0:0: Direct-Access     VBOX     HARDDISK         1.0  PQ: 0 ANSI: 5
[    9.297706] scsi target2:0:0: Beginning Domain Validation
[    9.330277] scsi target2:0:0: Domain Validation skipping write tests
[    9.332159] scsi target2:0:0: Ending Domain Validation
[    9.333740] scsi target2:0:0: asynchronous
[    9.343336] scsi 2:0:1:0: Direct-Access     VBOX     HARDDISK         1.0  PQ: 0 ANSI: 5
[    9.354955] scsi target2:0:1: Beginning Domain Validation
[    9.375519] scsi target2:0:1: Domain Validation skipping write tests
[    9.377288] scsi target2:0:1: Ending Domain Validation
[    9.378870] scsi target2:0:1: asynchronous
[    9.390718] sd 2:0:0:0: Attached scsi generic sg0 type 0
[    9.392537] sd 2:0:0:0: [sda] 20971520 512-byte logical blocks: (10.7 GB/10.0 GiB)
[    9.395055] sd 2:0:1:0: Attached scsi generic sg1 type 0
[    9.396722] sd 2:0:1:0: [sdb] 20480 512-byte logical blocks: (10.5 MB/10.0 MiB)
[    9.399407] sd 2:0:1:0: [sdb] Write Protect is off
[    9.415046] sd 2:0:0:0: [sda] Write Protect is off
[    9.441507] sd 2:0:1:0: [sdb] Incomplete mode parameter data
[    9.443762] sd 2:0:0:0: [sda] Incomplete mode parameter data
[    9.443764] sd 2:0:0:0: [sda] Assuming drive cache: write through
[    9.471772]  sda: sda1
[    9.473126] sd 2:0:0:0: [sda] Attached SCSI disk
[    9.510647] sd 2:0:1:0: [sdb] Assuming drive cache: write through
[    9.550681] sd 2:0:1:0: [sdb] Attached SCSI disk
Begin: Loading e[   10.882774] md: linear personality registered for level -1
ssential drivers ... [   10.921855] md: multipath personality registered for level -4
[   10.926662] md: raid0 personality registered for level 0
[   10.933098] md: raid1 personality registered for level 1
[   11.006969] raid6: sse2x1   gen()  9841 MB/s
[   11.075091] raid6: sse2x1   xor()  7314 MB/s
[   11.159647] raid6: sse2x2   gen() 12074 MB/s
[   11.226732] raid6: sse2x2   xor()  5239 MB/s
[   11.294973] raid6: sse2x4   gen()  8957 MB/s
[   11.375084] raid6: sse2x4   xor()  9670 MB/s
[   11.450929] raid6: avx2x1   gen() 17516 MB/s
[   11.522918] raid6: avx2x2   gen() 21322 MB/s
[   11.607115] raid6: avx2x4   gen() 24646 MB/s
[   11.630931] raid6: using algorithm avx2x4 gen() 24646 MB/s
[   11.637513] raid6: using avx2x2 recovery algorithm
[   11.646695] xor: automatically using best checksumming function:
[   11.710593]    avx       : 25190.000 MB/sec
[   11.713762] async_tx: api initialized (async)
[   11.728957] md: raid6 personality registered for level 6
[   11.732239] md: raid5 personality registered for level 5
[   11.745544] md: raid4 personality registered for level 4
[   11.762331] md: raid10 personality registered for level 10
done.
Begin: Running /scripts/init-premount ... done.
Begin: Mounti[   11.803093] Btrfs loaded
ng root file system ... Begin: Running /scripts/local-top ... done.
Begin: Running /scripts/local-premount ... Scanning for Btrfs filesystems
done.
Warning: fsck no[   11.835533] EXT4-fs (sda1): mounted filesystem with ordered data mode. Opts: (null)
t present, so skipping root file system
done.
Begin: Running /scripts/local-bottom ... done.
Begin: Running /scripts/init-bottom ... done.
[   11.928479] systemd[1]: systemd 229 running in system mode. (+PAM +AUDIT +SELINUX +IMA +APPARMOR +SMACK +SYSVINIT +UTMP +LIBCRYPTSETUP +GCRYPT +GNUTLS +ACL +XZ -LZ4 +SECCOMP +BLKID +ELFUTILS +KMOD -IDN)
[   11.957513] systemd[1]: Detected virtualization oracle.
[   11.979155] systemd[1]: Detected architecture x86-64.

Welcome to [1mUbuntu 16.04.6 LTS[0m!

[   11.999831] systemd[1]: Set hostname to <ubuntu>.
[   12.003619] systemd[1]: Initializing machine ID from random generator.
[   12.005717] systemd[1]: Installed transient /etc/machine-id file.
[   12.466933] systemd[1]: Listening on Journal Audit Socket.
[[0;32m  OK  [0m] Listening on Journal Audit Socket.
[  12.939790]syted[1]:Listenig n Devcemapper event demn IFs.
[[0;32m  OK  [0m] Listening on Device-mapper event daemon FIFOs.
[   13.289900] systemd[1]: Listening on LVM2 metadata daemon socket.
[[0;32m  OK  [0m] Listening on LVM2 metadata daemon socket.
[  1.37310] systmd1]: Reached target Swap.

[[0;32m  OK  [0m] Reached target Swap.
[   3.446479] systemd[1]: Reached target User and Group Name Lookups.
[[0;32m  OK  [0m] Reached target User and Group Name Lookups.
[   13.474577] systemd[1]: Listening on /dev/initctl Compatibility Named Pipe.
[[0;32m  OK  [0m] Listening on /dev/initctl Compatibility Named Pipe.
[   13.479865] systemd[1]: Reached target Encrypted Volumes.
[[0;32m  OK  [0m] Reached target Encrypted Volumes.
[   13.485174] systemd[1]: Listening on Syslog Socket.
[[0;32m  OK  [0m] Listening on Syslog Socket.
[   13.490051] systemd[1]: Started Forward Password Requests to Wall Directory Watch.
[[0;32m  OK  [0m] Started Forward Password Requests to Wall Directory Watch.
[   13.497448] systemd[1]: Listening on udev Control Socket.
[[0;32m  OK  [0m] Listening on udev Control Socket.
[   13.503431] systemd[1]: Listening on Journal Socket (/dev/log).
[[0;32m  OK  [0m] Listening on Journal Socket (/dev/log).
[   13.511459] systemd[1]: Listening on LVM2 poll daemon socket.
[[0;32m  OK  [0m] Listening on LVM2 poll daemon socket.
[   13.519691] systemd[1]: Created slice System Slice.
[[0;32m  OK  [0m] Created slice System Slice.
[   13.918815] systemd[1]: Created slice system-serial\x2dgetty.slice.
[[0;32m  OK  [0m] Created slice system-serial\x2dgetty.slice.
[  1.9276]syted[]:Listning n ouna Scket.
[[0;32m  OK  [0m] Listening on Journal Socket.
[   14.315533] systemd[1]: Mounting Huge Pages File System...
         Mounting Huge Pages File System...
[   14.359515] systemd[1]: Starting Journal Service...
         Starting Journal Service...
[   14.379110] systemd[1]: Starting Create list of required static device nodes for the current kernel...
         Starting Create list of required st... nodes for the current kernel...
[   14.423442] systemd[1]: Starting Uncomplicated firewall...
         Starting Uncompl[   14.457325] random: nonblocking pool is initialized
icated firewall...
[   14.672951] systemd[1]: Mounting POSIX Message Queue File System...
         Mounting POSIX Message Queue File System...
[   14.686553] systemd[1]: Starting Set console keymap...
         Starting Set console keymap...
[   14.704337] systemd[1]: Starting Remount Root and Kernel File Systems...
         [   14.719098] EXT4-fs (sda1): re-mounted. Opts: (null)
Starting Remount Root and Kernel File Systems...
[   14.754804] systemd[1]: Mounting Debug File System...
         Mounting Debug File System...
[   14.769546] systemd[1]: Starting Load Kernel Modules...
         Starting Load Kernel Modules...
[   14.779028] Loading iSCSI transport class v2.0-870.
[   14.779816] systemd[1]: Starting Monitoring of LVM2 mirrors, snapshots etc. using dmeventd or progress polling...
         Starting Monitoring of LVM2 mirrors... dmeventd or progress polling...
[   14.831429] systemd[1]: Started Trigger resolvconf update for networkd DNS.
[   14.834356] iscsi: registeedtrnsport (tcp)

[[0;32m  OK  [0m] Started Trigger resolvconf update for networ[   14.930088] iscsi: registered transport (iser)
kd DNS.
[   14.937634] systemd[1]: Created slice User and Session Slice.
[[0;32m  OK  [0m] Created slice User and Session Slice.
[   14.951427] systemd[1]: Reached target Slices.
[[0;32m  OK  [0m] Reached target Slices.
[   14.977382] systemd[1]: Listening on udev Kernel Socket.
[[0;32m  OK  [0m] Listening on udev Kernel Socket.
[   15.023167] systemd[1]: Starting Nameserver information manager...
         Starting Nameserver information manager...
[   15064016 sstmd[1]: Reachd aretSytem Time Synchronized.
[[0;32m  OK  [0m] Reached target System Time Synchronized.
[   15.319835] systemd[1]: Set up automount Arbitrary Executable File FormatsFile System Automount Point.
[[0;32m  OK  [0m] Set up automount Arbitrary Executab...ats File System Automount Point.
[   15.368763] systemd[1]: Mounted Debug File System.
[[0;32m  OK  [0m] Mounted Debug File System.
[   15.399283] systemd[1]: Mounted Huge Pages File System.
[[0;32m  OK  [0m] Mounted Huge Pages File System.
[   15.427855] systemd[1]: Mounted POSIX Message Queue File System.
[[0;32m  OK  [0m] Mounted POSIX Message Queue File System.
[  1.45127]syted[]:Strtdd Journal Servie.

[[0;32m  OK  [0m] Started Journal Service.
[[0;32m  OK  [0m] Started Create list of required sta...ce nodes for the current kernel.
[[0;32m  OK  [0m] Started Uncomplicated firewall.
[[0;32m  OK  [0m] Started Set console keymap.
[[0;32m  OK  [0m] Started Remount Root and Kernel File Systems.
[[0;32m  OK  [0m] Started Load Kernel Modules.
[[0;32m  OK  [0m] Started Nameserver information manager.
[[0;32m  OK  [0m] Started LVM2 metadata daemon.
         Starting Apply Kernel Variables...
         Mounting FUSE Control File System...
         Starting udev Coldplug all Devices...
         Starting Load/Save Random Seed...
         Starting Create Static Device Nodes in /dev...
         Starting Flush Journal to Persistent Storage...
[[0;32m  OK  [0m] Mounted FUSE Control File System.
[[0;32m  OK  [0m] Started Apply Kernel Variables.
[[0;32m  OK  [0m] Started Monitoring of LVM2 mirrors,...ng dmeventd or progress polling.
[[0;32m  OK  [0m] Started Load/Save Random Seed.
[[0;32m  OK  [0m] Started Create Static Device Nodes in /dev.
[[0;32m  OK  [0m] Started udev Coldplug all Devices.
[[0;32m  OK  [0m] Started Flush Journal to Persistent Storage.
         Starting udev Kernel Device Manager...
[[0;32m  OK  [0m] Reached target Local File Systems (Pre).
[[0;32m  OK  [0m] Reached target Local File Systems.
         Starting Initial cloud-init job (pre-networking)...
         Starting Commit a transient machine-id on disk...
         Starting Set console font and keymap...
         Starting Create Volatile Files and Directories...
         Starting LSB: AppArmor initialization...
         Starting Tell Plymouth To Write Out Runtime Data...
[[0;32m  OK  [0m] Started udev Kernel Device Manager.
[[0;32m  OK  [0m] Started Commit a transient machine-id on disk.
[[0;32m  OK  [0m] Started Create Volatile Files and Directories.
[[0;32m  OK  [0m] Started Tell Plymouth To Write Out Runtime Data.
         Starting Update UTMP about System Boot/Shutdown...
[[0;32m  OK  [0m] Started Dispatch Password Requests to Console Directory Watch.
[[0;32m  OK  [0m] Started Update UTMP about System Boot/Shutdown.
[[0;32m  OK  [0m] Found device /dev/ttyS0.
[[0;32m  OK  [0m] Listening on Load/Save RF Kill Switch Status /dev/rfkill Watch.
[[0;32m  OK  [0m] Started LSB: AppArmor initialization.
[   13.725152] cloud-init[473]: Cloud-init v. 18.5-45-g3554ffe8-0ubuntu1~16.04.1 running 'init-local' at Thu, 22 Aug 2019 16:46:08 +0000. Up 13.32 seconds.
[[0;32m  OK  [0m] Started Initial cloud-init job (pre-networking).
[[0;32m  OK  [0m] Reached target Network (Pre).
         Starting Raise network interfaces...
[[0;32m  OK  [0m] Started Set console font and keymap.
[[0;32m  OK  [0m] Created slice system-getty.slice.
[[0;32m  OK  [0m] Started Raise network interfaces.
         Starting Initial cloud-init job (metadata service crawler)...
[[0;32m  OK  [0m] Reached target Network.
[   15.167262] cloud-init[928]: Cloud-init v. 18.5-45-g3554ffe8-0ubuntu1~16.04.1 running 'init' at Thu, 22 Aug 2019 16:46:09 +0000. Up 14.53 seconds.
[   15.187563] cloud-init[928]: ci-info: ++++++++++++++++++++++++++++++++++++++Net device info++++++++++++++++++++++++++++++++++++++
[   15.200744] cloud-init[928]: ci-info: +--------+------+----------------------------+---------------+--------+-------------------+
[   15.209632] cloud-init[928]: ci-info: | Device |  Up  |          Address           |      Mask     | Scope  |     Hw-Address    |
[   15.224402] cloud-init[928]: ci-info: +--------+------+----------------------------+---------------+--------+-------------------+
[   15.241242] cloud-init[928]: ci-info: | enp0s3 | True |         10.0.2.15          | 255.255.255.0 | global | 02:26:7f:6e:ca:81 |
[   15.253152] cloud-init[928]: ci-info: | enp0s3 | True | fe80::26:7fff:fe6e:ca81/64 |       .       |  link  | 02:26:7f:6e:ca:81 |
[   15.269387] cloud-init[928]: ci-info: |   lo   | True |         127.0.0.1          |   255.0.0.0   |  host  |         .         |
[   15.286444] cloud-init[928]: ci-info: |   lo   | True |          ::1/128           |       .       |  host  |         .         |
[   15.293452] cloud-init[928]: ci-info: +--------+------+----------------------------+---------------+--------+-------------------+
[   15.343085] cloud-init[928]: ci-info: +++++++++++++++++++++++++++Route IPv4 info++++++++++++++++++++++++++++
[   15.344370] cloud-init[928]: ci-info: +-------+-------------+----------+---------------+-----------+-------+
[[0;32m  OK  [0m] Started Initial cloud-init job (metadata service crawler).
[   15.344766] cloud-init[928]: ci-info: | Route | Destination | Gateway  |    Genmask    | Interface | Flags |
[   15.395651] cloud-init[928]: ci-info: +-------+-------------+----------+---------------+-----------+-------+
[   15.399271] cloud-init[928]: ci-info: |   0   |   0.0.0.0   | 10.0.2.2 |    0.0.0.0    |   enp0s3  |   UG  |
[   15.399854] cloud-init[928]: ci-info: |   1   |   10.0.2.0  | 0.0.0.0  | 255.255.255.0 |   enp0s3  |   U   |
[   15.403062] cloud-init[928]: ci-info: +-------+-------------+----------+---------------+-----------+-------+
[   15.405709] cloud-init[928]: ci-info: +++++++++++++++++++Route IPv6 info+++++++++++++++++++
[   15.408358] cloud-init[928]: ci-info: +-------+-------------+---------+-----------+-------+
[   15.410399] cloud-init[928]: ci-info: | Route | Destination | Gateway | Interface | Flags |
[   15.413162] cloud-init[928]: ci-info: +-------+-------------+---------+-----------+-------+
[[0;32m  OK  [0m] Reached target Cloud-config availability.
[[   15.415567] cloud-init[928]: ci-info: |   0   |  fe80::/64  |    ::   |   enp0s3  |   U   |
[0;32m  OK  [0m] [   15.469286] Reached target Network is Online.cloud-init
[928]: ci-info: |   3   |   ff00::/8  |    ::   |   enp0s3  |   U   |
[   15.495915]          Starting iSCSI initiator daemon (iscsid)...
[[0;32m  OK  [0m] Reached target System Initialization.
         cloud-initStarting Socket activation for snappy daemon.[928]: 
ci-info: +-------+-------------+---------+-----------+-------+
[[0;32m  OK  [0m] Started Daily apt download activities.
[[0;32m  OK  [0m] Started Daily apt upgrade and clean activities.
[   15.531924] cloud-init[928]: Generating public/private rsa key pair.
[   15.580545]          Starting LXD - unix socket.
cloud-init[928]: Your identification has been saved in /etc/ssh/ssh_host_rsa_key.
[[0;32m  OK  [0m] Listening on ACPID Listen Socket.
[   15.582235] cloud-init[928]: Your public key has been saved in /etc/ssh/ssh_host_rsa_key.pub.
[   15.670902] [[0;32m  OK  [0m] Started ACPI Events Check.
[cloud-init[0;32m  OK  [0m[928]: ] The key fingerprint is:Reached target Paths.

[   15.709301] [[0;32m  OK  [0m] Listening on D-Bus System Message Bus Socket.
[[0;32m  OK  [0m] Started Daily Cleanup of Temporary Directories.
cloud-init[928]: SHA256:AmzcwPtKGz0qakDXwcDe93/3NyMsefm0ax4sNqOCU4M root@ubuntu-xenial
[   15.736437] [[0;32m  OK  [0m] Reached target Timers.
[cloud-init[0;32m  OK  [0m[928]: ] The key's randomart image is:Listening on UUID daemon activation socket.

[   15.739198] cloud-init[928]: +---[RSA 2048]----+
[[0;32m  OK  [0m] Listening on Socket activation for snappy daemon.
[[0;32m  OK  [0m] Listening on LXD - unix socket.
[[0;32m  OK  [0m] Started iSCSI initiator daemon (iscsid).
[   15.796743] cloud-init[928]: |  .o+            |
[   15.867268] cloud-init[928]: |   +.=           |
         Starting Login to default iSCSI targets...
[   15.869011] cloud-init[928]: |  . B.o          |
[   15.898872] cloud-init[928]: | . +.+ .         |
[[0;32m  OK  [0m] Reached target Sockets.
[   15.902831] cloud-init[928]: |. .  oo S        |
[[0;32m  OK  [0m] Reached target Basic System.
[   15.906903] cloud-init[928]: |.   o +E +    .  |
[   15.916975]          Starting Pollinate to seed the pseudo random number generator...
         Starting Accounts Service...
cloud-init         Starting /etc/rc.local Compatibility...
[[0;32m  OK  [0m] Started D-Bus System Message Bus.
[928]: |.  . = .o o o=.+ |
[   15.932099] cloud-init[928]: | .. +  o . +o*==+|
[   15.945159] cloud-init[928]: |o. .    . ..+ *=B|
[   15.948609] cloud-init[928]: +----[SHA256]-----+
[   15.973745] [[0;32m  OK  [0m] Started ACPI event daemon.
         Starting Login Service...
         Starting LSB: Record successful boot for GRUB...
[[0;32m  OK  [0m] Started FUSE filesystem for LXC.
         Starting LSB: MD monitoring daemon...
         Starting System Logging Service...
[[0;32m  OK  [0m] Started Regular background program processing daemon.
         Starting LXD - container startup/shutdown...
         Starting Virtualbox guest utils...
[[0;32m  OK  [0m] Started Deferred execution scheduler.
         Starting Snappy daemon...
[[0;32m  OK  [0m] Started /etc/rc.local Compatibility.
cloud-init[928]: Generating public/private dsa key pair.
[   16.018072] cloud-init[928]: Your identification has been saved in /etc/ssh/ssh_host_dsa_key.
[   16.032656] cloud-init[928]: Your public key has been saved in /etc/ssh/ssh_host_dsa_key.pub.
[   16.045169] cloud-init[928]: The key fingerprint is:
[[0;32m  OK  [0m] Started System Logging Service.
[   16.045702] cloud-init[928]: SHA256:PnwwBQu3/a147lyXvcb+Arm+MV/cgnMn+GDDyfj8nlY root@ubuntu-xenial
[   16.062667] cloud-init[928]: The key's randomart image is:
[   16.090707] cloud-init[928]: +---[DSA 1024]----+
[   16.104751] cloud-init[928]: |      . o        |
[   16.105778] cloud-init[928]: |       o =       |
[[0;32m  OK  [0m] Started Login to default iSCSI targets.
[   16.107568] cloud-init[928]: |        o o      |
[   16.127894] cloud-init[928]: |         . . .   |
[   16.131675] cloud-init[928]: |        S   ...  |
[   16.137293] cloud-init[928]: |       o o =o= .E|
[   16.143398] cloud-init[928]: |        + + /o*oB|
[   16.156266] cloud-init[928]: |         o B.@oX.|
[   16.172330] cloud-init[928]: |           oO=O+o|
         Starting Authenticate and Authorize Users to Run Privileged Tasks...
[[0;32m  OK  [0m] Reached target Remote File Systems (Pre).
[[0;32m  OK  [0m] Reached target Remote File Systems.
[   16.198733] cloud-init[928]: +----[SHA256]-----+
         [   16.236485] cloud-init[928]: Generating public/private ecdsa key pair.
[   16.237935] cloud-init[928]: Your identification has been saved in /etc/ssh/ssh_host_ecdsa_key.
Starting LSB: daemon to balance interrupts for SMP systems...
[   16.239001] cloud-init[928]: Your public key has been saved in /etc/ssh/ssh_host_ecdsa_key.pub.
         Starting LSB: automatic crash report generation...
         Starting LSB: Set the CPU Frequency Scaling governor to "ondemand"...
         Starting Permit User Sessions...
[[   16.283734] cloud-init[928]: The key fingerprint is:
[   16.310992] cloud-init[928]: SHA256:Ysj2bDnDJV0Nv6OpC/h1fpTHR/B90h151jDwkE1pX50 root@ubuntu-xenial
[   16.311250] cloud-init[928]: The key's randomart image is:
[0;32m  OK  [0m] Started LSB: Record successful boot for GRUB.
[[0;32m  OK  [0m] Started LSB: MD monitoring daemon.
[[0;32m  OK  [0m] Started LXD - container startup/shutdown.
[   16.313612] cloud-init[928]: +---[ECDSA 256]---+
[   16.357955] cloud-init[928]: |          . o=+o=|
[   16.358076] cloud-init[928]: |           +.o=E*|
[   16.358152] cloud-init[928]: |          . o..**|
[   16.358221] cloud-init[928]: |   . . . .   .. O|
[   16.358284] cloud-init[928]: |    + + S   oo o.|
[   16.358343] cloud-init[928]: |   . * =   oo.o .|
[[0;32m  OK  [0m] Started Virtualbox guest utils.
[[0;32m  OK  [0m] Started Permit User Sessions.
[[0;32m  OK  [0m] Started Snappy daemon.
[[0;32m  OK  [0m] Started Login Service.
[   16.358401] cloud-init[928]: |    . X . +. . . |
[[0;32m  OK  [0m] Started Authenticate and Authorize Users to Run Privileged Tasks.
[   16.411175] cloud-init[928]: |     o = +  .    |
[   16.421241] [cloud-init[0;32m  OK  [0m[928]: ] |      . o...     |Started Accounts Service.

[   16.423271] cloud-init[928]: +----[SHA256]-----+
[   16.453927] cloud-init[928]: Generating public/private ed25519 key pair.
[   16.472839] cloud-init[928]: Your identification has been saved in /etc/ssh/ssh_host_ed25519_key.
[   16.477768] cloud-init[928]: Your public key has been saved in /etc/ssh/ssh_host_ed25519_key.pub.
[   16.499906] [[0;32m  OK  [0m] Started Unattended Upgrades Shutdown.
         Starting Wait until snapd is fully seeded...
         Starting Hold until boot process finishes up...
         Starting Terminate Plymouth Boot Screen...
cloud-init[928]: [[0;32m  OK  [0m] Started LSB: daemon to balance interrupts for SMP systems.
[[0;32m  OK  [0m] Started LSB: automatic crash report generation.
[[0;32m  OK  [0m] Started LSB: Set the CPU Frequency Scaling governor to "ondemand".
The key fingerprint is:
[[0;32m  OK  [0m] Started Hold until boot process finishes up.
[[0;32m  OK  [0m] Started Terminate Plymouth Boot Screen.
[   16.528777] cloud-init[928]: SHA256:txCZjVICgIQgVucBlSGAMqpYQvLi1Y94KfCkXY51V34 root@ubuntu-xenial
[   16.587291] cloud-init[928]: The key's randomart image is:
[[0;32m  OK  [0m] Started Serial Getty on ttyS0.
[   16.618730] cloud-init[928]: +--[ED25519 256]--+
[   16.653113] [[0;32m  OK  [0m] Started Getty on tty1.
cloud-init[928]: |B=+=+*+ .        |
[[0;32m  OK  [0m] Reached target Login Prompts.
[   16.655105] cloud-init[928]: |X.  +..o = .     |
[   16.692256] cloud-init[928]: |=o  ... = +      |
[   16.697531] cloud-init[928]: |+.oo + o o . E   |
[   16.701175] cloud-init[928]: |++B * = S . .    |         Starting Set console scheme...

[   16.712470] [[0;32m  OK  [0m] Started Set console scheme.
cloud-init[928]: |oo * = . o .     |
[   16.720575] cloud-init[928]: |    o     .      |
[   16.729952] cloud-init[928]: |                 |
[   16.738136] cloud-init[928]: |                 |
[   16.746080] cloud-init[928]: +----[SHA256]-----+
[[0;32m  OK  [0m] Started Pollinate to seed the pseudo random number generator.
         Starting OpenBSD Secure Shell server...
[[0;32m  OK  [0m] Started OpenBSD Secure Shell server.
[[0;32m  OK  [0m] Started Wait until snapd is fully seeded.
         Starting Apply the settings specified in cloud-config...
[[0;32m  OK  [0m] Reached target Multi-User System.
[[0;32m  OK  [0m] Reached target Graphical Interface.
         Starting Update UTMP about System Runlevel Changes...
[[0;32m  OK  [0m] Started Update UTMP about System Runlevel Changes.
[   19.475768] cloud-init[1275]: Generating locales (this might take a while)...
[   20.241863] cloud-init[1275]:   en_US.UTF-8... done
[   20.254302] cloud-init[1275]: Generation complete.
[   20.510706] cloud-init[1275]: Cloud-init v. 18.5-45-g3554ffe8-0ubuntu1~16.04.1 running 'modules:config' at Thu, 22 Aug 2019 16:46:14 +0000. Up 19.39 seconds.
[[0;32m  OK  [0m] Started Apply the settings specified in cloud-config.
         Starting Execute cloud user/final scripts...
ci-info: no authorized ssh keys fingerprints found for user ubuntu.
<14>Aug 22 16:46:15 ec2: 
<14>Aug 22 16:46:15 ec2: #############################################################
<14>Aug 22 16:46:15 ec2: -----BEGIN SSH HOST KEY FINGERPRINTS-----
<14>Aug 22 16:46:15 ec2: 1024 SHA256:PnwwBQu3/a147lyXvcb+Arm+MV/cgnMn+GDDyfj8nlY root@ubuntu-xenial (DSA)
<14>Aug 22 16:46:15 ec2: 256 SHA256:Ysj2bDnDJV0Nv6OpC/h1fpTHR/B90h151jDwkE1pX50 root@ubuntu-xenial (ECDSA)
<14>Aug 22 16:46:15 ec2: 256 SHA256:txCZjVICgIQgVucBlSGAMqpYQvLi1Y94KfCkXY51V34 root@ubuntu-xenial (ED25519)
<14>Aug 22 16:46:15 ec2: 2048 SHA256:AmzcwPtKGz0qakDXwcDe93/3NyMsefm0ax4sNqOCU4M root@ubuntu-xenial (RSA)
<14>Aug 22 16:46:15 ec2: -----END SSH HOST KEY FINGERPRINTS-----
<14>Aug 22 16:46:15 ec2: #############################################################
-----BEGIN SSH HOST KEY KEYS-----
ecdsa-sha2-nistp256 AAAAE2VjZHNhLXNoYTItbmlzdHAyNTYAAAAIbmlzdHAyNTYAAABBBEwh9u2Y4Y43V14O0lM/cA1Ca9whdd9xLmklg9sZ2m3kE5UlXMCI78G0spiKUqpJhk6RvsJ+CUmJthd6baBJPDE= root@ubuntu-xenial
ssh-ed25519 AAAAC3NzaC1lZDI1NTE5AAAAIJlZ6desghxI8gjnofLowsCsiXdcd76KvVZjSoQ3dCjQ root@ubuntu-xenial
ssh-rsa AAAAB3NzaC1yc2EAAAADAQABAAABAQDek6AvB+Hhz75ZzOmn8F3MsocIRrqkfxYIT68xCEKoYiuw5UPAkywK0I5hwAIt223ff2cPkMtr/nVxJ33PoLYrITUrPpU1WCveALaeTWSGDAjpEOIWv4tqmd5ex7Hr7A2MjukpI5YFvnuOCbWaZyjQ/nUzhwwOiMTzirSmS6j6qzPiu1ouXsm30zJaWRHZAUcHjFUH1VDeJckZj9f5RH5AWZqyPpSuzCEH3BELy6u90un/KgS62HjZp2SP49XihTCES0cXo9fevYQC7U9d1/5kAqzResdXbscWD09dD+9gsmN43kwaqza4n7ju4EqiPJl0GRVNFmBHwx8eFL7cQkTT root@ubuntu-xenial
-----END SSH HOST KEY KEYS-----
[   21.190310] cloud-init[1318]: Cloud-init v. 18.5-45-g3554ffe8-0ubuntu1~16.04.1 running 'modules:final' at Thu, 22 Aug 2019 16:46:15 +0000. Up 20.85 seconds.
[   21.196711] cloud-init[1318]: ci-info: no authorized ssh keys fingerprints found for user ubuntu.
[   21.201205] cloud-init[1318]: Cloud-init v. 18.5-45-g3554ffe8-0ubuntu1~16.04.1 finished at Thu, 22 Aug 2019 16:46:16 +0000. Datasource DataSourceNoCloud [seed=/dev/sdb][dsmode=net].  Up 21.18 seconds
[[0;32m  OK  [0m] Started Execute cloud user/final scripts.
[[0;32m  OK  [0m] Reached target Cloud-init target.

Ubuntu 16.04.6 LTS ubuntu-xenial ttyS0

ubuntu-xenial login: 