[    0.000000] Initializing cgroup subsys cpuset
[    0.000000] Initializing cgroup subsys cpu
[    0.000000] Initializing cgroup subsys cpuacct
[    0.000000] Linux version 4.4.0-146-generic (buildd@lcy01-amd64-025) (gcc version 5.4.0 20160609 (Ubuntu 5.4.0-6ubuntu1~16.04.10) ) #172-Ubuntu SMP Wed Apr 3 09:00:08 UTC 2019 (Ubuntu 4.4.0-146.172-generic 4.4.177)
[    0.000000] Command line: BOOT_IMAGE=/boot/vmlinuz-4.4.0-146-generic root=LABEL=cloudimg-rootfs ro console=tty1 console=ttyS0
[    0.000000] KERNEL supported cpus:
[    0.000000]   Intel GenuineIntel
[    0.000000]   AMD AuthenticAMD
[    0.000000]   Centaur CentaurHauls
[    0.000000] x86/fpu: xstate_offset[2]:  576, xstate_sizes[2]:  256
[    0.000000] x86/fpu: Supporting XSAVE feature 0x01: 'x87 floating point registers'
[    0.000000] x86/fpu: Supporting XSAVE feature 0x02: 'SSE registers'
[    0.000000] x86/fpu: Supporting XSAVE feature 0x04: 'AVX registers'
[    0.000000] x86/fpu: Enabled xstate features 0x7, context size is 832 bytes, using 'standard' format.
[    0.000000] e820: BIOS-provided physical RAM map:
[    0.000000] BIOS-e820: [mem 0x0000000000000000-0x000000000009fbff] usable
[    0.000000] BIOS-e820: [mem 0x000000000009fc00-0x000000000009ffff] reserved
[    0.000000] BIOS-e820: [mem 0x00000000000f0000-0x00000000000fffff] reserved
[    0.000000] BIOS-e820: [mem 0x0000000000100000-0x000000002cfeffff] usable
[    0.000000] BIOS-e820: [mem 0x000000002cff0000-0x000000002cffffff] ACPI data
[    0.000000] BIOS-e820: [mem 0x00000000fec00000-0x00000000fec00fff] reserved
[    0.000000] BIOS-e820: [mem 0x00000000fee00000-0x00000000fee00fff] reserved
[    0.000000] BIOS-e820: [mem 0x00000000fffc0000-0x00000000ffffffff] reserved
[    0.000000] NX (Execute Disable) protection: active
[    0.000000] SMBIOS 2.5 present.
[    0.000000] Hypervisor detected: KVM
[    0.000000] e820: last_pfn = 0x2cff0 max_arch_pfn = 0x400000000
[    0.000000] MTRR: Disabled
[    0.000000] x86/PAT: MTRRs disabled, skipping PAT initialization too.
[    0.000000] CPU MTRRs all blank - virtualized system.
[    0.000000] x86/PAT: Configuration [0-7]: WB  WT  UC- UC  WB  WT  UC- UC  
[    0.000000] found SMP MP-table at [mem 0x0009fff0-0x0009ffff] mapped at [ffff88000009fff0]
[    0.000000] Scanning 1 areas for low memory corruption
[    0.000000] RAMDISK: [mem 0x2b8d8000-0x2c751fff]
[    0.000000] ACPI: Early table checksum verification disabled
[    0.000000] ACPI: RSDP 0x00000000000E0000 000024 (v02 VBOX  )
[    0.000000] ACPI: XSDT 0x000000002CFF0030 00003C (v01 VBOX   VBOXXSDT 00000001 ASL  00000061)
[    0.000000] ACPI: FACP 0x000000002CFF00F0 0000F4 (v04 VBOX   VBOXFACP 00000001 ASL  00000061)
[    0.000000] ACPI: DSDT 0x000000002CFF0470 0021FF (v02 VBOX   VBOXBIOS 00000002 INTL 20100528)
[    0.000000] ACPI: FACS 0x000000002CFF0200 000040
[    0.000000] ACPI: FACS 0x000000002CFF0200 000040
[    0.000000] ACPI: APIC 0x000000002CFF0240 000054 (v02 VBOX   VBOXAPIC 00000001 ASL  00000061)
[    0.000000] ACPI: SSDT 0x000000002CFF02A0 0001CC (v01 VBOX   VBOXCPUT 00000002 INTL 20100528)
[    0.000000] No NUMA configuration found
[    0.000000] Faking a node at [mem 0x0000000000000000-0x000000002cfeffff]
[    0.000000] NODE_DATA(0) allocated [mem 0x2cfeb000-0x2cfeffff]
[    0.000000] kvm-clock: Using msrs 4b564d01 and 4b564d00
[    0.000000] kvm-clock: cpu 0, msr 0:2cfe3001, primary cpu clock
[    0.000000] kvm-clock: using sched offset of 5373240062 cycles
[    0.000000] clocksource: kvm-clock: mask: 0xffffffffffffffff max_cycles: 0x1cd42e4dffb, max_idle_ns: 881590591483 ns
[    0.000000] Zone ranges:
[    0.000000]   DMA      [mem 0x0000000000001000-0x0000000000ffffff]
[    0.000000]   DMA32    [mem 0x0000000001000000-0x000000002cfeffff]
[    0.000000]   Normal   empty
[    0.000000]   Device   empty
[    0.000000] Movable zone start for each node
[    0.000000] Early memory node ranges
[    0.000000]   node   0: [mem 0x0000000000001000-0x000000000009efff]
[    0.000000]   node   0: [mem 0x0000000000100000-0x000000002cfeffff]
[    0.000000] Initmem setup node 0 [mem 0x0000000000001000-0x000000002cfeffff]
[    0.000000] ACPI: PM-Timer IO Port: 0x4008
[    0.000000] IOAPIC[0]: apic_id 1, version 32, address 0xfec00000, GSI 0-23
[    0.000000] ACPI: INT_SRC_OVR (bus 0 bus_irq 0 global_irq 2 dfl dfl)
[    0.000000] ACPI: INT_SRC_OVR (bus 0 bus_irq 9 global_irq 9 low level)
[    0.000000] Using ACPI (MADT) for SMP configuration information
[    0.000000] smpboot: Allowing 1 CPUs, 0 hotplug CPUs
[    0.000000] PM: Registered nosave memory: [mem 0x00000000-0x00000fff]
[    0.000000] PM: Registered nosave memory: [mem 0x0009f000-0x0009ffff]
[    0.000000] PM: Registered nosave memory: [mem 0x000a0000-0x000effff]
[    0.000000] PM: Registered nosave memory: [mem 0x000f0000-0x000fffff]
[    0.000000] e820: [mem 0x2d000000-0xfebfffff] available for PCI devices
[    0.000000] Booting paravirtualized kernel on KVM
[    0.000000] clocksource: refined-jiffies: mask: 0xffffffff max_cycles: 0xffffffff, max_idle_ns: 7645519600211568 ns
[    0.000000] setup_percpu: NR_CPUS:512 nr_cpumask_bits:512 nr_cpu_ids:1 nr_node_ids:1
[    0.000000] PERCPU: Embedded 34 pages/cpu @ffff88002cc00000 s99480 r8192 d31592 u2097152
[    0.000000] Built 1 zonelists in Node order, mobility grouping on.  Total pages: 181304
[    0.000000] Policy zone: DMA32
[    0.000000] Kernel command line: BOOT_IMAGE=/boot/vmlinuz-4.4.0-146-generic root=LABEL=cloudimg-rootfs ro console=tty1 console=ttyS0
[    0.000000] PID hash table entries: 4096 (order: 3, 32768 bytes)
[    0.000000] Memory: 690672K/736824K available (8609K kernel code, 1334K rwdata, 4028K rodata, 1484K init, 1284K bss, 46152K reserved, 0K cma-reserved)
[    0.000000] SLUB: HWalign=64, Order=0-3, MinObjects=0, CPUs=1, Nodes=1
[    0.000000] Kernel/User page tables isolation: enabled
[    0.000000] Hierarchical RCU implementation.
[    0.000000] 	Build-time adjustment of leaf fanout to 64.
[    0.000000] 	RCU restricting CPUs from NR_CPUS=512 to nr_cpu_ids=1.
[    0.000000] RCU: Adjusting geometry for rcu_fanout_leaf=64, nr_cpu_ids=1
[    0.000000] NR_IRQS:33024 nr_irqs:256 16
[    0.000000] Console: colour VGA+ 80x25
[    0.000000] console [tty1] enabled
[    0.000000] console [ttyS0] enabled
[    0.000000] tsc: Detected 2700.000 MHz processor
[    1.581474] Calibrating delay loop (skipped) preset value.. 5400.00 BogoMIPS (lpj=10800000)
[    1.638440] pid_max: default: 32768 minimum: 301
[    1.641538] ACPI: Core revision 20150930
[    1.647098] ACPI: 2 ACPI AML tables successfully acquired and loaded
[    1.655780] Security Framework initialized
[    1.657724] Yama: becoming mindful.
[    1.659489] AppArmor: AppArmor initialized
[    1.664103] Dentry cache hash table entries: 131072 (order: 8, 1048576 bytes)
[    1.750007] Inode-cache hash table entries: 65536 (order: 7, 524288 bytes)
[    1.758527] Mount-cache hash table entries: 2048 (order: 2, 16384 bytes)
[    1.762106] Mountpoint-cache hash table entries: 2048 (order: 2, 16384 bytes)
[    1.792508] Initializing cgroup subsys io
[    1.862116] Initializing cgroup subsys memory
[    1.875769] Initializing cgroup subsys devices
[    1.877649] Initializing cgroup subsys freezer
[    1.879554] Initializing cgroup subsys net_cls
[    1.887616] Initializing cgroup subsys perf_event
[    1.961200] Initializing cgroup subsys net_prio
[    1.981128] Initializing cgroup subsys hugetlb
[    1.992641] Initializing cgroup subsys pids
[    1.995398] mce: CPU supports 0 MCE banks
[    2.055383] process: using mwait in idle threads
[    2.056972] Last level iTLB entries: 4KB 64, 2MB 8, 4MB 8
[    2.058777] Last level dTLB entries: 4KB 64, 2MB 0, 4MB 0, 1GB 4
[    2.060702] Spectre V2 : Mitigation: Full generic retpoline
[    2.062802] Spectre V2 : Spectre v2 / SpectreRSB mitigation: Filling RSB on context switch
[    2.065485] Speculative Store Bypass: Vulnerable
[    2.089487] Freeing SMP alternatives memory: 36K
[    2.101233] ftrace: allocating 32287 entries in 127 pages
[    2.295425] smpboot: APIC(0) Converting physical 0 to logical package 0
[    2.367522] smpboot: Max logical packages: 1
[    2.391068] x2apic enabled
[    2.402136] Switched APIC routing to physical x2apic.
[    2.465123] ..TIMER: vector=0x30 apic1=0 pin1=2 apic2=-1 pin2=-1
[    2.674752] APIC calibration not consistent with PM-Timer: 176ms instead of 100ms
[    2.679943] APIC delta adjusted to PM-Timer: 6249954 (11002154)
[    2.682544] smpboot: CPU0: Intel(R) Core(TM) i5-5257U CPU @ 2.70GHz (family: 0x6, model: 0x3d, stepping: 0x4)
[    2.687134] Performance Events: unsupported p6 CPU model 61 no PMU driver, software events only.
[    2.702430] KVM setup paravirtual spinlock
[    2.706056] x86: Booted up 1 node, 1 CPUs
[    2.708521] smpboot: Total of 1 processors activated (5400.00 BogoMIPS)
[    2.713315] devtmpfs: initialized
[    2.769457] evm: security.selinux
[    2.772059] evm: security.SMACK64
[    2.775783] evm: security.SMACK64EXEC
[    2.777561] evm: security.SMACK64TRANSMUTE
[    2.783330] evm: security.SMACK64MMAP
[    2.792090] evm: security.ima
[    2.793444] evm: security.capability
[    2.795003] clocksource: jiffies: mask: 0xffffffff max_cycles: 0xffffffff, max_idle_ns: 7645041785100000 ns
[    2.814689] futex hash table entries: 256 (order: 2, 16384 bytes)
[    2.873525] pinctrl core: initialized pinctrl subsystem
[    2.882838] RTC time: 16:24:23, date: 08/23/19
[    2.884807] NET: Registered protocol family 16
[    2.888097] cpuidle: using governor ladder
[    2.889599] cpuidle: using governor menu
[    2.891877] PCCT header not found.
[    2.898818] ACPI: bus type PCI registered
[    2.913760] acpiphp: ACPI Hot Plug PCI Controller Driver version: 0.5
[    2.991673] PCI: Using configuration type 1 for base access
[    3.002345] ACPI: Added _OSI(Module Device)
[    3.075973] ACPI: Added _OSI(Processor Device)
[    3.097293] ACPI: Added _OSI(3.0 _SCP Extensions)
[    3.105251] ACPI: Added _OSI(Processor Aggregator Device)
[    3.184930] ACPI: Executed 1 blocks of module-level executable AML code
[    3.191817] ACPI: Interpreter enabled
[    3.193419] ACPI: (supports S0 S5)
[    3.198904] ACPI: Using IOAPIC for interrupt routing
[    3.200980] PCI: Using host bridge windows from ACPI; if necessary, use "pci=nocrs" and report a bug
[    3.208593] ACPI: PCI Root Bridge [PCI0] (domain 0000 [bus 00-ff])
[    3.232099] acpi PNP0A03:00: _OSC: OS supports [ASPM ClockPM Segments MSI]
[    3.301558] acpi PNP0A03:00: _OSC: not requesting OS control; OS requires [ExtendedConfig ASPM ClockPM MSI]
[    3.330423] acpi PNP0A03:00: fail to add MMCONFIG information, can't access extended PCI configuration space under this bridge.
[    3.425716] PCI host bridge to bus 0000:00
[    3.434285] pci_bus 0000:00: root bus resource [io  0x0000-0x0cf7 window]
[    3.501674] pci_bus 0000:00: root bus resource [io  0x0d00-0xffff window]
[    3.504467] pci_bus 0000:00: root bus resource [mem 0x000a0000-0x000bffff window]
[    3.534479] pci_bus 0000:00: root bus resource [mem 0x2d000000-0xfdffffff window]
[    3.610541] pci_bus 0000:00: root bus resource [bus 00-ff]
[    3.633904] pci 0000:00:01.1: legacy IDE quirk: reg 0x10: [io  0x01f0-0x01f7]
[    3.707980] pci 0000:00:01.1: legacy IDE quirk: reg 0x14: [io  0x03f6]
[    3.710965] pci 0000:00:01.1: legacy IDE quirk: reg 0x18: [io  0x0170-0x0177]
[    3.744740] pci 0000:00:01.1: legacy IDE quirk: reg 0x1c: [io  0x0376]
[    3.824501] pci 0000:00:07.0: quirk: [io  0x4000-0x403f] claimed by PIIX4 ACPI
[    3.838176] pci 0000:00:07.0: quirk: [io  0x4100-0x410f] claimed by PIIX4 SMB
[    3.908871] ACPI: PCI Interrupt Link [LNKA] (IRQs 5 9 10 *11)
[    3.915178] ACPI: PCI Interrupt Link [LNKB] (IRQs 5 9 *10 11)
[    3.918651] ACPI: PCI Interrupt Link [LNKC] (IRQs 5 *9 10 11)
[    3.935267] ACPI: PCI Interrupt Link [LNKD] (IRQs 5 9 10 *11)
[    4.011113] ACPI: Enabled 2 GPEs in block 00 to 07
[    4.015715] vgaarb: setting as boot device: PCI:0000:00:02.0
[    4.017601] vgaarb: device added: PCI:0000:00:02.0,decodes=io+mem,owns=io+mem,locks=none
[    4.020298] vgaarb: loaded
[    4.021360] vgaarb: bridge control possible 0000:00:02.0
[    4.028331] SCSI subsystem initialized
[    4.030028] ACPI: bus type USB registered
[    4.032687] usbcore: registered new interface driver usbfs
[    4.039827] usbcore: registered new interface driver hub
[    4.113037] usbcore: registered new device driver usb
[    4.132093] PCI: Using ACPI for IRQ routing
[    4.152055] NetLabel: Initializing
[    4.215991] NetLabel:  domain hash size = 128
[    4.241601] NetLabel:  protocols = UNLABELED CIPSOv4
[    4.318357] NetLabel:  unlabeled traffic allowed by default
[    4.332896] amd_nb: Cannot enumerate AMD northbridges
[    4.345111] clocksource: Switched to clocksource kvm-clock
[    4.432797] AppArmor: AppArmor Filesystem Enabled
[    4.448464] pnp: PnP ACPI init
[    4.455998] pnp: PnP ACPI: found 3 devices
[    4.525682] clocksource: acpi_pm: mask: 0xffffff max_cycles: 0xffffff, max_idle_ns: 2085701024 ns
[    4.564673] NET: Registered protocol family 2
[    4.567023] TCP established hash table entries: 8192 (order: 4, 65536 bytes)
[    4.569880] TCP bind hash table entries: 8192 (order: 5, 131072 bytes)
[    4.631924] TCP: Hash tables configured (established 8192 bind 8192)
[    4.655535] UDP hash table entries: 512 (order: 2, 16384 bytes)
[    4.660713] UDP-Lite hash table entries: 512 (order: 2, 16384 bytes)
[    4.663355] NET: Registered protocol family 1
[    4.734572] pci 0000:00:00.0: Limiting direct PCI/PCI transfers
[    4.752500] pci 0000:00:01.0: Activating ISA DMA hang workarounds
[    4.771474] Unpacking initramfs...
[    5.279865] Freeing initrd memory: 14824K
[    5.350889] RAPL PMU detected, API unit is 2^-32 Joules, 4 fixed counters 10737418240 ms ovfl timer
[    5.366291] hw unit of domain pp0-core 2^-0 Joules
[    5.382425] hw unit of domain package 2^-0 Joules
[    5.454571] hw unit of domain dram 2^-0 Joules
[    5.461149] hw unit of domain pp1-gpu 2^-0 Joules
[    5.465622] platform rtc_cmos: registered platform RTC device (no PNP device found)
[    5.476825] Scanning for low memory corruption every 60 seconds
[    5.478944] audit: initializing netlink subsys (disabled)
[    5.480680] audit: type=2000 audit(1566577468.544:1): initialized
[    5.482845] Initialise system trusted keyring
[    5.484376] HugeTLB registered 2 MB page size, pre-allocated 0 pages
[    5.487498] zbud: loaded
[    5.488977] VFS: Disk quotas dquot_6.6.0
[    5.492041] VFS: Dquot-cache hash table entries: 512 (order 0, 4096 bytes)
[    5.497670] squashfs: version 4.0 (2009/01/31) Phillip Lougher
[    5.562692] fuse init (API version 7.23)
[    5.574939] Key type big_key registered
[    5.587244] Allocating IMA MOK and blacklist keyrings.
[    5.595179] Key type asymmetric registered
[    5.662438] Asymmetric key parser 'x509' registered
[    5.666394] Block layer SCSI generic (bsg) driver version 0.4 loaded (major 249)
[    5.669741] io scheduler noop registered
[    5.671483] io scheduler deadline registered (default)
[    5.692409] io scheduler cfq registered
[    5.702432] pci_hotplug: PCI Hot Plug PCI Core version: 0.5
[    5.765971] pciehp: PCI Express Hot Plug Controller Driver version: 0.4
[    5.785228] ACPI: AC Adapter [AC] (off-line)
[    5.800056] input: Power Button as /devices/LNXSYSTM:00/LNXPWRBN:00/input/input0
[    5.865480] ACPI: Power Button [PWRF]
[    5.884844] input: Sleep Button as /devices/LNXSYSTM:00/LNXSLPBN:00/input/input1
[    5.887988] ACPI: Sleep Button [SLPF]
[    5.892444] ACPI: Battery Slot [BAT0] (battery present)
[    5.898829] GHES: HEST is not enabled!
[    5.902403] Serial: 8250/16550 driver, 32 ports, IRQ sharing enabled
[    5.999927] 00:02: ttyS0 at I/O 0x3f8 (irq = 4, base_baud = 115200) is a 16550A
[    6.083039] Linux agpgart interface v0.103
[    6.085646] loop: module loaded
[    6.087787] scsi host0: ata_piix
[    6.089325] scsi host1: ata_piix
[    6.090850] ata1: PATA max UDMA/33 cmd 0x1f0 ctl 0x3f6 bmdma 0xd000 irq 14
[    6.101610] ata2: PATA max UDMA/33 cmd 0x170 ctl 0x376 bmdma 0xd008 irq 15
[    6.105394] libphy: Fixed MDIO Bus: probed
[    6.107173] tun: Universal TUN/TAP device driver, 1.6
[    6.109289] tun: (C) 1999-2004 Max Krasnyansky <maxk@qualcomm.com>
[    6.112076] PPP generic driver version 2.4.2
[    6.114716] ehci_hcd: USB 2.0 'Enhanced' Host Controller (EHCI) Driver
[    6.117664] ehci-pci: EHCI PCI platform driver
[    6.119963] ehci-platform: EHCI generic platform driver
[    6.174492] ohci_hcd: USB 1.1 'Open' Host Controller (OHCI) Driver
[    6.178165] ohci-pci: OHCI PCI platform driver
[    6.180879] ohci-platform: OHCI generic platform driver
[    6.183802] uhci_hcd: USB Universal Host Controller Interface driver
[    6.187924] i8042: PNP: PS/2 Controller [PNP0303:PS2K,PNP0f03:PS2M] at 0x60,0x64 irq 1,12
[    6.194374] serio: i8042 KBD port at 0x60,0x64 irq 1
[    6.196725] serio: i8042 AUX port at 0x60,0x64 irq 12
[    6.199602] mousedev: PS/2 mouse device common for all mice
[    6.208016] input: AT Translated Set 2 keyboard as /devices/platform/i8042/serio0/input/input2
[    6.216471] rtc_cmos rtc_cmos: rtc core: registered rtc_cmos as rtc0
[    6.282094] rtc_cmos rtc_cmos: alarms up to one day, 114 bytes nvram
[    6.304533] i2c /dev entries driver
[    6.306150] device-mapper: uevent: version 1.0.3
[    6.308269] device-mapper: ioctl: 4.34.0-ioctl (2015-10-28) initialised: dm-devel@redhat.com
[    6.311664] ledtrig-cpu: registered to indicate activity on CPUs
[    6.378878] NET: Registered protocol family 10
[    6.391781] NET: Registered protocol family 17
[    6.395907] Key type dns_resolver registered
[    6.399916] registered taskstats version 1
[    6.412692] Loading compiled-in X.509 certificates
[    6.422553] Loaded X.509 cert 'Build time autogenerated kernel key: 4dcb2dc2c7cf43e0c20c44384f68683c20294489'
[    6.499435] tsc: Refined TSC clocksource calibration: 2699.991 MHz
[    6.514470] clocksource: tsc: mask: 0xffffffffffffffff max_cycles: 0x26eb361a17c, max_idle_ns: 440795265316 ns
[    6.524518] zswap: loaded using pool lzo/zbud
[    6.592157] Key type trusted registered
[    6.597564] Key type encrypted registered
[    6.602904] AppArmor: AppArmor sha1 policy hashing enabled
[    6.628922] ima: No TPM chip found, activating TPM-bypass!
[    6.698679] ima: Allocated hash algorithm: sha1
[    6.722097] evm: HMAC attrs: 0x1
[    6.795043]   Magic number: 15:811:439
[    6.814765] rtc_cmos rtc_cmos: setting system clock to 2019-08-23 16:24:27 UTC (1566577467)
[    6.897622] BIOS EDD facility v0.16 2004-Jun-25, 0 devices found
[    6.921527] EDD information not available.
[    6.926502] Freeing unused kernel memory: 1484K
[    6.941905] Write protecting the kernel read-only data: 14336k
[    7.002949] Freeing unused kernel memory: 1620K
[    7.022434] Freeing unused kernel memory: 68K
Loading, please [    7.039880] random: udevadm: uninitialized urandom read (16 bytes read, 5 bits of entropy available)
wait...
startin[    7.116160] random: systemd-udevd: uninitialized urandom read (16 bytes read, 5 bits of entropy available)
g version 229
[    7.213419] random: udevadm: uninitialized urandom read (16 bytes read, 7 bits of entropy available)
[    7.233941] random: systemd-udevd: uninitialized urandom read (16 bytes read, 7 bits of entropy available)
[    7.246274] random: systemd-udevd: uninitialized urandom read (16 bytes read, 7 bits of entropy available)
[    7.251824] random: udevadm: uninitialized urandom read (16 bytes read, 7 bits of entropy available)
[    7.313605] random: systemd-udevd: uninitialized urandom read (16 bytes read, 7 bits of entropy available)
[    7.320933] random: systemd-udevd: uninitialized urandom read (16 bytes read, 7 bits of entropy available)
[    7.326856] random: systemd-udevd: uninitialized urandom read (16 bytes read, 7 bits of entropy available)
[    7.333934] random: systemd-udevd: uninitialized urandom read (16 bytes read, 7 bits of entropy available)
[    7.451298] e1000: Intel(R) PRO/1000 Network Driver - version 7.3.21-k8-NAPI
[    7.455074] e1000: Copyright (c) 1999-2006 Intel Corporation.
[    7.521105] Fusion MPT base driver 3.04.20
[    7.540056] Copyright (c) 1999-2008 LSI Corporation
[    7.633057] Fusion MPT SPI Host driver 3.04.20
[    7.647883] AVX2 version of gcm_enc/dec engaged.
[    7.664940] AES CTR mode by8 optimization enabled
[    7.758377] input: ImExPS/2 Generic Explorer Mouse as /devices/platform/i8042/serio1/input/input4
[    8.693861] e1000 0000:00:03.0 eth0: (PCI:33MHz:32-bit) 02:26:7f:6e:ca:81
[    8.714228] e1000 0000:00:03.0 eth0: Intel(R) PRO/1000 Network Connection
[    8.756282] e1000 0000:00:03.0 enp0s3: renamed from eth0
[    8.761438] mptbase: ioc0: Initiating bringup
[    8.825561] ioc0: LSI53C1030 A0: Capabilities={Initiator}
[    9.013980] scsi host2: ioc0: LSI53C1030 A0, FwRev=00000000h, Ports=1, MaxQ=256, IRQ=20
[    9.150615] scsi 2:0:0:0: Direct-Access     VBOX     HARDDISK         1.0  PQ: 0 ANSI: 5
[    9.157446] scsi target2:0:0: Beginning Domain Validation
[    9.160314] scsi target2:0:0: Domain Validation skipping write tests
[    9.162330] scsi target2:0:0: Ending Domain Validation
[    9.164023] scsi target2:0:0: asynchronous
[    9.175099] scsi 2:0:1:0: Direct-Access     VBOX     HARDDISK         1.0  PQ: 0 ANSI: 5
[    9.205736] scsi target2:0:1: Beginning Domain Validation
[    9.210295] scsi target2:0:1: Domain Validation skipping write tests
[    9.212348] scsi target2:0:1: Ending Domain Validation
[    9.214129] scsi target2:0:1: asynchronous
[    9.219682] sd 2:0:0:0: Attached scsi generic sg0 type 0
[    9.221607] sd 2:0:0:0: [sda] 20971520 512-byte logical blocks: (10.7 GB/10.0 GiB)
[    9.292736] sd 2:0:1:0: [sdb] 20480 512-byte logical blocks: (10.5 MB/10.0 MiB)
[    9.378703] sd 2:0:1:0: Attached scsi generic sg1 type 0
[    9.385152] sd 2:0:0:0: [sda] Write Protect is off
[    9.386787] sd 2:0:1:0: [sdb] Write Protect is off
[    9.400073] sd 2:0:0:0: [sda] Incomplete mode parameter data
[    9.421109] sd 2:0:0:0: [sda] Assuming drive cache: write through
[    9.425436] sd 2:0:1:0: [sdb] Incomplete mode parameter data
[    9.489167] sd 2:0:1:0: [sdb] Assuming drive cache: write through
[    9.496527]  sda: sda1
[    9.504170] sd 2:0:1:0: [sdb] Attached SCSI disk
[    9.505900] sd 2:0:0:0: [sda] Attached SCSI disk
Begin: Loading e[   11.169506] md: linear personality registered for level -1
ssential drivers[   11.198673] md: multipath personality registered for level -4
 ... [   11.265354] md: raid0 personality registered for level 0
[   11.286523] md: raid1 personality registered for level 1
[   11.457933] raid6: sse2x1   gen()  6439 MB/s
[   11.562534] raid6: sse2x1   xor()  5077 MB/s
[   11.664007] raid6: sse2x2   gen()  7835 MB/s
[   11.765533] raid6: sse2x2   xor()  5458 MB/s
[   11.866582] raid6: sse2x4   gen()  7623 MB/s
[   11.971970] raid6: sse2x4   xor()  6259 MB/s
[   12.078066] raid6: avx2x1   gen()  8659 MB/s
[   12.182380] raid6: avx2x2   gen() 13914 MB/s
[   12.287616] raid6: avx2x4   gen() 14685 MB/s
[   12.293143] raid6: using algorithm avx2x4 gen() 14685 MB/s
[   12.304344] raid6: using avx2x2 recovery algorithm
[   12.326996] xor: automatically using best checksumming function:
[   12.429797]    avx       : 54982.000 MB/sec
[   12.509462] async_tx: api initialized (async)
[   12.535556] md: raid6 personality registered for level 6
[   12.605367] md: raid5 personality registered for level 5
[   12.634961] md: raid4 personality registered for level 4
[   12.711010] md: raid10 personality registered for level 10
done.
Begin: Running /scripts/init-premount ... done.
Begin: Mounting root file system ... Begin: Running /scripts/local-top ... done.
Begin: Running /scripts/local-premount ... [   12.825318] Btrfs loaded
Scanning for Btrfs filesystems
done.
Warning: fsck not present, so skipping root file system
[   12.918101] EXT4-fs (sda1): mounted filesystem with ordered data mode. Opts: (null)
done.
Begin: Running /scripts/local-bottom ... done.
Begin: Running /scripts/init-bottom ... done.
[   13.106977] systemd[1]: systemd 229 running in system mode. (+PAM +AUDIT +SELINUX +IMA +APPARMOR +SMACK +SYSVINIT +UTMP +LIBCRYPTSETUP +GCRYPT +GNUTLS +ACL +XZ -LZ4 +SECCOMP +BLKID +ELFUTILS +KMOD -IDN)
[   13.129889] systemd[1]: Detected virtualization oracle.
[   13.132901] systemd[1]: Detected architecture x86-64.

Welcome to [1mUbuntu 16.04.6 LTS[0m!

[   13.158891] systemd[1]: Set hostname to <ubuntu>.
[   13.171683] systemd[1]: Initializing machine ID from random generator.
[   13.221975] systemd[1]: Installed transient /etc/machine-id file.
[   13.431717] systemd[1]: Listening on udev Control Socket.
[[0;32m  OK  [0m] Listening on udev Control Socket.
[   13.447925] systemd[1]: Started Forward Password Requests to Wall Directory Watch.
[[0;32m  OK  [0m] Started Forward Password Requests to Wall Directory Watch.
[   13.494058] systemd[1]: Reached target Swap.
[[0;32m  OK  [0m] Reached target Swap.
[   13.557043] systemd[1]: Reached target Encrypted Volumes.
[[0;32m  OK  [0m] Reached target Encrypted Volumes.
[   13.589950] systemd[1]: Started Trigger resolvconf update for networkd DNS.
[[0;32m  OK  [0m] Started Trigger resolvconf update for networkd DNS.
[   13.662631] systemd[1]: Reached target User and Group Name Lookups.
[[0;32m  OK  [0m] Reached target User and Group Name Lookups.
[   13.731022] systemd[1]: Listening on Device-mapper event daemon FIFOs.
[[0;32m  OK  [0m] Listening on Device-mapper event daemon FIFOs.
[   13.737741] systemd[1]: Listening on udev Kernel Socket.
[[0;32m  OK  [0m] Listening on udev Kernel Socket.
[   13.771173] systemd[1]: Created slice User and Session Slice.
[[0;32m  OK  [0m] Created slice User and Session Slice.
[   13.824446] systemd[1]: Created slice System Slice.
[[0;32m  OK  [0m] Created slice System Slice.
[   13.857997] systemd[1]: Reached target Slices.
[[0;32m  OK  [0m] Reached target Slices.
[   13.937200] systemd[1]: Created slice system-serial\x2dgetty.slice.
[[0;32m  OK  [0m] Created slice system-serial\x2dgetty.slice.
[   13.970032] systemd[1]: Listening on Syslog Socket.
[[0;32m  OK  [0m] Listening on Syslog Socket.
[   14.035264] systemd[1]: Set up automount Arbitrary Executable File Formats File System Automount Point.
[[0;32m  OK  [0m] Set up automount Arbitrary Executab...ats File System Automount Point.
[   14.043563] systemd[1]: Listening on Journal Socket.
[[0;32m  OK  [0m] Listening on Journal Socket.
[   14.048985] systemd[1]: Starting Nameserver information manager...
         Starting Nameserver information manager...
[   14.055645] systemd[1]: Mounting Debug File System...
[   14.058052] random: nonblocking pool is initialized
         Mounting Debug File System...
[   14.072502] systemd[1]: Starting Load Kernel Modules...
         Starting Load Kernel Modules...
[   14.132545] systemd[1]: Mounting Huge Pages File System...
         Mounting Huge Pages File System.[   14.152871] Loading iSCSI transport class v2.0-870.
..
[   14.159236] systemd[1]: Starting Uncomplicated firewall...
         Starting Uncomplicated firewall...
[   14.169411] systemd[1]: Starting Remount Root and Kernel File Systems...
[   14.236605] iscsi: registered transport (tcp)
         [   14.244738] EXT4-fs (sda1): re-mounted. Opts: (null)
Starting Remount Root and Kernel File Systems...
[   14.259230] systemd[1]: Starting Create list of required static device nodes for the current kernel...
         Starting Create list of required st... nodes for the current kernel...
[   14.278954] systemd[1]: Mounting POSIX Message Queue File System...
         Mounting POSIX Message Queue Fil[   14.370695] iscsi: registered transport (iser)
e System...
[   14.462213] systemd[1]: Listening on Journal Audit Socket.
[[0;32m  OK  [0m] Listening on Journal Audit Socket.
[   14.512356] systemd[1]: Starting Set console keymap...
         Starting Set console keymap...
[   14.561798] systemd[1]: Listening on LVM2 poll daemon socket.
[[0;32m  OK  [0m] Listening on LVM2 poll daemon socket.
[   14.671864] systemd[1]: Listening on Journal Socket (/dev/log).
[[0;32m  OK  [0m] Listening on Journal Socket (/dev/log).
[   14.723333] systemd[1]: Starting Journal Service...
         Starting Journal Service...
[   14.778419] systemd[1]: Reached target System Time Synchronized.
[[0;32m  OK  [0m] Reached target System Time Synchronized.
[   14.865311] systemd[1]: Listening on /dev/initctl Compatibility Named Pipe.
[[0;32m  OK  [0m] Listening on /dev/initctl Compatibility Named Pipe.
[   14.911692] systemd[1]: Listening on LVM2 metadata daemon socket.
[[0;32m  OK  [0m] Listening on LVM2 metadata daemon socket.
[   14.987040] systemd[1]: Starting Monitoring of LVM2 mirrors, snapshots etc. using dmeventd or progress polling...
         Starting Monitoring of LVM2 mirrors... dmeventd or progress polling...
[   15.057645] systemd[1]: Mounted Debug File System.
[[0;32m  OK  [0m] Mounted Debug File System.
[   15.078363] systemd[1]: Mounted Huge Pages File System.
[[0;32m  OK  [0m] Mounted Huge Pages File System.
[   15.111249] systemd[1]: Mounted POSIX Message Queue File System.
[[0;32m  OK  [0m] Mounted POSIX Message Queue File System.
[   15.174215] systemd[1]: Started Journal Service.
[[0;32m  OK  [0m] Started Journal Service.
[[0;32m  OK  [0m] Started Load Kernel Modules.
[[0;32m  OK  [0m] Started Uncomplicated firewall.
[[0;32m  OK  [0m] Started Remount Root and Kernel File Systems.
[[0;32m  OK  [0m] Started Create list of required sta...ce nodes for the current kernel.
[[0;32m  OK  [0m] Started Set console keymap.
[[0;32m  OK  [0m] Started Nameserver information manager.
[[0;32m  OK  [0m] Started LVM2 metadata daemon.
         Starting Create Static Device Nodes in /dev...
         Starting Load/Save Random Seed...
         Starting udev Coldplug all Devices...
         Mounting FUSE Control File System...
         Starting Apply Kernel Variables...
         Starting Flush Journal to Persistent Storage...
[[0;32m  OK  [0m] Mounted FUSE Control File System.
[[0;32m  OK  [0m] Started Create Static Device Nodes in /dev.
[[0;32m  OK  [0m] Started Monitoring of LVM2 mirrors,...ng dmeventd or progress polling.
[[0;32m  OK  [0m] Started Load/Save Random Seed.
[[0;32m  OK  [0m] Started Apply Kernel Variables.
[[0;32m  OK  [0m] Started udev Coldplug all Devices.
[[0;32m  OK  [0m] Started Flush Journal to Persistent Storage.
         Starting udev Kernel Device Manager...
[[0;32m  OK  [0m] Reached target Local File Systems (Pre).
[[0;32m  OK  [0m] Reached target Local File Systems.
         Starting Commit a transient machine-id on disk...
         Starting Create Volatile Files and Directories...
         Starting Set console font and keymap...
         Starting Tell Plymouth To Write Out Runtime Data...
         Starting LSB: AppArmor initialization...
         Starting Initial cloud-init job (pre-networking)...
[[0;32m  OK  [0m] Started udev Kernel Device Manager.
[[0;32m  OK  [0m] Started Commit a transient machine-id on disk.
[[0;32m  OK  [0m] Started Create Volatile Files and Directories.
[[0;32m  OK  [0m] Started Tell Plymouth To Write Out Runtime Data.
         Starting Update UTMP about System Boot/Shutdown...
[[0;32m  OK  [0m] Started Dispatch Password Requests to Console Directory Watch.
[[0;32m  OK  [0m] Started Update UTMP about System Boot/Shutdown.
[[0;32m  OK  [0m] Found device /dev/ttyS0.
[[0;32m  OK  [0m] Listening on Load/Save RF Kill Switch Status /dev/rfkill Watch.
[   16.833669] cloud-init[502]: Cloud-init v. 18.5-45-g3554ffe8-0ubuntu1~16.04.1 running 'init-local' at Fri, 23 Aug 2019 16:24:39 +0000. Up 14.99 seconds.
[[0;32m  OK  [0m] Started Initial cloud-init job (pre-networking).
[[0;32m  OK  [0m] Started Set console font and keymap.
[[0;32m  OK  [0m] Created slice system-getty.slice.
[[0;32m  OK  [0m] Reached target Network (Pre).
[[0;32m  OK  [0m] Started LSB: AppArmor initialization.
         Starting Raise network interfaces...
[[0;32m  OK  [0m] Started Raise network interfaces.
         Starting Initial cloud-init job (metadata service crawler)...
[[0;32m  OK  [0m] Reached target Network.
[   19.490866] cloud-init[938]: Cloud-init v. 18.5-45-g3554ffe8-0ubuntu1~16.04.1 running 'init' at Fri, 23 Aug 2019 16:24:43 +0000. Up 18.57 seconds.
[   19.536571] cloud-init[938]: ci-info: ++++++++++++++++++++++++++++++++++++++Net device info++++++++++++++++++++++++++++++++++++++
[   19.617755] cloud-init[938]: ci-info: +--------+------+----------------------------+---------------+--------+-------------------+
[   19.656411] cloud-init[938]: ci-info: | Device |  Up  |          Address           |      Mask     | Scope  |     Hw-Address    |
[   19.657110] cloud-init[938]: ci-info: +--------+------+----------------------------+---------------+--------+-------------------+
[   19.657202] cloud-init[938]: ci-info: | enp0s3 | True |         10.0.2.15          | 255.255.255.0 | global | 02:26:7f:6e:ca:81 |
[   19.657286] cloud-init[938]: ci-info: | enp0s3 | True | fe80::26:7fff:fe6e:ca81/64 |       .       |  link  | 02:26:7f:6e:ca:81 |
[   19.657366] cloud-init[938]: ci-info: |   lo   | True |         127.0.0.1          |   255.0.0.0   |  host  |         .         |
[   19.657447] cloud-init[938]: ci-info: |   lo   | True |          ::1/128           |       .       |  host  |         .         |
[   19.657589] cloud-init[938]: ci-info: +--------+------+----------------------------+---------------+--------+-------------------+
[   19.657715] cloud-init[938]: ci-info: +++++++++++++++++++++++++++Route IPv4 info++++++++++++++++++++++++++++
[   19.657796] cloud-init[938]: ci-info: +-------+-------------+----------+---------------+-----------+-------+
[   19.657874] cloud-init[938]: ci-info: | Route | Destination | Gateway  |    Genmask    | Interface | Flags |
[   19.657949] cloud-init[938]: ci-info: +-------+-------------+----------+---------------+-----------+-------+
[   19.658025] cloud-init[938]: ci-info: |   0   |   0.0.0.0   | 10.0.2.2 |    0.0.0.0    |   enp0s3  |   UG  |
[   19.658101] cloud-init[938]: ci-info: |   1   |   10.0.2.0  | 0.0.0.0  | 255.255.255.0 |   enp0s3  |   U   |
[   19.658175] cloud-init[938]: ci-info: +-------+-------------+----------+---------------+-----------+-------+
[   19.658249] cloud-init[938]: ci-info: +++++++++++++++++++Route IPv6 info+++++++++++++++++++
[   19.658324] cloud-init[938]: ci-info: +-------+-------------+---------+-----------+-------+
[   19.658399] cloud-init[938]: ci-info: | Route | Destination | Gateway | Interface | Flags |
[   19.658474] cloud-init[938]: ci-info: +-------+-------------+---------+-----------+-------+
[   19.658551] cloud-init[938]: ci-info: |   0   |  fe80::/64  |    ::   |   enp0s3  |   U   |
[   19.658625] cloud-init[938]: ci-info: |   3   |   ff00::/8  |    ::   |   enp0s3  |   U   |
[   19.658701] cloud-init[938]: ci-info: +-------+-------------+---------+-----------+-------+
[   19.658788] cloud-init[938]: Generating public/private rsa key pair.
[   19.658865] cloud-init[938]: Your identification has been saved in /etc/ssh/ssh_host_rsa_key.
[   19.658939] cloud-init[938]: Your public key has been saved in /etc/ssh/ssh_host_rsa_key.pub.
[   19.659015] cloud-init[938]: The key fingerprint is:
[   19.659091] cloud-init[938]: SHA256:SDnhx6pe4Xc55znM5Av2ZNvz45Z9vygszKLSuVLUEIY root@ubuntu-xenial
[   19.659170] cloud-init[938]: The key's randomart image is:
[   19.659246] cloud-init[938]: +---[RSA 2048]----+
[   19.659321] cloud-init[938]: |    .oo          |
[   19.659397] cloud-init[938]: |   E.o +         |
[   19.659471] cloud-init[938]: |      B o        |
[   19.659546] cloud-init[938]: |     o *         |
[   19.659620] cloud-init[938]: |    . + S        |
[   19.659695] cloud-init[938]: |     + .   ..    |
[   19.659769] cloud-init[938]: |    + + + B=+   o|
[   19.659845] cloud-init[938]: |   + + o * @=+o+o|
[   19.659923] cloud-init[938]: |    +oo . . B++=B|
[[0;32m  OK  [0m] Started Initial cloud-init job (metadata service crawler).
[   19.659999] cloud-init[938]: +----[SHA256]-----+
[   20.153420] cloud-init[938]: Generating public/private dsa key pair.
[   20.184270] cloud-init[938]: Your identification has been saved in /etc/ssh/ssh_host_dsa_key.
[   20.184958] cloud-init[938]: Your public key has been saved in /etc/ssh/ssh_host_dsa_key.pub.
[   20.185004] cloud-init[938]: The key fingerprint is:
[   20.185044] cloud-init[938]: SHA256:bshBhmwgSRZIihwi3W6KJy1GzEjxGVsy/S3T5ZgTs6I root@ubuntu-xenial
[   20.185084] cloud-init[938]: The key's randomart image is:
[   20.185122] cloud-init[938]: +---[DSA 1024]----+
[   20.185160] cloud-init[938]: |BX+=..           |
[   20.185201] cloud-init[938]: |Xo+oOo   o .     |
[   20.185237] cloud-init[938]: |B. =+ + o O      |
[   20.185275] cloud-init[938]: |.+ .oo = B .     |
[   20.185313] cloud-init[938]: |.o o  o S .      |
[   20.185350] cloud-init[938]: |+.+  E +         |
[   20.185387] cloud-init[938]: |.+    o o        |
[   20.185423] cloud-init[938]: |       .         |
[   20.185459] cloud-init[938]: |                 |
[   20.185497] cloud-init[938]: +----[SHA256]-----+
[   20.185533] cloud-init[938]: Generating public/private ecdsa key pair.
[   20.185570] cloud-init[938]: Your identification has been saved in /etc/ssh/ssh_host_ecdsa_key.
[   20.185610] cloud-init[938]: Your public key has been saved in /etc/ssh/ssh_host_ecdsa_key.pub.
[   20.185648] cloud-init[938]: The key fingerprint is:
[   20.185685] cloud-init[938]: SHA256:S4kzL/yEPiTOhy981ubUVIMZyxONA99X82NS3ldwW4Q root@ubuntu-xenial
[   20.185724] cloud-init[938]: The key's randomart image is:
[   20.185761] cloud-init[938]: +---[ECDSA 256]---+
[   20.185797] cloud-init[938]: |        ..oo  .**|
[   20.185835] cloud-init[938]: |         ooB. EoB|
[   20.185872] cloud-init[938]: |          B.+..=+|
[   20.185910] cloud-init[938]: |       . . o oo o|
[   20.185947] cloud-init[938]: |      + S .      |
[   20.185984] cloud-init[938]: |    ...* +       |
[   20.186022] cloud-init[938]: |   + ++.= .      |
[   20.186061] cloud-init[938]: |    *.==o        |
[   20.186097] cloud-init[938]: |     *o+o        |
[   20.186135] cloud-init[938]: +----[SHA256]-----+
[   20.186172] cloud-init[938]: Generating public/private ed25519 key pair.
[   20.186209] cloud-init[938]: Your identification has been saved in /etc/ssh/ssh_host_ed25519_key.
[   20.186246] cloud-init[938]: Your public key has been saved in /etc/ssh/ssh_host_ed25519_key.pub.
[   20.186283] cloud-init[938]: The key fingerprint is:
[   20.186320] cloud-init[938]: SHA256:6F+K8fGXahZwZIzy1T8wFT8bON0XeKvKX488XMUI858 root@ubuntu-xenial
[   20.186357] cloud-init[938]: The key's randomart image is:
[   20.186394] cloud-init[938]: +--[ED25519 256]--+
[   20.186431] cloud-init[938]: |         o . .+o |
[   20.186467] cloud-init[938]: |      . . = *.ooo|
[   20.186508] cloud-init[938]: |       o +   X.*=|
[   20.186545] cloud-init[938]: |       .o .   *.B|
[   20.186581] cloud-init[938]: |      . So    .+o|
[   20.186619] cloud-init[938]: |     .    .  . Eo|
[   20.186655] cloud-init[938]: |      o . o..o o |
[   20.186693] cloud-init[938]: |       = =ooo.+..|
[   20.186911] cloud-init[938]: |      . +ooo..o..|
[   20.186954] cloud-init[938]: +----[SHA256]-----+
[[0;32m  OK  [0m] Reached target Cloud-config availability.
[[0;32m  OK  [0m] Reached target Network is Online.
         Starting iSCSI initiator daemon (iscsid)...
[[0;32m  OK  [0m] Reached target System Initialization.
[[0;32m  OK  [0m] Started Daily Cleanup of Temporary Directories.
         Starting Socket activation for snappy daemon.
[[0;32m  OK  [0m] Started ACPI Events Check.
[[0;32m  OK  [0m] Reached target Paths.
[[0;32m  OK  [0m] Started Daily apt download activities.
[[0;32m  OK  [0m] Started Daily apt upgrade and clean activities.
[[0;32m  OK  [0m] Listening on D-Bus System Message Bus Socket.
         Starting LXD - unix socket.
[[0;32m  OK  [0m] Reached target Timers.
[[0;32m  OK  [0m] Listening on UUID daemon activation socket.
[[0;32m  OK  [0m] Listening on ACPID Listen Socket.
[[0;32m  OK  [0m] Listening on Socket activation for snappy daemon.
[[0;32m  OK  [0m] Listening on LXD - unix socket.
[[0;32m  OK  [0m] Started iSCSI initiator daemon (iscsid).
         Starting Login to default iSCSI targets...
[[0;32m  OK  [0m] Reached target Sockets.
[[0;32m  OK  [0m] Reached target Basic System.
         Starting LSB: Record successful boot for GRUB...
[[0;32m  OK  [0m] Started D-Bus System Message Bus.
[[0;32m  OK  [0m] Started ACPI event daemon.
         Starting Virtualbox guest utils...
         Starting Accounts Service...
         Starting /etc/rc.local Compatibility...
         Starting LSB: MD monitoring daemon...
         Starting Pollinate to seed the pseudo random number generator...
         Starting Login Service...
[[0;32m  OK  [0m] Started FUSE filesystem for LXC.
         Starting System Logging Service...
         Starting LXD - container startup/shutdown...
[[0;32m  OK  [0m] Started Deferred execution scheduler.
[[0;32m  OK  [0m] Started Regular background program processing daemon.
         Starting Snappy daemon...
[[0;32m  OK  [0m] Started System Logging Service.
[[0;32m  OK  [0m] Started /etc/rc.local Compatibility.
[[0;32m  OK  [0m] Started LXD - container startup/shutdown.
         Starting Authenticate and Authorize Users to Run Privileged Tasks...
[[0;32m  OK  [0m] Started Login Service.
[[0;32m  OK  [0m] Started LSB: Record successful boot for GRUB.
[[0;32m  OK  [0m] Started LSB: MD monitoring daemon.
[[0;32m  OK  [0m] Started Authenticate and Authorize Users to Run Privileged Tasks.
[[0;32m  OK  [0m] Started Snappy daemon.
[[0;32m  OK  [0m] Started Login to default iSCSI targets.
[[0;32m  OK  [0m] Started Accounts Service.
[[0;32m  OK  [0m] Reached target Remote File Systems (Pre).
[[0;32m  OK  [0m] Reached target Remote File Systems.
         Starting LSB: Set the CPU Frequency Scaling governor to "ondemand"...
         Starting LSB: daemon to balance interrupts for SMP systems...
         Starting Permit User Sessions...
         Starting LSB: automatic crash report generation...
         Starting Wait until snapd is fully seeded...
[[0;32m  OK  [0m] Started Unattended Upgrades Shutdown.
[[0;32m  OK  [0m] Started Virtualbox guest utils.
[[0;32m  OK  [0m] Started Permit User Sessions.
         Starting Hold until boot process finishes up...
         Starting Terminate Plymouth Boot Screen...
[[0;32m  OK  [0m] Started Pollinate to seed the pseudo random number generator.
[[0;32m  OK  [0m] Started Hold until boot process finishes up.
[[0;32m  OK  [0m] Started Terminate Plymouth Boot Screen.
[[0;32m  OK  [0m] Started Getty on tty1.
         Starting Set console scheme...
[[0;32m  OK  [0m] Started Serial Getty on ttyS0.
[[0;32m  OK  [0m] Reached target Login Prompts.
         Starting OpenBSD Secure Shell server...
[[0;32m  OK  [0m] Started LSB: daemon to balance interrupts for SMP systems.
[[0;32m  OK  [0m] Started Set console scheme.
[[0;32m  OK  [0m] Started LSB: Set the CPU Frequency Scaling governor to "ondemand".
[[0;32m  OK  [0m] Started LSB: automatic crash report generation.
[[0;32m  OK  [0m] Started OpenBSD Secure Shell server.
[[0;32m  OK  [0m] Created slice User Slice of vagrant.
         Starting User Manager for UID 1000...
[[0;32m  OK  [0m] Started Session 1 of user vagrant.
[[0;32m  OK  [0m] Started User Manager for UID 1000.
[[0;32m  OK  [0m] Started Wait until snapd is fully seeded.
         Starting Apply the settings specified in cloud-config...
[[0;32m  OK  [0m] Reached target Multi-User System.
[[0;32m  OK  [0m] Reached target Graphical Interface.
         Starting Update UTMP about System Runlevel Changes...
[[0;32m  OK  [0m] Started Update UTMP about System Runlevel Changes.
[   27.654784] cloud-init[1378]: Generating locales (this might take a while)...

Ubuntu 16.04.6 LTS ubuntu-xenial ttyS0

ubuntu-xenial login: [   30.357848] cloud-init[1378]:   en_US.UTF-8... done
[   30.359423] cloud-init[1378]: Generation complete.
[   30.884350] cloud-init[1378]: Cloud-init v. 18.5-45-g3554ffe8-0ubuntu1~16.04.1 running 'modules:config' at Fri, 23 Aug 2019 16:24:51 +0000. Up 27.25 seconds.
ci-info: no authorized ssh keys fingerprints found for user ubuntu.
<14>Aug 23 16:24:56 ec2: 
<14>Aug 23 16:24:56 ec2: #############################################################
<14>Aug 23 16:24:56 ec2: -----BEGIN SSH HOST KEY FINGERPRINTS-----
<14>Aug 23 16:24:56 ec2: 1024 SHA256:bshBhmwgSRZIihwi3W6KJy1GzEjxGVsy/S3T5ZgTs6I root@ubuntu-xenial (DSA)
<14>Aug 23 16:24:56 ec2: 256 SHA256:S4kzL/yEPiTOhy981ubUVIMZyxONA99X82NS3ldwW4Q root@ubuntu-xenial (ECDSA)
<14>Aug 23 16:24:56 ec2: 256 SHA256:6F+K8fGXahZwZIzy1T8wFT8bON0XeKvKX488XMUI858 root@ubuntu-xenial (ED25519)
<14>Aug 23 16:24:56 ec2: 2048 SHA256:SDnhx6pe4Xc55znM5Av2ZNvz45Z9vygszKLSuVLUEIY root@ubuntu-xenial (RSA)
<14>Aug 23 16:24:56 ec2: -----END SSH HOST KEY FINGERPRINTS-----
<14>Aug 23 16:24:56 ec2: #############################################################
-----BEGIN SSH HOST KEY KEYS-----
ecdsa-sha2-nistp256 AAAAE2VjZHNhLXNoYTItbmlzdHAyNTYAAAAIbmlzdHAyNTYAAABBBH8og/nExjApnr3OJ4XcuJgsu2U9brGPk7Whj3tqVC0P2hvWlFEZUbKEWYqj7Utm0msgJkKwMnZK7RG4H7tH/bA= root@ubuntu-xenial
ssh-ed25519 AAAAC3NzaC1lZDI1NTE5AAAAID8CfdlCoiafe9fQrx8w/kPdx5C35Rxd8A1VYebkZHDD root@ubuntu-xenial
ssh-rsa AAAAB3NzaC1yc2EAAAADAQABAAABAQCphjuB8LD4Fh3gryRPqLaRY8SlKTr+nhhpyYv86mUDfDD8GEs92N9P4b9J3paMKbF6Dmr6yqfuy2qKy/d7BG0AKR8sTA+52yYGRDbvJZHVKtI19SL8TTQ/uSr4qVfY7SIfFMpa3TsmwE+EdSn2BXlyqAujP4pJXTerW/VM5ZDOXFl65BRypXZUmBMCWIXSK61eGjhdAL+eo4dBLVtR0BcMrc+3+01IWVblY5/bpK/Q2y23O0ONFhytrorDYjRLHnwUnju5BOjkk6SLJ2wLX3iKYsAtH5QLzOoC546DlEW0vAyDKGy8Exri4/joh9SLWbVrt5opcwfYKc9NmR25kqSt root@ubuntu-xenial
-----END SSH HOST KEY KEYS-----
[   32.440991] cloud-init[1607]: Cloud-init v. 18.5-45-g3554ffe8-0ubuntu1~16.04.1 running 'modules:final' at Fri, 23 Aug 2019 16:24:56 +0000. Up 31.97 seconds.
[   32.441164] cloud-init[1607]: ci-info: no authorized ssh keys fingerprints found for user ubuntu.
[   32.441262] cloud-init[1607]: Cloud-init v. 18.5-45-g3554ffe8-0ubuntu1~16.04.1 finished at Fri, 23 Aug 2019 16:24:56 +0000. Datasource DataSourceNoCloud [seed=/dev/sdb][dsmode=net].  Up 32.43 seconds
