[   0.00000 Iitalizing cgroup subsys cpuset
[   0.00000 Iitializing cgrupsusys cu
[    0.000000 Iitalizing cgrup subyscpacct
[    0.00000] Linu vrsion 4.4.0-146-enric (buildd@lcy01-amd64-02) gcc version .40 010609 (Ubuntu 5.4.0-6ubuntu1~16.0410 ) #172-Uunu MP Wed pr 3 09:00:08 UTC 201 (butu4.4.0-146.172-genric 4.4.177)
[    .00000] Comman lne BOOT_IAGE=/bootvmlinuz-44.-146-generic root=LABEL=cloudimg-rootfs ro console=tty1 console=ttyS0
[    0.000000] KERNEL supported cpus:
[    0.000000]   Intel GenuineIntel
[    0.000000]   AMD AuthenticAMD
[    0.000000]   Centaur CentaurHauls
[    0.000000] x86/fpu: xstate_offset[2]:  576, xstate_sizes[2]:  256
[    0.000000] x86/fpu: Supporting XSAVE feature 0x01: 'x87 floating point registers'
[    0.000000] x86/fpu: Supporting XSAVE feature 0x02: 'SSE registers'
[    0.000000] x86/fpu: Supporting XSAVE feature 0x04: 'AVX registers'
[    0.000000] x86/fpu: Enabled xstate features 0x7, context size is 832 bytes, using 'standard' format.
[    0.000000] e820: BIOS-provided physical RAM map:
[    0.000000] BIOS-e820: [mem 0x0000000000000000-0x000000000009fbff] usable
[    0.000000] BIOS-e820: [mem 0x000000000009fc00-0x000000000009ffff] reserved
[    0.000000] BIOS-e820: [mem 0x00000000000f0000-0x00000000000fffff] reserved
[    0.000000] BIOS-e820: [mem 0x0000000000100000-0x000000003ffeffff] usable
[    0.000000] BIOS-e820: [mem 0x000000003fff00-0x000000003fffffff] ACPI data
[    0.000000] BIOS-e820: [mem 0x00000000fec00000-0x00000000fec00fff] reserved
[    0.000000] BIOS-e820: [mem 0x00000000fee00000-0x00000000fee00fff] reserved
[    0.000000] BIOS-e820: [mem 0x00000000fffc0000-0x00000000ffffffff] reserved
[    0.000000] NX (Execute Disable) protection: active
[    0.000000] SMBIOS 2.5 present
[    0.000000] Hypervsor detected KM
[   .000000] e820: las_pfn = 0x3ff0 ax_arch_pfn = 0x400000000
[   .000000] MTRR: Disabed
[   .000000] x86/PA: MTRR dsabled skipping PAT initialiatio to.
[    0.0000] PU MTRRsall blank - virtualized system.
[    0.00000] x6/AT Configuaton[07]: WB  WT  UC- UC  B WT U- UC  
[   0.0000] found SMP MP-able at [em 0x0009ff-0x0009fff]mape at [ffff80009ff0]
[   0.000000] Scanning 1 areas orlow mmory corruption
[    0.000000] RAMDISK: [mem 0x362fc000-0x37175fff]
[    .00000] ACPI: Early table checsu verificatin isbled
[   .00000] ACPI: RSDP 0x00000000000E0000 000024 (v02 VBOX  )
[    0.000000] ACPI: XSDT 0x000000003FFF0030 00003C (v01 VBOX   VBOXXSDT 00000001 ASL  00000061)
[    0.000000] ACPI: FACP 0x000000003FFF00F0 0000F4 (v04 VBOX   VBOXFACP 00000001 ASL  00000061)
[    0.000000] ACPI: DSDT 0x000000003FFF0470 0021FF (v02 VBOX   VBOXBIOS 00000002 INTL 20100528)
[    0.000000] ACPI: FACS 0x000000003FFF0200 000040
[    0.000000] ACPI: FACS 0x000000003FFF020 000040
[    0.000000] ACPI: APIC 0x00000003FFF0240 00005C (v02 VBOX   VBOXAPIC 00000001 ASL  00000061)
[    0.000000] ACPI: SSDT 0x000000003FFF02A0 0001CC (v01 VBOX   VBOXCPUT 00000002 INTL 20100528)
[    0.000000] No NUMA configuration found
[    0.000000] Faking a node at [mem 0x0000000000000000-0x000000003ffeffff]
[     0.000000] NODE_DATA(0) allocated [mem 0x3ffeb000-0x3ffeffff]
[    0.000000] kvm-clock: Using msrs 4b564d01 and 4b564d00
[    0.000000] kvm-clock: cpu 0, msr 0:3ffe3001, primary cpu clock
[    0.000000] kvm-clock: using sched offset of 3724582043 cycles
[    0.000000] clocksource: kvm-clock: mask: 0xffffffffffffffff max_cycles: 0x1cd42e4dffb, max_idle_ns: 881590591483 ns
[    0.000000] Zone ranges:
[    0.000000]   DMA      [mem 0x0000000000001000-0x0000000000ffffff]
[   0.000000]   MA32   [mem 0x000000001000000-0x000000003ffeffff]
[    0.00000]  Nrmal   empty
[    0.00000]   Deice   epty
[   0.000000] Movalezoe start for echnode
[   0.000000] Early memoy od rngges
[   0000000]  node   0: [mem 0x0000000000000-0x0000000000eff]
[    0.000000  node  0: [me 0x00000000001000000x000000003ffefff
    0.000000]Intmem stu node0 me 00000000000001000-0x00000000fffff]
[    0.0000 API: PMTierIOPort: 0x4008
[    0.000000] IOAPIC[0]: apic_id 2, version 32, address0xec000, GSI 0-23
[   0.0000] ACPI: NTSRC_OVR (bus 0 bus_irq 0 global_irq 2 dfl dfl)
[    0.000000] ACPI: INT_SRC_OVR (bus 0 bus_irq 9 global_irq 9 low evel)
[    0.000000] Using ACPI (MADT) for SMP configuration information
[    0.000000] smpboot: Allowing 2 CPUs, 0 hotplug CPUs
[    0.000000] PM: Registered nosave memory: [mem 0x00000000-0x00000fff]
[    0.000000] PM: Registered nosave memory: [mem 0x0009f000-0x0009ffff]
[    0.000000] PM: Registered nosave memory: [mem 0x000a000-0x000effff]
[    0.000000] PM: Registered nosave memory: [mem 0x000f0000-0x000fffff]
[    0.000000] e820: [mem 0x40000000-0xfebfffff] available for PCI devices
[    0.000000] Booting paravirtualized kernel on KVM
[   0.00000] clocksource: refne-jiffis: mask: 0xffffffff max_cycles 0xffffffff, ma_ilens: 764551960021158 ns
[   0.00000] setup_percpu: NR_CPUS:512 nr_cpumask_bits:512 nr_cpu_ids:2 nr_node_ids:1
[    0.000000] PERCPU: Embedded 34 pages/cpu @ffff88003fc00000 s99480 r8192 d31592 u104857
    .000000] Built 1 zneiss in Node order, obliy rouping on.  Toalpaes: 25712
[   0.00000] Policy zone: DMA32
[    0.000000] Kernel command line: BOOT_IMAGE=/boot/vmlinuz-4.4.0-146-generic root=LABEL=cloudimg-rootfs ro console=tty1 console=ttyS0
[    0.000000] PID hash table entries: 4096 (order: 3, 32768 bytes)
[    0.000000] Memory: 997736K/1048120K available (8609K kernel code, 1334K rwdata, 4028K rodata, 1484K init, 1284K bss, 50384K reserved, 0K cma-reserved)
[    0.000000] SLUB: HWalign=64, Order=0-3, MinObjects=0, CPUs=2, Nodes=1
[    0.000000] Kernel/User page tables isolation: enabled
[    0.000000] Hierarchical RCU implementtion.
[    0.000000] 	Build-time adjustment of leaf fanout to 64.
[    0.000000] 	RCU restricting CPUs from NR_CPUS=512 to nr_cpu_ids2.
[    0.000000] RCU: Adjusting geometry for rcu_fanout_leaf=64, nr_cpu_ids=2
[    0.000000] NR_IRQS:33024 nr_irqs:440 16
[    0.00000] Console: colour VGA+ 80x25
[    0.000000] console [tty1] enabled
[    0.000000] console [ttyS0] enabled
[    0.000000] tsc: Detected 2700.000 MHz processor
[    3.784870] Calibrating delay loop (skipped) preset value.. 5400.00 BogoMIPS (lpj=10800000)
[    3.788357] pid_max: default: 32768 minimum: 301
[    3.790172] ACPI: Core revision 20150930
[   3.792758] ACPI: 2 ACPI AML tables successfully acquired and loaded
[    3.808372] Security Framework initialized
[    3.818040] Yama: becoming mindful.
[    3.819515] AppArmor: AppArmor initialized
[    3.821221] Dentry cache hash table entries: 131072 (order: 8, 1048576 bytes)
[    3.838685] Inode-cache hash table entries: 65536 (order: 7, 524288 bytes)
[    3.841573] Mount-cache hash table entries: 2048 (order: 2, 16384 bytes)
[    3.845671] Mountpoint-cache hash table entries: 2048 (order: 2, 16384 bytes)
[    3.848488] Initializing cgroup subsys io
[    3.850083] Initializing cgroup subsys memory
[    3.851873] Initializing cgroup subsys devices
[    3.853620] Initializing cgroup subsys freezer
[    3.855361] Initializing cgroup subsys net_cls
[    3.857196] Initializing cgroup subsys perf_event
[    3.859016] Initializing cgroup subsys net_prio
[    3.864498] Initializing cgroup subsys hugetlb
[    3.878540] Initializing cgroup subsys pids
[    3.881215] mce: CPU supports 0 MCE banks
[    3.882880] Last level iTLB entries: 4KB 64, 2MB 8, 4MB 8
[    3.885112] Last level dTLB entries: 4KB 64, 2MB 0, 4MB 0, 1GB 4
[    3.887488] Spectre V2 : Mitigation: Full generic retpoline
[    3.898920] Spectre V2 : Spectre v2 / SpectreRSB mitigation: Filling RSB on context switch
[    3.906024] Speculative Store Bypass: Vulnerable
[    3.910324] Freeing SMP alternatives memory: 36K
[    3.917802] ftrace: allocating 32287 entries in 127 pages
[    3.972172] smpboot: APIC(0) Converting physical 0 to logical package 0
[    3.974506] smpboot: Max logical packages: 1
[    3.976595] x2apic enabled
[    3.979220] Switched APIC routing to physical x2apic.
[    3.982267] ..TIMER: vector=0x30 apic1=0 pin1=2 apic2=-1 pin2=-1
[    4.091806] smpboot: CPU0: Intel(R) Core(TM) i5-5257U CPU @ 2.70GHz (family: 0x6, model: 0x3d, stepping: 0x4)
[    4.096878] Performance Events: unsupported p6 CPU model 61 no PMU driver, software events only.
[    4.108818] KVM setup paravirtual spinlock
[    4.111587] x86: Booting SMP configuration:
[    4.128076] .... node  #0, CPUs:      #1
[    4.138558] kvm-clock: cpu 1, msr 0:3ffe3041, secondary cpu clock
[    4.148333] mce: CPU supports 0 MCE banks
[    4.151661] x86: Booted up 1 node, 2 CPUs
[    4.153553] smpboot: Total of 2 processors activated (10800.00 BogoMIPS)
[    4.156584] devtmpfs: initialized
[    4.159218] evm: security.selinux
[    4.170329] evm: security.SMACK64
[    4.171733] evm: security.SMACK64EXEC
[    4.173315] evm: security.SMACK64TRANSMUTE
[    4.174949] evm: security.SMACK64MMAP
[    4.176482] evm: security.ima
[    4.181634] evm: security.capability
[    4.183493] clocksource: jiffies: mask: 0xffffffff max_cycles: 0xffffffff, max_idle_ns: 7645041785100000 ns
[    4.187367] futex hash table entries: 512 (order: 3, 32768 bytes)
[    4.189931] pinctrl core: initialized pinctrl subsystem
[    4.192142] RTC time: 15:55:36, date: 08/22/19
[    4.197422] NET: Registered protocol family 16
[    4.209136] cpuidle: using governor ladder
[    4.225159] cpuidle: using governor menu
[    4.229252] PCCT header not found.
[    4.237442] ACPI: bus type PCI registered
[    4.239041] acpiphp: ACPI Hot Plug PCI Controller Driver version: 0.5
[    4.241686] PCI: Using configuration type 1 for base access
[    4.258501] ACPI: Added _OSI(Module Device)
[    4.265469] ACPI: Added _OSI(Processor Device)
[    4.266883] ACPI: Added _OSI(3.0 _SCP Extensions)
[    4.268467] ACPI: Added _OSI(Processor Aggregator Device)
[    4.271765] ACPI: Executed 1 blocks of module-level executable AML code
[    4.278075] ACPI: Interpreter enabled
[    4.279370] ACPI: (supports S0 S5)
[    4.280439] ACPI: Using IOAPIC for interrupt routing
[    4.282219] PCI: Using host bridge windows from ACPI; if necessary, use "pci=nocrs" and report a bug
[    4.296269] ACPI: PCI Root Bridge [PCI0] (domain 0000 [bus 00-ff])
[    4.299757] acpi PNP0A03:00: _OSC: OS supports [ASPM ClockPM Segments MSI]
[    4.311993] acpi PNP0A03:00: _OSC: not requesting OS control; OS requires [ExtendedConfig ASPM ClockPM MSI]
[    4.326244] acpi PNP0A03:00: fail to add MMCONFIG information, can't access extended PCI configuration space under this bridge.
[    4.336052] PCI host bridge to bus 0000:00
[    4.343770] pci_bus 0000:00: root bus resource [io  0x0000-0x0cf7 window]
[    4.371258] pci_bus 0000:00: root bus resource [io  0x0d00-0xffff window]
[    4.377808] pci_bus 0000:00: root bus resource [mem 0x000a0000-0x000bffff window]
[    4.392043] pci_bus 0000:00: root bus resource [mem 0x40000000-0xfdffffff window]
[    4.403465] pci_bus 0000:00: root bus resource [bus 00-ff]
[    4.409051] pci 0000:00:01.1: legacy IDE quirk: reg 0x10: [io  0x01f0-0x01f7]
[    4.412523] pci 0000:00:01.1: legacy IDE quirk: reg 0x14: [io  0x03f6]
[    4.415161] pci 0000:00:01.1: legacy IDE quirk: reg 0x18: [io  0x0170-0x0177]
[    4.417882] pci 0000:00:01.1: legacy IDE quirk: reg 0x1c: [io  0x0376]
[    4.442580] pci 0000:00:07.0: quirk: [io  0x4000-0x403f] claimed by PIIX4 ACPI
[    4.448311] pci 0000:00:07.0: quirk: [io  0x4100-0x410f] claimed by PIIX4 SMB
[    4.470128] ACPI: PCI Interrupt Link [LNKA] (IRQs 5 9 10 *11)
[    4.473171] ACPI: PCI Interrupt Link [LNKB] (IRQs 5 9 *10 11)
[    4.476116] ACPI: PCI Interrupt Link [LNKC] (IRQs 5 *9 10 11)
[    4.483994] ACPI: PCI Interrupt Link [LNKD] (IRQs 5 9 10 *11)
[    4.487064] ACPI: Enabled 2 GPEs in block 00 to 07
[    4.490105] vgaarb: setting as boot device: PCI:0000:00:02.0
[    4.492704] vgaarb: device added: PCI:0000:00:02.0,decodes=io+mem,owns=io+mem,locks=none
[    4.501685] vgaarb: loaded
[    4.507651] vgaarb: bridge control possible 0000:00:02.0
[    4.509992] SCSI subsystem initialized
[    4.522862] ACPI: bus type USB registered
[    4.524494] usbcore: registered new interface driver usbfs
[    4.527519] usbcore: registered new interface driver hub
[    4.529634] usbcore: registered new device driver usb
[    4.532054] PCI: Using ACPI for IRQ routing
[    4.534211] NetLabel: Initializing
[    4.535662] NetLabel:  domain hash size = 128
[    4.537466] NetLabel:  protocols = UNLABELED CIPSOv4
[    4.541030] NetLabel:  unlabeled traffic allowed by default
[    4.544060] amd_nb: Cannot enumerate AMD northbridges
[    4.546207] clocksource: Switched to clocksource kvm-clock
[    4.556857] AppArmor: AppArmor Filesystem Enabled
[    4.558829] pnp: PnP ACPI init
[   4.561556] pnp: PnP ACPI: found 3 devices

[   4.600083] clocksource: acpi_pm: mask: 0xffffff max_cycles: 0xffffff, max_idle_ns: 2085701024 ns
[   4.627124] NET: Registered protocol family 2

[    4.653458] TCP established hash table entries: 8192 (order: 4, 65536 bytes)
[    4.656162] TCP bind hash table entries: 8192 (order: 5, 131072 bytes)
[    4.658611] TCP: Hash tables configured(established 8192 bind 8192)
[    4.685524] UDP hash table entries: 512 (order: 2, 16384 bytes)
[    4.687927] UDP-Lite hash table entries: 512 (order: 2, 16384 bytes)
[    4.690357] NET: Registered protocol family 1
[    4.692269] pci 0000:00:0.0: Limiting direct PCI/PCI transfers
[    4.717876] pci 0000:00:01.0: Activating ISA DMA hang workarounds
[    4.720567] Unpacking initramfs...

[    4.955101] Freeing initrd memory: 14824K
[    4.956944] RAPL PMU detected, API unit is 2^-32 Joules, 4 fixed counters 10737418240 ms ovfl timer
[    4.960532] hw unit of domain pp0-core 2^-0 Joules
[    4.972339] hw unit of domain package 2^-0 Joules
[    4.974180] hw unit of domain dram 2^-0 Joules
[    4.978675] hw unit of domain pp1-gpu 2^-0 Joules
[    4.980616] platform rtc_cmos: registered platform RTC device (no PNP device found)
[    4.983731] Scanning for low memory corruption every 60 seconds
[    4.986507] audit: initializing netlink subsys (disabled)
[    4.988610] audit: type=2000 audit(1566489338.392:1): initialized
[    4.991272] Initialise system trusted keyring
[    4.993568] HugeTLB registered 2 MB page size, pre-allocated 0 pages
[    5.008867] zbud: loaded
[    5.010634] VFS: Disk quotas dquot_6.6.0
[    5.012636] VFS: Dquot-cache hash table entries: 512 (order 0, 4096 bytes)
[    5.024686] squashfs: version 4.0 (2009/01/31) Phillip Lougher
[    5.038812] fuse init (API version 7.23)
[    5.040517] Key type big_key registered
[    5.042172] Allocating IMA MOK and blacklist keyrings.
[    5.047456] Key type asymmetric registered
[    5.049126] Asymmetric key parser 'x509' registered
[    5.051122] Block layer SCSI generic (bsg) driver version 0.4 loaded (major 249)
[    5.054311] io scheduler noop registered
[    5.055896] io scheduler deadline registered (default)
[    5.057932] io scheduler cfq registered
[    5.059834] pci_hotplug: PCI Hot Plug PCI Core version: 0.5
[    5.073197] pciehp: PCI Express Hot Plug Controller Driver version: 0.4
[    5.076520] ACPI: AC Adapter [AC] (off-line)
[    5.078236] input: Power Button as /devices/LNXSYSTM:00/LNXPWRBN:00/input/input0
[    5.089224] ACPI: Power Button [PWRF]
[    5.096836] input: Sleep Button as /devices/LNXSYSTM:00/LNXSLPBN:00/input/input1
[    5.100332] ACPI: Sleep Button [SLPF]
[    5.104084] ACPI: Battery Slot [BAT0] (battery present)
[    5.106310] GHES: HEST is not enabled!
[    5.108038] Serial: 8250/16550 driver, 32 ports, IRQ sharing enabled
[    5.136809] 00:02: ttyS0 at I/O 0x3f8 (irq = 4, base_baud = 115200) is a 16550A
[    5.147867] Linux agpgart interface v0.103
[    5.152119] loop: module loaded
[    5.159588] scsi host0: ata_piix
[    5.163966] scsi host1: ata_piix
[    5.167751] ata1: PATA max UDMA/33 cmd 0x1f0 ctl 0x3f6 bmdma 0xd000 irq 14
[    5.182964] ata2: PATA max UDMA/33 cmd 0x170 ctl 0x376 bmdma 0xd008 irq 15
[    5.186046] libphy: Fixed MDIO Bus: probed
[    5.193377] tun: Universal TUN/TAP device driver, 1.6
[    5.199431] tun: (C) 1999-2004 Max Krasnyansky <maxk@qualcomm.com>
[    5.201307] PPP generic driver version 2.4.2
[    5.205024] ehci_hcd: USB 2.0 'Enhanced' Host Controller (EHCI) Driver
[    5.216071] ehci-pci: EHCI PCI platform driver
[    5.217927] ehci-platform: EHCI generic platform driver
[    5.223106] ohci_hcd: USB 1.1 'Open' Host Controller (OHCI) Driver
[    5.225839] ohci-pci: OHCI PCI platform driver
[    5.231964] ohci-platform: OHCI generic platform driver
[    5.237235] uhci_hcd: USB Universal Host Controller Interface driver
[    5.253249] i8042: PNP: PS/2 Controller [PNP0303:PS2K,PNP0f03:PS2M] at 0x60,0x64 irq 1,12
[    5.258117] serio: i8042 KBD port at 0x60,0x64 irq 1
[    5.260085] serio: i8042 AUX port at 0x60,0x64 irq 12
[    5.268809] mousedev: PS/2 mouse device common for all mice
[    5.273191] rtc_cmos rtc_cmos: rtc core: registered rtc_cmos as rtc0
[    5.282534] rtc_cmos rtc_cmos: alarms up to one day, 114 bytes nvram
[    5.282752] input: AT Translated Set 2 keyboard as /devices/platform/i8042/serio0/input/input2
[    5.303444] i2c /dev entries driver
[    5.308038] device-mapper: uevent: version 1.0.3
[    5.309573] device-mapper: ioctl: 4.34.0-ioctl (2015-10-28) initialised: dm-devel@redhat.com
[    5.317001] ledtrig-cpu: registered to indicate activity on CPUs
[    5.320384] NET: Registered protocol family 10
[    5.324543] NET: Registered protocol family 17
[    5.326439] Key type dns_resolver registered
[    5.339904] registered taskstats version 1
[    5.341716] Loading compiled-in X.509 certificates
[   5.35027] Loaded X.509 cert 'Build time autogenerated kernel key: 4dcb2dc2c7cf43e0c20c44384f68683c20294489'
[    5.402596] zswap: loaded using pool lzo/zbud

[    5.408111] Key type trusted registered
[    5.413693] Key type encrypted registered
[    5.415417] AppArmor: AppArmor sha1 policy hashing enabled
[    5.428035] ima: No TPM chip found, activating TPM-bypass!
[    5.430350] ima: Allocated hash algorithm: sha1
[    5.432586] evm: HMAC attrs: 0x1
[    5.441943]   Magic number: 15:148:943
[    5.445452] tty tty0: hash matches
[    5.447431] tty console: hash matches
[    5.449794] rtc_cmos rtc_cmos: setting system clock to 2019-08-22 15:55:38 UTC (1566489338)
[    5.454942] BIOS EDD facility v0.16 2004-Jun-25, 0 devices found
[    5.460815] EDD information not available.
[    5.467359] Freeing unused kernel memory: 1484K
[    5.482460] Write protecting the kernel read-only data: 14336k
[    5.486642] Freeing unused kernel memory: 1620K
[    5.490316] Freeing unused kernel memory: 68K
[    5.979623] tsc: Refined TSC clocksource calibration: 2699.536 MHz
[    5.979626] clocksource: tsc: mask: 0xffffffffffffffff max_cycles: 0x26e9881ae4a, max_idle_ns: 440795305510 ns
Loading, please wait...
starting version 229
[    6.284989] random: systemd-udevd: uninitialized urandom read (16 bytes read, 5 bits of entropy available)
[    6.285294] random: udevadm: uninitialized urandom read (16 bytes read, 5 bits of entropy available)
[    6.285319] random: udevadm: uninitialized urandom read (16 bytes read, 5 bits of entropy available)
[    6.296154] random: udevadm: uninitialized urandom read (16 bytes read, 5 bits of entropy available)
[    6.296208] random: udevadm: uninitialized urandom read (16 bytes read, 5 bits of entropy available)
[    6.296372] random: udevadm: uninitialized urandom read (16 bytes read, 5 bits of entropy available)
[    6.296437] random: udevadm: uninitialized urandom read (16 bytes read, 5 bits of entropy available)
[    6.296498] random: udevadm: uninitialized urandom read (16 bytes read, 5 bits of entropy available)
[    6.296559] random: udevadm: uninitialized urandom read (16 bytes read, 5 bits of entropy available)
[    6.296619] random: udevadm: uninitialized urandom read (16 bytes read, 5 bits of entropy available)
[    6.372917] e1000: Intel(R) PRO/1000 Network Driver - version 7.3.21-k8-NAPI
[    6.399344] e1000: Copyright (c) 1999-2006 Intel Corporation.
[    6.405659] Fusion MPT base driver 3.04.20
[    6.423372] Copyright (c) 1999-2008 LSI Corporation
[    6.440299] Fusion MPT SPI Host driver 3.04.20
[    6.461095] AVX2 version of gcm_enc/dec engaged.
[    6.469108] AES CTR mode by8 optimization enabled
[    6.648659] input: ImExPS/2 Generic Explorer Mouse as /devices/platform/i8042/serio1/input/input4
[    6.904062] e1000 0000:00:03.0 eth0: (PCI:33MHz:32-bit) 02:26:7f:6e:ca:81
[    6.937118] e1000 0000:00:03.0 eth0: Intel(R) PRO/1000 Network Connection
[    6.950034] e1000 0000:00:03.0 enp0s3: renamed from eth0
[    6.962746] mptbase: ioc0: Initiating bringup
[    7.046954] ioc0: LSI53C1030 A0: Capabilities={Initiator}
[    7.242696] scsi host2: ioc0: LSI53C1030 A0, FwRev=00000000h, Ports=1, MaxQ=256, IRQ=20
[    7.379087] scsi 2:0:0:0: Direct-Access     VBOX     HARDDISK         1.0  PQ: 0 ANSI: 5
[    7.413914] scsi target2:0:0: Beginning Domain Validation
[    7.418798] scsi target2:0:0: Domain Validation skipping write tests
[    7.420566] scsi target2:0:0: Ending Domain Validation
[    7.422185] scsi target2:0:0: asynchronous
[    7.457047] scsi 2:0:1:0: Direct-Access     VBOX     HARDDISK         1.0  PQ: 0 ANSI: 5
[    7.513567] scsi target2:0:1: Beginning Domain Validation
[    7.526576] scsi target2:0:1: Domain Validation skipping write tests
[    7.546992] scsi target2:0:1: Ending Domain Validation
[    7.577161] scsi target2:0:1: asynchronous
[    7.601500] sd 2:0:0:0: Attached scsi generic sg0 type 0
[    7.601876] sd 2:0:0:0: [sda] 20971520 512-byte logical blocks: (10.7 GB/10.0 GiB)
[    7.602138] sd 2:0:0:0: [sda] Write Protect is off
[    7.602261] sd 2:0:0:0: [sda] Incomplete mode parameter data
[    7.602262] sd 2:0:0:0: [sda] Assuming drive cache: write through
[    7.610817] sd 2:0:1:0: Attached scsi generic sg1 type 0
[    7.611292] sd 2:0:1:0: [sdb] 20480 512-byte logical blocks: (10.5 MB/10.0 MiB)
[    7.611764] sd 2:0:1:0: [sdb] Write Protect is off
[    7.611944] sd 2:0:1:0: [sdb] Incomplete mode parameter data
[    7.611946] sd 2:0:1:0: [sdb] Assuming drive cache: write through
[    7.612640]  sda: sda1
[    7.615692] sd 2:0:0:0: [sda] Attached SCSI disk
[    7.617122] sd 2:0:1:0: [sdb] Attached SCSI disk
Begin: Loading essential drivers ... [    9.068239] md: linear personality registered for level -1
[    9.074717] md: multipath personality registered for level -4
[    9.097999] md: raid0 personality registered for level 0
[    9.123670] md: raid1 personality registered for level 1
[    9.210514] raid6: sse2x1   gen()  9483 MB/s
[    9.282245] raid6: sse2x1   xor()  7163 MB/s
[    9.366534] raid6: sse2x2   gen() 11768 MB/s
[    9.454489] raid6: sse2x2   xor()  7749 MB/s
[    9.538244] raid6: sse2x4   gen() 13628 MB/s
[    9.610775] raid6: sse2x4   xor()  9802 MB/s
[    9.682317] raid6: avx2x1   gen() 18304 MB/s
[    9.778550] raid6: avx2x2   gen() 21825 MB/s
[    9.862511] raid6: avx2x4   gen() 24416 MB/s
[    9.877681] raid6: using algorithm avx2x4 gen() 24416 MB/s
[    9.899038] raid6: using avx2x2 recovery algorithm
[    9.924492] xor: automatically using best checksumming function:
[    9.978776]    avx       : 27679.000 MB/sec
[    9.982565] async_tx: api initialized (async)
[   10.017573] md: raid6 personality registered for level 6
[   10.022166] md: raid5 personality registered for level 5
[   10.025220] md: raid4 personality registered for level 4
[   10.045309] md: raid10 personality registered for level 10
done.
Begin: Running /scripts/init-premount ... done.
Begin: Mounting root file system ... Begin: Running /scripts/local-top ... done.
Begin: Running /scripts/local-premount ... [   10.100453] Btrfs loaded
Scanning for Btrfs filesystems
done.
Warning: fsck no[   10.130575] EXT4-fs (sda1): mounted filesystem with ordered data mode. Opts: (null)
t present, so skipping root file system
done.
Begin: Running /scripts/local-bottom ... done.
Begin: Running /scripts/init-bottom ... done.
[   10.256522] systemd[1]: systemd 229 running in system mode. (+PAM +AUDIT +SELINUX +IMA +APPARMOR +SMACK +SYSVINIT +UTMP +LIBCRYPTSETUP +GCRYPT +GNUTLS +ACL +XZ -LZ4 +SECCOMP +BLKID +ELFUTILS +KMOD -IDN)
[   10.304023] systemd[1]: Detected virtualization oracle.
[   10.315273] systemd[1]: Detected architecture x86-64.

Welcome to [1mUbuntu 16.04.6 LTS[0m!

[   10.343529] systemd[1]: Set hostname to <ubuntu>.
[   10.354846] systemd[1]: Initializing machine ID from random generator.
[   10.356802] systemd[1]: Installed transient /etc/machine-id file.
[   10.486939] systemd[1]: Started Forward Password Requests to Wall Directory Watch.
[[0;32m  OK  [0m] Started Forward Password Requests to Wall Directory Watch.
[   10.535539] systemd[1]: Listening on udev Kernel Socket.
[[0;32m  OK  [0m] Listening on udev Kernel Socket.
[   10.563227] systemd[1]: Created slice System Slice.
[[0;32m  OK  [0m] Created slice System Slice.
[   10.601003] systemd[1]: Listening on Journal Socket.
[[0;32m  OK  [0m] Listening on Journal Socket.
[   10.631125] systemd[1]: Starting Set console keymap...
         Starting Set console keymap...
[   10.642971] systemd[1]: Starting Uncomplicated firewall...
         Starting Uncomplicated firewall...
[   10.702885] systemd[1]: Starting Create list of required static device nodes for the current kernel...
         Starting Create list of required st... nodes for the current kernel...
[   10.779446] systemd[1]: Reached target Swap.
[[0;32m  OK  [0m] Reached target Swap.
[   10.835739] systemd[1]: Reached target User and Group Name Lookups.
[[0;32m  OK  [0m] Reached target User and Group Name Lookups.
[   10.860506] systemd[1]: Set up automount Arbitrary Executable File Formats File System Automount Point.
[[0;32m  OK  [0m] Set up automount Arbitrary Executab...ats File System Automount Point.
[   10.955156] systemd[1]: Mounting POSIX Message Queue File System...
         Mounting POSIX Message Queue File System...
[   10.975092] systemd[1]: Listening on /dev/initctl Compatibility Named Pipe.
[[0;32m  OK  [0m] Listening on /dev/initctl Compatibility Named Pipe.
[   11.015997] systemd[1]: Created slice system-serial\x2dgetty.slice.
[[0;32m  OK  [0m] Created slice system-serial\x2dgetty.slice.
[   11.106990] systemd[1]: Starting Nameserver information manager...
         Starting Nameserver information manager...
[   11.112748] systemd[1]: Started Trigger resolvconf update for networkd DNS.
[[0;32m  OK  [0m] Started Trigger resolvconf update for networkd DNS.
[   11.118489] systemd[1]: Listening on Device-mapper event daemon FIFOs.
[[0;32m  OK  [0m] Listening on Device-mapper event daemon FIFOs.
[   11.123771] systemd[1]: Listening on Syslog Socket.
[[0;32m  OK  [0m] Listening on Syslog Socket.
[   11.135454] systemd[1]: Listening on LVM2 poll daemon socket.
[[0;32m  OK  [0m] Listening on LVM2 poll daemon socket.
[   11.144336] systemd[1]: Reached target System Time Synchronized.
[[0;32m  OK  [0m] Reached target System Time Synchronized.
[   11.152625] systemd[1]: Reached target Encrypted Volumes.
[[0;32m  OK  [0m] Reached target Encrypted Volumes.
[   11.159836] random: nonblocking pool is initialized
[   11.178949] systemd[1]: Starting Load Kernel Modules...
         Starting Load Kernel Modules...
[   11.194493] systemd[1]: Listening on Journal Socket (/dev/log).
[   11.216835] Loading iSCSI transport class v2.0-870.
[[0;32m  OK  [0[   11.237280] iscsi: registered transport (tcp)
m] Listening on Journal Socket (/dev/log).
[   11.263889] systemd[1]: Listening on LVM2 metadata daemon socket.
[[0;32m  OK  [0m] Listening on LVM2 metadata daemon socket.
[   11.315376] systemd[1]: Starting Monitoring of LVM2 mirrors, snapshots etc. using dmeventd or progress polling...
         Starting Monitoring of LVM2 mirrors... dmeventd or progress polling...
[   11.324436] systemd[1]: Created slice User and Session Slice.
[[0;32m  OK  [0m] Created slice User and Session Slice.
[   11.332230] systemd[1]: Listening on Journal Audit Socket.
[[0;32m  OK  [0m] Listening on Journal Audit Socket.
[   11.349301] systemd[1]: Starting Journal Service...
[   11.353597] iscsi: registered transport (iser)
         Starting Journal Service...
[   11.395000] systemd[1]: Listening on udev Control Socket.
[[0;32m  OK  [0m] Listening on udev Control Socket.
[   11.431081] systemd[1]: Mounting Huge Pages File System...
         Mounting Huge Pages File System...
[   11.446523] systemd[1]: Starting Remount Root and Kernel File Systems...
         [   11.480089] EXT4-fs (sda1): re-mounted. Opts: (null)
Starting Remount Root and Kernel File Systems...
[   11.534892] systemd[1]: Mounting Debug File System...
         Mounting Debug File System...
[   11.559207] systemd[1]: Reached target Slices.
[[0;32m  OK  [0m] Reached target Slices.
[   11.596523] systemd[1]: Mounted Debug File System.
[[0;32m  OK  [0m] Mounted Debug File System.
[   11.626929] systemd[1]: Mounted Huge Pages File System.
[[0;32m  OK  [0m] Mounted Huge Pages File System.
[   11.660679] systemd[1]: Mounted POSIX Message Queue File System.
[[0;32m  OK  [0m] Mounted POSIX Message Queue File System.
[   11.675512] systemd[1]: Started Journal Service.
[[0;32m  OK  [0m] Started Journal Service.
[[0;32m  OK  [0m] Started Set console keymap.
[[0;32m  OK  [0m] Started Uncomplicated firewall.
[[0;32m  OK  [0m] Started Create list of required sta...ce nodes for the current kernel.
[[0;32m  OK  [0m] Started Load Kernel Modules.
[[0;32m  OK  [0m] Started Remount Root and Kernel File Systems.
[[0;32m  OK  [0m] Started Nameserver information manager.
[[0;32m  OK  [0m] Started LVM2 metadata daemon.
         Starting Load/Save Random Seed...
         Starting udev Coldplug all Devices...
         Mounting FUSE Control File System...
         Starting Apply Kernel Variables...
         Starting Create Static Device Nodes in /dev...
         Starting Flush Journal to Persistent Storage...
[[0;32m  OK  [0m] Mounted FUSE Control File System.
[[0;32m  OK  [0m] Started Load/Save Random Seed.
[[0;32m  OK  [0m] Started Apply Kernel Variables.
[[0;32m  OK  [0m] Started Create Static Device Nodes in /dev.
[[0;32m  OK  [0m] Started Flush Journal to Persistent Storage.
[[0;32m  OK  [0m] Started udev Coldplug all Devices.
         Starting udev Kernel Device Manager...
[[0;32m  OK  [0m] Started udev Kernel Device Manager.
[[0;32m  OK  [0m] Started Dispatch Password Requests to Console Directory Watch.
[[0;32m  OK  [0m] Started Monitoring of LVM2 mirrors,...ng dmeventd or progress polling.
[[0;32m  OK  [0m] Reached target Local File Systems (Pre).
[[0;32m  OK  [0m] Reached target Local File Systems.
         Starting Commit a transient machine-id on disk...
         Starting Initial cloud-init job (pre-networking)...
         Starting LSB: AppArmor initialization...
         Starting Set console font and keymap...
         Starting Tell Plymouth To Write Out Runtime Data...
         Starting Create Volatile Files and Directories...
[[0;32m  OK  [0m] Started Commit a transient machine-id on disk.
[[0;32m  OK  [0m] Started Tell Plymouth To Write Out Runtime Data.
[[0;32m  OK  [0m] Started Create Volatile Files and Directories.
[[0;32m  OK  [0m] Found device /dev/ttyS0.
[[0;32m  OK  [0m] Listening on Load/Save RF Kill Switch Status /dev/rfkill Watch.
         Starting Update UTMP about System Boot/Shutdown...
[[0;32m  OK  [0m] Started Update UTMP about System Boot/Shutdown.
[[0;32m  OK  [0m] Started Initial cloud-init job (pre-networking).
[[0;32m  OK  [0m] Reached target Network (Pre).
[    9.637501] cloud-init[484]: Cloud-init v. 18.5-45-g3554ffe8-0ubuntu1~16.04.1 running 'init-local' at Thu, 22 Aug 2019 15:55:46 +0000. Up 9.10 seconds.
[[0;32m  OK  [0m] Started LSB: AppArmor initialization.
[[0;32m  OK  [0m] Started Set console font and keymap.
[[0;32m  OK  [0m] Created slice system-getty.slice.
         Starting Raise network interfaces...
[[0;32m  OK  [0m] Started Raise network interfaces.
         Starting Initial cloud-init job (metadata service crawler)...
[[0;32m  OK  [0m] Reached target Network.
[   10.984729] cloud-init[933]: Cloud-init v. 18.5-45-g3554ffe8-0ubuntu1~16.04.1 running 'init' at Thu, 22 Aug 2019 15:55:47 +0000. Up 10.35 seconds.
[   10.993105] cloud-init[933]: ci-info: ++++++++++++++++++++++++++++++++++++++Net device info++++++++++++++++++++++++++++++++++++++
[   11.008036] cloud-init[933]: ci-info: +--------+------+----------------------------+---------------+--------+-------------------+
[   11.013721] cloud-init[933]: ci-info: | Device |  Up  |          Address           |      Mask     | Scope  |     Hw-Address    |
[   11.019918] cloud-init[933]: ci-info: +--------+------+----------------------------+---------------+--------+-------------------+
[   11.029577] cloud-init[933]: ci-info: | enp0s3 | True |         10.0.2.15          | 255.255.255.0 | global | 02:26:7f:6e:ca:81 |
[   11.035926] cloud-init[933]: ci-info: | enp0s3 | True | fe80::26:7fff:fe6e:ca81/64 |       .       |  link  | 02:26:7f:6e:ca:81 |
[   11.042116] [[0;32m  OK  [0m] Started Initial cloud-init job (metadata service crawler).
[[0;32m  OK  [0m] Reached target Cloud-config availability.
[[0;32m  OK  [0m] Reached target System Initialization.
         Starting Socket activation for snappy daemon.
[[0;32m  OK  [0m] Listening on D-Bus System Message Bus Socket.
[[0;32m  OK  [0m] Started Daily Cleanup of Temporary Directories.
[[0;32m  OK  [0m] Listening on UUID daemon activation socket.
cloud-init[933]: ci-info: |   lo   | True |         127.0.0.1          |   255.0.0.0   |  host  |         .         |
[   11.097839] [[0;32m  OK  [0m] Started Daily apt download activities.
[[0;32m  OK  [0m] Started Daily apt upgrade and clean activities.
[[0;32m  OK  [0m] Reached target Timers.
cloud-init[933]: ci-info: |   lo   | True |          ::1/128           |       .       |  host  |         .         |
[   11.142507] [[0;32m  OK  [0m] Started ACPI Events Check.
[[0;32m  OK  [0m] Reached target Paths.
cloud-init[933]: ci-info: +--------+------+----------------------------+---------------+--------+-------------------+
[   11.171172]          Starting LXD - unix socket.
cloud-init[[933]: [0;32m  OK  [0mci-info: +++++++++++++++++++++++++++Route IPv4 info++++++++++++++++++++++++++++] 
Listening on ACPID Listen Socket.
[   11.217325] [[0;32m  OK  [0m] Reached target Network is Online.
cloud-init[933]: ci-info: +-------+-------------+----------+---------------+-----------+-------+
[   11.227216]          Starting iSCSI initiator daemon (iscsid)...
[[0;32m  OK  [0m] Listening on Socket activation for snappy daemon.
[[0;32m  OK  [0m] Listening on LXD - unix socket.
cloud-init[933]: [[0;32m  OK  [0m] Reached target Sockets.
[[0;32m  OK  [0m] Reached target Basic System.
[[0;32m  OK  [0m] Started Deferred execution scheduler.
ci-info: | Route | Destination | Gateway  |    Genmask    | Interface | Flags |
[   11.272340]          Starting LXD - container startup/shutdown...
cloud-init[933]: ci-info: +-------+-------------+----------+---------------+-----------+-------+
[   11.287191] cloud-init[[0;32m  OK  [0m] Started ACPI event daemon.
[933]:          Starting LSB: Record successful boot for GRUB...
[[0;32m  OK  [0m] Started D-Bus System Message Bus.
ci-info: |   0   |   0.0.0.0   | 10.0.2.2 |    0.0.0.0    |   enp0s3  |   UG  |
[   11.299713] cloud-init[933]: ci-info: |   1   |   10.0.2.0  | 0.0.0.0  | 255.255.255.0 |   enp0s3  |   U   |
[   11.310635] cloud-init[933]: ci-info: +-------+-------------+----------+---------------+-----------+-------+
[   11.320343] cloud-init[933]: ci-info: +++++++++++++++++++Route IPv6 info+++++++++++++++++++
[   11.336865]          Starting Virtualbox guest utils...
cloud-init[933]: ci-info: +-------+-------------+---------+-----------+-------+
[   11.342596]          Starting System Logging Service...
[[0;32m  OK  [0m] Started FUSE filesystem for LXC.
         Starting Login Service...
         Starting /etc/rc.local Compatibility...
         Starting LSB: MD monitoring daemon...
cloud-init[933]: ci-info: | Route | Destination | Gateway | Interface | Flags |
[   11.380238] [[0;32m  OK  [0m] Started Regular background program processing daemon.
cloud-init[933]: ci-info: +-------+-------------+---------+-----------+-------+
[   11.387408] cloud-init[933]: ci-info: |   0   |  fe80::/64  |    ::   |   enp0s3  |   U   |
[   11.401345]          Starting Pollinate to seed the pseudo random number generator...
         Starting Accounts Service...
cloud-init         Starting Snappy daemon...
[[0;32m  OK  [0m] Started System Logging Service.
[933]: [[0;32m  OK  [0m] Started LXD - container startup/shutdown.
[[0;32m  OK  [0m] Started /etc/rc.local Compatibility.
ci-info: |   3   |   ff00::/8  |    ::   |   enp0s3  |   U   |
[   11.418345] cloud-init[933]: ci-info: +-------+-------------+---------+-----------+-------+
[   11.458203] cloud-init[[0;32m  OK  [0m] Started iSCSI initiator daemon (iscsid).
[933]: Generating public/private rsa key pair.
[   11.472045] cloud-init[933]: Your identification has been saved in /etc/ssh/ssh_host_rsa_key.
[   11.524736] cloud-init[933]: Your public key has been saved in /etc/ssh/ssh_host_rsa_key.pub.
[   11.531009] cloud-init[933]: The key fingerprint is:
         Starting Login to default iSCSI targets...
[[0;32m  OK  [0m] Started LSB: Record successful boot for GRUB.
[[0;32m  OK  [0m] Started LSB: MD monitoring daemon.
[[0;32m  OK  [0m] Started Login Service.
[   11.537692] cloud-init[933]: SHA256:9i0ahOa/k40+SndHkq1mrttpZ4uiTg1EIFQuB+1YjIk root@ubuntu-xenial
[   11.572311] cloud-init[933]: The key's randomart image is:
[[0;32m  OK  [0m] Started Unattended Upgrades Shutdown.
[   11.591956] cloud-init[933]: +---[RSA 2048]----+
[   11.633656] cloud-init[933]: | o+*o..          |
[   11.634301] cloud-init[933]: |E o++.           |
         Starting Authenticate and Authorize Users to Run Privileged Tasks...
[   11.635959] cloud-init[933]: |  .+o .          |
[   11.728959] cloud-init[933]: |  .o.. .   o     |
[   11.729717] cloud-init[933]: |      + S o o    |
[   11.731087] cloud-init[933]: |     o = . =     |
[[0;32m  OK  [0m] Started Virtualbox guest utils.
[   11.750442] cloud-init[[0;32m  OK  [0m] Started Snappy daemon.
[[0;32m  OK  [0m] Started Authenticate and Authorize Users to Run Privileged Tasks.
[933]: |      + ++B o    |
[   11.837042] cloud-init[933]: |     o o*Oo=o    |
[   11.838290] cloud-init[933]: |     .++BO=o..   |
[[0;32m  OK  [0m] Started Accounts Service.
[   11.839058] cloud-init[933]: +----[SHA256]-----+
[[   11.866662] cloud-init[933]: Generating public/private dsa key pair.
[   11.867997] cloud-init[933]: Your identification has been saved in /etc/ssh/ssh_host_dsa_key.
[0;32m  OK  [0m] Started Login to default iSCSI targets.
[   11.868610] cloud-init[933]: Your public key has been saved in /etc/ssh/ssh_host_dsa_key.pub.
[   11.908650] cloud-init[933]: The key fingerprint is:
[   11.913189] cloud-init[933]: SHA256:jM2phO18a+d6t9Qs1adHUhC0Gtd+IbfPCTIKilxSqPQ root@ubuntu-xenial
[   11.919406] [[0;32m  OK  [0m] Reached target Remote File Systems (Pre).
cloud-init[933]: The key's randomart image is:
[   11.929917] [[0;32m  OK  [0m] Reached target Remote File Systems.
cloud-init[933]: +---[DSA 1024]----+
[   11.934669] cloud-init[933]: |             .+. |
[   11.938041] cloud-init[933]: |    .          + |
[   11.941914] cloud-init[933]: | . . .      ..ooo|
[   11.945136] cloud-init[933]: |. o .o = .   +o+o|
[   11.948268]          Starting LSB: Set the CPU Frequency Scaling governor to "ondemand"...
         Starting LSB: automatic crash report generation...
cloud-init[933]: | . E..+.S  o..o.*|
[   11.961225]          Starting Permit User Sessions...
         Starting LSB: daemon to balance interrupts for SMP systems...
         Starting Wait until snapd is fully seeded...
cloud-init[933]: |  . ++... . o+.==|
[[   11.988770] cloud-init[933]: |   o .+ ..  o +.+|
[   11.989927] cloud-init[933]: |       ...o... . |
[   11.989992] cloud-init[933]: |       .o=....   |
[   11.990038] cloud-init[933]: +----[SHA256]-----+
[   11.990078] cloud-init[933]: Generating public/private ecdsa key pair.
[   11.990115] cloud-init[933]: Your identification has been saved in /etc/ssh/ssh_host_ecdsa_key.
[   11.990152] cloud-init[933]: Your public key has been saved in /etc/ssh/ssh_host_ecdsa_key.pub.
[   11.990187] cloud-init[933]: The key fingerprint is:
[   11.990221] cloud-init[933]: SHA256:/fXg13VVafN454C/Tj47DeZD7DzJPMGxQLLncYK7pvk root@ubuntu-xenial
[   11.990255] cloud-init[933]: The key's randomart image is:
[   11.990289] cloud-init[933]: +---[ECDSA 256]---+
[   11.990331] cloud-init[933]: |                o|
[   11.990365] cloud-init[933]: |          . .  +.|
[   11.990399] cloud-init[933]: |           = ...+|
[   11.990433] cloud-init[933]: |         .o * = =|
[   11.990467] cloud-init[933]: |        S .+ Oo*+|
[   11.990499] cloud-init[933]: |          ...oXo=|
[   11.990533] cloud-init[933]: |           ..Oo*+|
[   11.990567] cloud-init[933]: |         .o  o#..|
[   11.990601] cloud-init[933]: |        o+E  .+B |
[   11.990634] cloud-init[933]: +----[SHA256]-----+
[   11.990665] cloud-init[933]: Generating public/private ed25519 key pair.
[   11.990698] cloud-init[933]: Your identification has been saved in /etc/ssh/ssh_host_ed25519_key.
[   11.990736] cloud-init[933]: Your public key has been saved in /etc/ssh/ssh_host_ed25519_key.pub.
[   11.990780] cloud-init[933]: The key fingerprint is:
[   11.990837] cloud-init[933]: SHA256:uJLDFv8KtEQEfthVQ8RC4lTikP4dWdbXVqUmSHdRUtU root@ubuntu-xenial
[   11.990896] cloud-init[933]: The key's randomart image is:
[   11.990952] cloud-init[933]: +--[ED25519 256]--+
[   11.991008] cloud-init[933]: |  oo=o+==.. ..+=X|
[   11.991062] cloud-init[933]: | ..O +. +o.o..ooE|
[   11.991125] cloud-init[933]: | .o *  =  ....o  |
[   11.991278] cloud-init[933]: |  .o  o.     o   |
[   11.991338] cloud-init[933]: |   .+...S        |
[   11.991395] cloud-init[933]: |   +.=..         |
[   11.991485] cloud-init[933]: |    O o          |
[   11.991535] cloud-init[933]: |   . + .         |
[   11.991979] cloud-init[933]: |      ...        |
[   11.992024] cloud-init[933]: +----[SHA256]-----+
[0;32m  OK  [0m] Started Permit User Sessions.
[[0;32m  OK  [0m] Started LSB: Set the CPU Frequency Scaling governor to "ondemand".
         Starting Hold until boot process finishes up...
         Starting Terminate Plymouth Boot Screen...
[[0;32m  OK  [0m] Started LSB: automatic crash report generation.
[[0;32m  OK  [0m] Started LSB: daemon to balance interrupts for SMP systems.
[[0;32m  OK  [0m] Started Hold until boot process finishes up.
[[0;32m  OK  [0m] Started Terminate Plymouth Boot Screen.
[[0;32m  OK  [0m] Started Serial Getty on ttyS0.
         Starting Set console scheme...
[[0;32m  OK  [0m] Started Getty on tty1.
[[0;32m  OK  [0m] Reached target Login Prompts.
[[0;32m  OK  [0m] Started Pollinate to seed the pseudo random number generator.
[[0;32m  OK  [0m] Started Set console scheme.
         Starting OpenBSD Secure Shell server...
[[0;32m  OK  [0m] Started OpenBSD Secure Shell server.
[[0;32m  OK  [0m] Started Wait until snapd is fully seeded.
         Starting Apply the settings specified in cloud-config...
[[0;32m  OK  [0m] Reached target Multi-User System.
[[0;32m  OK  [0m] Reached target Graphical Interface.
         Starting Update UTMP about System Runlevel Changes...
[[0;32m  OK  [0m] Started Update UTMP about System Runlevel Changes.
[   14.972572] cloud-init[1279]: Generating locales (this might take a while)...
[[0;32m  OK  [0m] Created slice User Slice of vagrant.
         Starting User Manager for UID 1000...
[[0;32m  OK  [0m] Started Session 1 of user vagrant.
[[0;32m  OK  [0m] Started User Manager for UID 1000.
[   15.865283] cloud-init[1279]:   en_US.UTF-8... done
[   15.875283] cloud-init[1279]: Generation complete.
[   16.441753] cloud-init[1279]: Cloud-init v. 18.5-45-g3554ffe8-0ubuntu1~16.04.1 running 'modules:config' at Thu, 22 Aug 2019 15:55:52 +0000. Up 14.88 seconds.
[[0;32m  OK  [0m] Started Apply the settings specified in cloud-config.
         Starting Execute cloud user/final scripts...
ci-info: no authorized ssh keys fingerprints found for user ubuntu.
<14>Aug 22 15:55:54 ec2: 
<14>Aug 22 15:55:54 ec2: #############################################################
<14>Aug 22 15:55:54 ec2: -----BEGIN SSH HOST KEY FINGERPRINTS-----
<14>Aug 22 15:55:54 ec2: 1024 SHA256:jM2phO18a+d6t9Qs1adHUhC0Gtd+IbfPCTIKilxSqPQ root@ubuntu-xenial (DSA)
<14>Aug 22 15:55:54 ec2: 256 SHA256:/fXg13VVafN454C/Tj47DeZD7DzJPMGxQLLncYK7pvk root@ubuntu-xenial (ECDSA)
<14>Aug 22 15:55:54 ec2: 256 SHA256:uJLDFv8KtEQEfthVQ8RC4lTikP4dWdbXVqUmSHdRUtU root@ubuntu-xenial (ED25519)
<14>Aug 22 15:55:54 ec2: 2048 SHA256:9i0ahOa/k40+SndHkq1mrttpZ4uiTg1EIFQuB+1YjIk root@ubuntu-xenial (RSA)
<14>Aug 22 15:55:54 ec2: -----END SSH HOST KEY FINGERPRINTS-----
<14>Aug 22 15:55:54 ec2: #############################################################
-----BEGIN SSH HOST KEY KEYS-----
ecdsa-sha2-nistp256 AAAAE2VjZHNhLXNoYTItbmlzdHAyNTYAAAAIbmlzdHAyNTYAAABBBFgt04EYRft+CD9XgQA/mnvoO9Eaeb91Tr1tTDA30yo2WENTsLemzxmt35aUoIxsWc4aizZ5bBR3iFN9rmu0Jk0= root@ubuntu-xenial
ssh-ed25519 AAAAC3NzaC1lZDI1NTE5AAAAIELFwOGmrJsd20W55nn7YibhZAUOCRVsTT2jR+RIzBC5 root@ubuntu-xenial
ssh-rsa AAAAB3NzaC1yc2EAAAADAQABAAABAQDE3a61ckiqRwm7JjPf1IAwZnB6sXcFM1C6xpwxPHPPCVihP+CPt9ohODqE41VvWYObi834vFUN4Cee5ISMzxANZpUHyNRgUOHuvhgwsVwGA9t7dUPB1vzC6JUS9DswGLT49N+wC/WTHZwhziCMfjHWzLS45s7VB4tvXH+qSaRQ6ekesI3HFldw6GtnJIBjcWArOTv757w1j9hi7KX9sFYP7ODXj6OQxV74PhzPKZiC9s57J/GiYD0O+tIIRKtgk3lTZqLDlh9yTC33LmeYMlNYtR2ufPoZGl5/gI32HILtOzUqkKb1g48S2Kl/Db3SPw4fgqhu9xmbPDrDpby6InGJ root@ubuntu-xenial
-----END SSH HOST KEY KEYS-----
[   17.090222] cloud-init[1406]: Cloud-init v. 18.5-45-g3554ffe8-0ubuntu1~16.04.1 running 'modules:final' at Thu, 22 Aug 2019 15:55:54 +0000. Up 16.88 seconds.
[   17.117199] cloud-init[1406]: ci-info: no authorized ssh keys fingerprints found for user ubuntu.
[   17.122598] cloud-init[1406]: Cloud-init v. 18.5-45-g3554ffe8-0ubuntu1~16.04.1 finished at Thu, 22 Aug 2019 15:55:54 +0000. Datasource DataSourceNoCloud [seed=/dev/sdb][dsmode=net].  Up 17.08 seconds
[[0;32m  OK  [0m] Started Execute cloud user/final scripts.
[[0;32m  OK  [0m] Reached target Cloud-init target.

Ubuntu 16.04.6 LTS ubuntu-xenial ttyS0

ubuntu-xenial login: 