[    0.000000] Initializing cgroup subsys cpuset
[    0.000000] Initializing cgroup subsys cpu
[    0.000000] Initializing cgroup subsys cpuacct
[    0.000000] Linux version 4.4.0-146-generic (buildd@lcy01-amd64-025) (gcc version 5.4.0 20160609 (Ubuntu 5.4.0-6ubuntu1~16.04.10) ) #172-Ubuntu SMP Wed Apr 3 09:00:08 UTC 2019 (Ubuntu 4.4.0-146.172-generic 4.4.177)
[    0.000000] Command line: BOOT_IMAGE=/boot/vmlinuz-4.4.0-146-generic root=LABEL=cloudimg-rootfs ro console=tty1 console=ttyS0
[    0.000000] KERNEL supported cpus:
[    0.000000]   Intel GenuineIntel
[    0.000000]   AMD AuthenticAMD
[    0.000000]   Centaur CentaurHauls
[    0.000000] x86/fpu: xstate_offset[2]:  576, xstate_sizes[2]:  256
[    0.000000] x86/fpu: Supporting XSAVE feature 0x01: 'x87 floating point registers'
[    0.000000] x86/fpu: Supporting XSAVE feature 0x02: 'SSE registers'
[    0.000000] x86/fpu: Supporting XSAVE feature 0x04: 'AVX registers'
[    0.000000] x86/fpu: Enabled xstate features 0x7, context size is 832 bytes, using 'standard' format.
[    0.000000] e820: BIOS-provided physical RAM map:
[    0.000000] BIOS-e820: [mem 0x0000000000000000-0x000000000009fbff] usable
[    0.000000] BIOS-e820: [mem 0x000000000009fc00-0x000000000009ffff] reserved
[    0.000000] BIOS-e820: [mem 0x00000000000f0000-0x00000000000fffff] reserved
[    0.000000] BIOS-e820: [mem 0x0000000000100000-0x000000002cfeffff] usable
[    0.000000] BIOS-e820: [mem 0x000000002cff0000-0x000000002cffffff] ACPI data
[    0.000000] BIOS-e820: [mem 0x00000000fec00000-0x00000000fec00fff] reserved
[    0.000000] BIOS-e820: [mem 0x00000000fee00000-0x00000000fee00fff] reserved
[    0.000000] BIOS-e820: [mem 0x00000000fffc0000-0x00000000ffffffff] reserved
[    0.000000] NX (Execute Disable) protection: active
[    0.000000] SMBIOS 2.5 present.
[    0.000000] Hypervisor detected: KVM
[    0.000000] e820: last_pfn = 0x2cff0 max_arch_pfn = 0x400000000
[    0.000000] MTRR: Disabled
[    0.000000] x86/PAT: MTRRs disabled, skipping PAT initialization too.
[    0.000000] CPU MTRRs all blank - virtualized system.
[    0.000000] x86/PAT: Configuration [0-7]: WB  WT  UC- UC  WB  WT  UC- UC  
[    0.000000] found SMP MP-table at [mem 0x0009fff0-0x0009ffff] mapped at [ffff88000009fff0]
[    0.000000] Scanning 1 areas for low memory corruption
[    0.000000] RAMDISK: [mem 0x2b8d8000-0x2c751fff]
[    0.000000] ACPI: Early table checksum verification disabled
[    0.000000] ACPI: RSDP 0x00000000000E0000 000024 (v02 VBOX  )
[    0.000000] ACPI: XSDT 0x000000002CFF0030 00003C (v01 VBOX   VBOXXSDT 00000001 ASL  00000061)
[    0.000000] ACPI: FACP 0x000000002CFF00F0 0000F4 (v04 VBOX   VBOXFACP 00000001 ASL  00000061)
[    0.000000] ACPI: DSDT 0x000000002CFF0470 0021FF (v02 VBOX   VBOXBIOS 00000002 INTL 20100528)
[    0.000000] ACPI: FACS 0x000000002CFF0200 000040
[    0.000000] ACPI: FACS 0x000000002CFF0200 000040
[    0.000000] ACPI: APIC 0x000000002CFF0240 000054 (v02 VBOX   VBOXAPIC 00000001 ASL  00000061)
[    0.000000] ACPI: SSDT 0x000000002CFF02A0 0001CC (v01 VBOX   VBOXCPUT 00000002 INTL 20100528)
[    0.000000] No NUMA configuration found
[    0.000000] Faking a node at [mem 0x0000000000000000-0x000000002cfeffff]
[    0.000000] NODE_DATA(0) allocated [mem 0x2cfeb000-0x2cfeffff]
[    0.000000] kvm-clock: Using msrs 4b564d01 and 4b564d00
[    0.000000] kvm-clock: cpu 0, msr 0:2cfe3001, primary cpu clock
[    0.000000] kvm-clock: using sched offset of 5312755076 cycles
[    0.000000] clocksource: kvm-clock: mask: 0xffffffffffffffff max_cycles: 0x1cd42e4dffb, max_idle_ns: 881590591483 ns
[    0.000000] Zone ranges:
[    0.000000]   DMA      [mem 0x0000000000001000-0x0000000000ffffff]
[    0.000000]   DMA32    [mem 0x0000000001000000-0x000000002cfeffff]
[    0.000000]   Normal   empty
[    0.000000]   Device   empty
[    0.000000] Movable zone start for each node
[    0.000000] Early memory node ranges
[    0.000000]   node   0: [mem 0x0000000000001000-0x000000000009efff]
[    0.000000]   node   0: [mem 0x0000000000100000-0x000000002cfeffff]
[    0.000000] Initmem setup node 0 [mem 0x0000000000001000-0x000000002cfeffff]
[    0.000000] ACPI: PM-Timer IO Port: 0x4008
[    0.000000] IOAPIC[0]: apic_id 1, version 32, address 0xfec00000, GSI 0-23
[    0.000000] ACPI: INT_SRC_OVR (bus 0 bus_irq 0 global_irq 2 dfl dfl)
[    0.000000] ACPI: INT_SRC_OVR (bus 0 bus_irq 9 global_irq 9 low level)
[    0.000000] Using ACPI (MADT) for SMP configuration information
[    0.000000] smpboot: Allowing 1 CPUs, 0 hotplug CPUs
[    0.000000] PM: Registered nosave memory: [mem 0x00000000-0x00000fff]
[    0.000000] PM: Registered nosave memory: [mem 0x0009f000-0x0009ffff]
[    0.000000] PM: Registered nosave memory: [mem 0x000a0000-0x000effff]
[    0.000000] PM: Registered nosave memory: [mem 0x000f0000-0x000fffff]
[    0.000000] e820: [mem 0x2d000000-0xfebfffff] available for PCI devices
[    0.000000] Booting paravirtualized kernel on KVM
[    0.000000] clocksource: refined-jiffies: mask: 0xffffffff max_cycles: 0xffffffff, max_idle_ns: 7645519600211568 ns
[    0.000000] setup_percpu: NR_CPUS:512 nr_cpumask_bits:512 nr_cpu_ids:1 nr_node_ids:1
[    0.000000] PERCPU: Embedded 34 pages/cpu @ffff88002cc00000 s99480 r8192 d31592 u2097152
[    0.000000] Built 1 zonelists in Node order, mobility grouping on.  Total pages: 181304
[    0.000000] Policy zone: DMA32
[    0.000000] Kernel command line: BOOT_IMAGE=/boot/vmlinuz-4.4.0-146-generic root=LABEL=cloudimg-rootfs ro console=tty1 console=ttyS0
[    0.000000] PID hash table entries: 4096 (order: 3, 32768 bytes)
[    0.000000] Memory: 690672K/736824K available (8609K kernel code, 1334K rwdata, 4028K rodata, 1484K init, 1284K bss, 46152K reserved, 0K cma-reserved)
[    0.000000] SLUB: HWalign=64, Order=0-3, MinObjects=0, CPUs=1, Nodes=1
[    0.000000] Kernel/User page tables isolation: enabled
[    0.000000] Hierarchical RCU implementation.
[    0.000000] 	Build-time adjustment of leaf fanout to 64.
[    0.000000] 	RCU restricting CPUs from NR_CPUS=512 to nr_cpu_ids=1.
[    0.000000] RCU: Adjusting geometry for rcu_fanout_leaf=64, nr_cpu_ids=1
[    0.000000] NR_IRQS:33024 nr_irqs:256 16
[    0.000000] Console: colour VGA+ 80x25
[    0.000000] console [tty1] enabled
[    0.000000] console [ttyS0] enabled
[    0.000000] tsc: Detected 2700.000 MHz processor
[    2.046655] Calibrating delay loop (skipped) preset value.. 5400.00 BogoMIPS (lpj=10800000)
[    2.117408] pid_max: default: 32768 minimum: 301
[    2.125673] ACPI: ore revision 20150930
[    2.150880] ACPI: 2 ACPI AML tables successfully acquired and loaded
[    2.220674] Security Framework initialized
[    2.236485] Yama: becoming mindful.
[    2.256241] AppArmor: AppArmor initialized
[    2.321496] Dentry cache hash table entries: 131072 (order: 8, 1048576 bytes)
[    2.325972] Inode-cache hash table entries: 65536 (order: 7, 524288 bytes)
[    2.328451] Mount-cache hash table entries: 2048 (order: 2, 16384 bytes)
[    2.330771] Mountpoint-cache hash table entries: 2048 (order: 2, 16384 bytes)
[    2.333263] Initializing cgroup subsys io
[    2.334703] Initializing cgroup subsys memory
[    2.336212] Initializing cgroup subsys devices
[    2.337659] Initializing cgroup subsys freezer
[    2.339101] Initializing cgroup subsys net_cls
[    2.340563] Initializing cgroup subsys perf_event
[    2.350767] Initializing cgroup subsys net_prio
[    2.423613] Initializing cgroup subsys hugetlb
[    2.434189] Initializing cgroup subsys pids
[    2.452327] mce: CPU supports 0 MCE banks
[    2.527488] process: using mwait in idle threads
[    2.546291] Last level iTLB entries: 4KB 64, 2MB 8, 4MB 8
[    2.558022] Last level dTLB entries: 4KB 64, 2MB 0, 4MB 0, 1GB 4
[    2.632867] Spectre V2 : Mitigation: Full generic retpoline
[    2.658082] Spectre V2 : Spectre v2 / SpectreRSB mitigation: Filling RSB on context switch
[    2.736914] Speculative Store Bypass: Vulnerable
[    2.766698] Freeing SMP alternatives memory: 36K
[    2.776876] ftrace: allocating 32287 entries in 127 pages
[    2.941473] smpboot: APIC(0) Converting physical 0 to logical package 0
[    2.950792] smpboot: Max logical packages: 1
[    2.953590] x2apic enabled
[    2.955709] Switched APIC routing to physical x2apic.
[    2.972943] ..TIMER: vector=0x30 apic1=0 pin1=2 apic2=-1 pin2=-1
[    3.163514] APIC calibration not consistent with PM-Timer: 180ms instead of 100ms
[    3.172033] APIC delta adjusted to PM-Timer: 6248435 (11284134)
[    3.174524] smpboot: CPU0: Intel(R) Core(TM) i5-5257U CPU @ 2.70GHz (family: 0x6, model: 0x3d, stepping: 0x4)
[    3.254952] Performance Events: unsupported p6 CPU model 61 no PMU driver, software events only.
[    3.301359] KVM setup paravirtual spinlock
[    3.359618] x86: Booted up 1 node, 1 CPUs
[    3.385453] smpboot: Total of 1 processors activated (5400.00 BogoMIPS)
[    3.388939] devtmpfs: initialized
[    3.392261] evm: security.selinux
[    3.456519] evm: security.SMACK64
[    3.467161] evm: security.SMACK64EXEC
[    3.487838] evm: security.SMACK64TRANSMUTE
[    3.489577] evm: security.SMACK64MMAP
[    3.491234] evm: security.ima
[    3.500614] evm: security.capability
[    3.575787] clocksource: jiffies: mask: 0xffffffff max_cycles: 0xffffffff, max_idle_ns: 7645041785100000 ns
[    3.607317] futex hash table entries: 256 (order: 2, 16384 bytes)
[    3.681042] pinctrl core: initialized pinctrl subsystem
[    3.688069] RTC time: 16:51:53, date: 08/23/19
[    3.764910] NET: Registered protocol family 16
[    3.788812] cpuidle: using governor ladder
[    3.790586] cpuidle: using governor menu
[    3.792317] PCCT header not found.
[    3.793858] ACPI: bus type PCI registered
[    3.800192] acpiphp: ACPI Hot Plug PCI Controller Driver version: 0.5
[    3.871457] PCI: Using configuration type 1 for base access
[    3.874574] ACPI: Added _OSI(Module Device)
[    3.876076] ACPI: Added _OSI(Processor Device)
[    3.877563] ACPI: Added _OSI(3.0 _SCP Extensions)
[    3.879119] ACPI: Added _OSI(Processor Aggregator Device)
[    3.881799] ACPI: Executed 1 blocks of module-level executable AML code
[    3.889685] ACPI: Interpreter enabled
[    3.892014] ACPI: (supports S0 S5)
[    3.894089] ACPI: Using IOAPIC for interrupt routing
[    3.898504] PCI: Using host bridge windows from ACPI; if necessary, use "pci=nocrs" and report a bug
[    3.912441] ACPI: PCI Root Bridge [PCI0] (domain 0000 [bus 00-ff])
[    3.916096] acpi PNP0A03:00: _OSC: OS supports [ASPM ClockPM Segments MSI]
[    3.920048] acpi PNP0A03:00: _OSC: not requesting OS control; OS requires [ExtendedConfig ASPM ClockPM MSI]
[    3.990346] acpi PNP0A03:00: fail to add MMCONFIG information, can't access extended PCI configuration space under this bridge.
[    4.016939] PCI host bridge to bus 0000:00
[    4.018433] pci_bus 0000:00: root bus resource [io  0x0000-0x0cf7 window]
[    4.021382] pci_bus 0000:00: root bus resource [io  0x0d00-0xffff window]
[    4.077582] pci_bus 0000:00: root bus resource [mem 0x000a0000-0x000bffff window]
[    4.081443] pci_bus 0000:00: root bus resource [mem 0x2d000000-0xfdffffff window]
[    4.084816] pci_bus 0000:00: root bus resource [bus 00-ff]
[    4.098266] pci 0000:00:01.1: legacy IDE quirk: reg 0x10: [io  0x01f0-0x01f7]
[    4.106542] pci 0000:00:01.1: legacy IDE quirk: reg 0x14: [io  0x03f6]
[    4.110140] pci 0000:00:01.1: legacy IDE quirk: reg 0x18: [io  0x0170-0x0177]
[    4.112330] pci 0000:00:01.1: legacy IDE quirk: reg 0x1c: [io  0x0376]
[    4.187119] pci 0000:00:07.0: quirk: [io  0x4000-0x403f] claimed by PIIX4 ACPI
[    4.200487] pci 0000:00:07.0: quirk: [io  0x4100-0x410f] claimed by PIIX4 SMB
[    4.215034] ACPI: PCI Interrupt Link [LNKA] (IRQs 5 9 10 *11)
[    4.220245] ACPI: PCI Interrupt Link [LNKB] (IRQs 5 9 *10 11)
[    4.223530] ACPI: PCI Interrupt Link [LNKC] (IRQs 5 *9 10 11)
[    4.229036] ACPI: PCI Interrupt Link [LNKD] (IRQs 5 9 10 *11)
[    4.286417] ACPI: Enabled 2 GPEs in block 00 to 07
[    4.289746] vgaarb: setting as boot device: PCI:0000:00:02.0
[    4.292241] vgaarb: device added: PCI:0000:00:02.0,decodes=io+mem,owns=io+mem,locks=none
[    4.295063] vgaarb: loaded
[    4.296417] vgaarb: bridge control possible 0000:00:02.0
[    4.299265] SCSI subsystem initialized
[    4.303983] ACPI: bus type USB registered
[    4.309812] usbcore: registered new interface driver usbfs
[    4.312704] usbcore: registered new interface driver hub
[    4.318074] usbcore: registered new device driver usb
[    4.327284] PCI: Using ACPI for IRQ routing
[    4.329613] NetLabel: Initializing
[    4.331267] NetLabel:  domain hash size = 128
[    4.386958] NetLabel:  protocols = UNLABELED CIPSOv4
[    4.388862] NetLabel:  unlabeled traffic allowed by default
[    4.406495] amd_nb: Cannot enumerate AMD northbridges
[    4.408628] clocksource: Switched to clocksource kvm-clock
[    4.418278] AppArmor: AppArmor Filesystem Enabled
[    4.424366] pnp: PnP ACPI init
[    4.427757] pnp: PnP ACPI: found 3 devices
[    4.488932] clocksource: acpi_pm: mask: 0xffffff max_cycles: 0xffffff, max_idle_ns: 2085701024 ns
[    4.498542] NET: Registered protocol family 2
[    4.501554] TCP established hash table entries: 8192 (order: 4, 65536 bytes)
[    4.508769] TCP bind hash table entries: 8192 (order: 5, 131072 bytes)
[    4.510787] TCP: Hash tables configured (established 8192 bind 8192)
[    4.512763] UDP hash table entries: 512 (order: 2, 16384 bytes)
[    4.514664] UDP-Lite hash table entries: 512 (order: 2, 16384 bytes)
[    4.516773] NET: Registered protocol family 1
[    4.518246] pci 0000:00:00.0: Limiting direct PCI/PCI transfers
[    4.520144] pci 0000:00:01.0: Activating ISA DMA hang workarounds
[    4.522298] Unpacking initramfs...
[    4.998892] Freeing initrd memory: 14824K
[    5.000732] RAPL PMU detected, API unit is 2^-32 Joules, 4 fixed counters 10737418240 ms ovfl timer
[    5.006606] hw unit of domain pp0-core 2^-0 Joules
[    5.008798] hw unit of domain package 2^-0 Joules
[    5.010851] hw unit of domain dram 2^-0 Joules
[    5.012722] hw unit of domain pp1-gpu 2^-0 Joules
[    5.014811] platform rtc_cmos: registered platform RTC device (no PNP device found)
[    5.017825] Scanning for low memory corruption every 60 seconds
[    5.021763] audit: initializing netlink subsys (disabled)
[    5.026915] audit: type=2000 audit(1566579117.182:1): initialized
[    5.030658] Initialise system trusted keyring
[    5.033368] HugeTLB registered 2 MB page size, pre-allocated 0 pages
[    5.040472] zbud: loaded
[    5.043173] VFS: Disk quotas dquot_6.6.0
[    5.045625] VFS: Dquot-cache hash table entries: 512 (order 0, 4096 bytes)
[    5.103590] squashfs: version 4.0 (2009/01/31) Phillip Lougher
[    5.111297] fuse init (API version 7.23)
[    5.116241] Key type big_key registered
[    5.128825] Allocating IMA MOK and blacklist keyrings.
[    5.143292] Key type asymmetric registered
[    5.144880] Asymmetric key parser 'x509' registered
[    5.146990] Block layer SCSI generic (bsg) driver version 0.4 loaded (major 249)
[    5.209907] io scheduler noop registered
[    5.215085] io scheduler deadline registered (default)
[    5.223019] io scheduler cfq registered
[    5.224489] pci_hotplug: PCI Hot Plug PCI Core version: 0.5
[    5.228082] pciehp: PCI Express Hot Plug Controller Driver version: 0.4
[    5.231188] ACPI: AC Adapter [AC] (off-line)
[    5.249408] input: Power Button as /devices/LNXSYSTM:00/LNXPWRBN:00/input/input0
[    5.340904] ACPI: Power Button [PWRF]
[    5.342282] input: Sleep Button as /devices/LNXSYSTM:00/LNXSLPBN:00/input/input1
[    5.344763] ACPI: Sleep Button [SLPF]
[    5.347441] ACPI: Battery Slot [BAT0] (battery present)
[    5.415389] GHES: HEST is not enabled!
[    5.420282] Serial: 8250/16550 driver, 32 ports, IRQ sharing enabled
[    5.534524] 00:02: ttyS0 at I/O 0x3f8 (irq = 4, base_baud = 115200) is a 16550A
[    5.545914] Linux agpgart interface v0.103
[    5.548269] loop: module loaded
[    5.618138] scsi host0: ata_piix
[    5.628080] scsi host1: ata_piix
[    5.642769] ata1: PATA max UDMA/33 cmd 0x1f0 ctl 0x3f6 bmdma 0xd000 irq 14
[    5.655411] ata2: PATA max UDMA/33 cmd 0x170 ctl 0x376 bmdma 0xd008 irq 15
[    5.721539] libphy: Fixed MDIO Bus: probed
[    5.727394] tun: Universal TUN/TAP device driver, 1.6
[    5.746461] tun: (C) 1999-2004 Max Krasnyansky <maxk@qualcomm.com>
[    5.749069] PPP generic driver version 2.4.2
[    5.750967] ehci_hcd: USB 2.0 'Enhanced' Host Controller (EHCI) Driver
[    5.753684] ehci-pci: EHCI PCI platform driver
[    5.757988] ehci-platform: EHCI generic platform driver
[    5.767469] ohci_hcd: USB 1.1 'Open' Host Controller (OHCI) Driver
[    5.829310] ohci-pci: OHCI PCI platform driver
[    5.844812] ohci-platform: OHCI generic platform driver
[    5.847567] uhci_hcd: USB Universal Host Controller Interface driver
[    5.862331] i8042: PNP: PS/2 Controller [PNP0303:PS2K,PNP0f03:PS2M] at 0x60,0x64 irq 1,12
[    5.943846] serio: i8042 KBD port at 0x60,0x64 irq 1
[    5.956311] serio: i8042 AUX port at 0x60,0x64 irq 12
[    5.962403] mousedev: PS/2 mouse device common for all mice
[    5.968322] input: AT Translated Set 2 keyboard as /devices/platform/i8042/serio0/input/input2
[    6.033314] rtc_cmos rtc_cmos: rtc core: registered rtc_cmos as rtc0
[    6.035966] rtc_cmos rtc_cmos: alarms up to one day, 114 bytes nvram
[    6.056119] i2c /dev entries driver
[    6.060498] device-mapper: uevent: version 1.0.3
[    6.136446] tsc: Refined TSC clocksource calibration: 2699.529 MHz
[    6.139129] clocksource: tsc: mask: 0xffffffffffffffff max_cycles: 0x26e98173772, max_idle_ns: 440795271049 ns
[    6.146236] device-mapper: ioctl: 4.34.0-ioctl (2015-10-28) initialised: dm-devel@redhat.com
[    6.150002] ledtrig-cpu: registered to indicate activity on CPUs
[    6.152835] NET: Registered protocol family 10
[    6.155547] NET: Registered protocol family 17
[    6.157945] Key type dns_resolver registered
[    6.160359] registered taskstats version 1
[    6.163192] Loading compiled-in X.509 certificates
[    6.167813] Loaded X.509 cert 'Build time autogenerated kernel key: 4dcb2dc2c7cf43e0c20c44384f68683c20294489'
[    6.173969] zswap: loaded using pool lzo/zbud
[    6.230609] Key type trusted registered
[    6.239789] Key type encrypted registered
[    6.242068] AppArmor: AppArmor sha1 policy hashing enabled
[    6.250385] ima: No TPM chip found, activating TPM-bypass!
[    6.276003] ima: Allocated hash algorithm: sha1
[    6.333814] evm: HMAC attrs: 0x1
[    6.336927]   Magic number: 15:776:894
[    6.343556] rtc_cmos rtc_cmos: setting system clock to 2019-08-23 16:51:55 UTC (1566579115)
[    6.355036] BIOS EDD facility v0.16 2004-Jun-25, 0 devices found
[    6.358086] EDD information not available.
[    6.365196] Freeing unused kernel memory: 1484K
[    6.445396] Write protecting the kernel read-only data: 14336k
[    6.476075] Freeing unused kernel memory: 1620K
[    6.541623] Freeing unused kernel memory: 68K
Loading, please [    6.563525] random: udevadm: uninitialized urandom read (16 bytes read, 5 bits of entropy available)
wait...
starting version 229
[    6.651433] random: systemd-udevd: uninitialized urandom read (16 bytes read, 5 bits of entropy available)
[    6.655550] random: systemd-udevd: uninitialized urandom read (16 bytes read, 5 bits of entropy available)
[    6.664021] random: systemd-udevd: uninitialized urandom read (16 bytes read, 5 bits of entropy available)
[    6.679411] random: systemd-udevd: uninitialized urandom read (16 bytes read, 5 bits of entropy available)
[    6.751864] random: udevadm: uninitialized urandom read (16 bytes read, 5 bits of entropy available)
[    6.791837] random: systemd-udevd: uninitialized urandom read (16 bytes read, 5 bits of entropy available)
[    6.855065] random: udevadm: uninitialized urandom read (16 bytes read, 5 bits of entropy available)
[    6.952368] random: systemd-udevd: uninitialized urandom read (16 bytes read, 5 bits of entropy available)
[    6.997114] random: udevadm: uninitialized urandom read (16 bytes read, 5 bits of entropy available)
[    7.193503] e1000: Intel(R) PRO/1000 Network Driver - version 7.3.21-k8-NAPI
[    7.206114] e1000: Copyright (c) 1999-2006 Intel Corporation.
[    7.269181] Fusion MPT base driver 3.04.20
[    7.271012] Copyright (c) 1999-2008 LSI Corporation
[    7.373266] AVX2 version of gcm_enc/dec engaged.
[    7.375656] AES CTR mode by8 optimization enabled
[    7.406903] Fusion MPT SPI Host driver 3.04.20
[    7.411999] mptbase: ioc0: Initiating bringup
[    7.480833] ioc0: LSI53C1030 A0: Capabilities={Initiator}
[    7.484062] input: ImExPS/2 Generic Explorer Mouse as /devices/platform/i8042/serio1/input/input4
[    7.651659] scsi host2: ioc0: LSI53C1030 A0, FwRev=00000000h, Ports=1, MaxQ=256, IRQ=20
[    7.767533] scsi 2:0:0:0: Direct-Access     VBOX     HARDDISK         1.0  PQ: 0 ANSI: 5
[    7.824361] scsi target2:0:0: Beginning Domain Validation
[    8.007867] scsi target2:0:0: Domain Validation skipping write tests
[    8.022872] scsi target2:0:0: Ending Domain Validation
[    8.101759] scsi target2:0:0: asynchronous
[    8.207187] scsi 2:0:1:0: Direct-Access     VBOX     HARDDISK         1.0  PQ: 0 ANSI: 5
[    8.300699] scsi target2:0:1: Beginning Domain Validation
[    8.450519] scsi target2:0:1: Domain Validation skipping write tests
[    8.454295] scsi target2:0:1: Ending Domain Validation
[    8.613572] scsi target2:0:1: asynchronous
[    8.917729] sd 2:0:0:0: Attached scsi generic sg0 type 0
[    8.938119] sd 2:0:0:0: [sda] 20971520 512-byte logical blocks: (10.7 GB/10.0 GiB)
[    8.946605] sd 2:0:1:0: Attached scsi generic sg1 type 0
[    8.948855] sd 2:0:1:0: [sdb] 20480 512-byte logical blocks: (10.5 MB/10.0 MiB)
[    8.952176] sd 2:0:1:0: [sdb] Write Protect is off
[    8.954322] sd 2:0:0:0: [sda] Write Protect is off
[    8.959211] sd 2:0:1:0: [sdb] Incomplete mode parameter data
[    9.023375] sd 2:0:1:0: [sdb] Assuming drive cache: write through
[    9.058430] sd 2:0:0:0: [sda] Incomplete mode parameter data
[    9.125022] sd 2:0:0:0: [sda] Assuming drive cache: write through
[    9.136437]  sda: sda1
[    9.161022] sd 2:0:0:0: [sda] Attached SCSI disk
[    9.162832] sd 2:0:1:0: [sdb] Attached SCSI disk
[    9.239257] e1000 0000:00:03.0 eth0: (PCI:33MHz:32-bit) 02:26:7f:6e:ca:81
[    9.266736] e1000 0000:00:03.0 eth0: Intel(R) PRO/1000 Network Connection
[    9.327348] e1000 0000:00:03.0 enp0s3: renamed from eth0
Begin: Loading e[   11.011104] md: linear personality registered for level -1
ssential drivers[   11.086368] md: multipath personality registered for level -4
 ... [   11.179671] md: raid0 personality registered for level 0
[   11.193287] md: raid1 personality registered for level 1
[   11.276742] raid6: sse2x1   gen()  1319 MB/s
[   11.372492] raid6: sse2x1   xor()  3724 MB/s
[   11.478412] raid6: sse2x2   gen()  7667 MB/s
[   11.580557] raid6: sse2x2   xor()  4837 MB/s
[   11.685369] raid6: sse2x4   gen()  9541 MB/s
[   11.786498] raid6: sse2x4   xor()  5581 MB/s
[   11.887694] raid6: avx2x1   gen() 10026 MB/s
[   11.990756] raid6: avx2x2   gen() 14464 MB/s
[   12.091297] raid6: avx2x4   gen() 14182 MB/s
[   12.095010] raid6: using algorithm avx2x2 gen() 14464 MB/s
[   12.120150] raid6: using avx2x2 recovery algorithm
[   12.131783] xor: automatically using best checksumming function:
[   12.236362]    avx       : 48476.000 MB/sec
[   12.321013] async_tx: api initialized (async)
[   12.404953] md: raid6 personality registered for level 6
[   12.437425] md: raid5 personality registered for level 5
[   12.502038] md: raid4 personality registered for level 4
[   12.528012] md: raid10 personality registered for level 10
done.
Begin: Running /scripts/init-premount ... done.
Begin: Mounti[   12.652867] Btrfs loaded
ng root file system ... Begin: Running /scripts/local-top ... done.
Begin: Running /scripts/local-premount ... Scanning for Btrfs filesystems
done.
Warning: fsck no[   12.754833] EXT4-fs (sda1): mounted filesystem with ordered data mode. Opts: (null)
t present, so skipping root file system
done.
Begin: Running /scripts/local-bottom ... done.
Begin: Running /scripts/init-bottom ... done.
[   12.959457] systemd[1]: systemd 229 running in system mode. (+PAM +AUDIT +SELINUX +IMA +APPARMOR +SMACK +SYSVINIT +UTMP +LIBCRYPTSETUP +GCRYPT +GNUTLS +ACL +XZ -LZ4 +SECCOMP +BLKID +ELFUTILS +KMOD -IDN)
[   13.015958] systemd[1]: Detected virtualization oracle.
[   13.019350] systemd[1]: Detected architecture x86-64.

Welcome to [1mUbuntu 16.04.6 LTS[0m!

[   13.032865] systemd[1]: Set hostname to <ubuntu>.
[   13.047109] systemd[1]: Initializing machine ID from random generator.
[   13.049268] systemd[1]: Installed transient /etc/machine-id file.
[   13.257850] systemd[1]: Listening on udev Control Socket.
[[0;32m  OK  [0m] Listening on udev Control Socket.
[   13.262704] systemd[1]: Listening on Syslog Socket.
[[0;32m  OK  [0m] Listening on Syslog Socket.
[   13.360100] systemd[1]: Listening on Journal Socket.
[[0;32m  OK  [0m] Listening on Journal Socket.
[   13.374656] systemd[1]: Set up automount Arbitrary Executable File Formats File System Automount Point.
[[0;32m  OK  [0m] Set up automount Arbitrary Executab...ats File System Automount Point.
[   13.457425] systemd[1]: Reached target Encrypted Volumes.
[[0;32m  OK  [0m] Reached target Encrypted Volumes.
[   13.490100] systemd[1]: Listening on Journal Audit Socket.
[[0;32m  OK  [0m] Listening on Journal Audit Socket.
[   13.498597] systemd[1]: Listening on LVM2 metadata daemon socket.
[[0;32m  OK  [0[   13.507192] random: nonblocking pool is initialized
m] Listening on LVM2 metadata daemon socket.
[   13.575126] systemd[1]: Reached target System Time Synchronized.
[[0;32m  OK  [0m] Reached target System Time Synchronized.
[   13.587741] systemd[1]: Started Trigger resolvconf update for networkd DNS.
[[0;32m  OK  [0m] Started Trigger resolvconf update for networkd DNS.
[   13.658882] systemd[1]: Listening on udev Kernel Socket.
[[0;32m  OK  [0m] Listening on udev Kernel Socket.
[   13.698727] systemd[1]: Listening on Journal Socket (/dev/log).
[[0;32m  OK  [0m] Listening on Journal Socket (/dev/log).
[   13.757918] systemd[1]: Listening on Device-mapper event daemon FIFOs.
[[0;32m  OK  [0m] Listening on Device-mapper event daemon FIFOs.
[   13.782565] systemd[1]: Reached target User and Group Name Lookups.
[[0;32m  OK  [0m] Reached target User and Group Name Lookups.
[   13.814129] systemd[1]: Listening on /dev/initctl Compatibility Named Pipe.
[[0;32m  OK  [0m] Listening on /dev/initctl Compatibility Named Pipe.
[   13.875456] systemd[1]: Reached target Swap.
[[0;32m  OK  [0m] Reached target Swap.
[   13.902168] systemd[1]: Listening on LVM2 poll daemon socket.
[[0;32m  OK  [0m] Listening on LVM2 poll daemon socket.
[   13.974622] systemd[1]: Created slice System Slice.
[[0;32m  OK  [0m] Created slice System Slice.
[   14.012473] systemd[1]: Starting Nameserver information manager...
         Starting Nameserver information manager...
[   14.070255] systemd[1]: Starting Journal Service...
         Starting Journal Service...
[   14.078421] systemd[1]: Created slice system-serial\x2dgetty.slice.
[[0;32m  OK  [0m] Created slice system-serial\x2dgetty.slice.
[   14.095450] systemd[1]: Mounting Debug File System...
         Mounting Debug File System...
[   14.161155] systemd[1]: Starting Set console keymap...
         Starting Set console keymap...
[   14.184300] systemd[1]: Starting Load Kernel Modules...
         Starting Load Kernel Modules...[   14.279548] Loading iSCSI transport class v2.0-870.

[   14.288402] systemd[1]: Starting Create list of required static device nodes for the current kernel...
         Starting Create list of required st... nodes for the current kernel...
[   14.370420] systemd[1]: Starting Monitoring of LVM2 mirrors, snapshots etc. using dmeventd or progress polling...
[   14.390522] iscsi: registered transport (tcp)
         Starting Monitoring of LVM2 mirrors... dmeventd or progress polling...
[   14.487244] systemd[1]: Starting Remount Root and Kernel File Systems...
         [   14.585918] EXT4-fs (sda1): re-mounted. Opts: (null)
Starting Remount[   14.601985] iscsi: registered transport (iser)
 Root and Kernel File Systems...
[   14.626215] systemd[1]: Mounting Huge Pages File System...
         Mounting Huge Pages File System...
[   14.697370] systemd[1]: Starting Uncomplicated firewall...
         Starting Uncomplicated firewall...
[   14.737930] systemd[1]: Mounting POSIX Message Queue File System...
         Mounting POSIX Message Queue File System...
[   14.756175] systemd[1]: Started Forward Password Requests to Wall Directory Watch.
[[0;32m  OK  [0m] Started Forward Password Requests to Wall Directory Watch.
[   14.886953] systemd[1]: Created slice User and Session Slice.
[[0;32m  OK  [0m] Created slice User and Session Slice.
[   14.921946] systemd[1]: Reached target Slices.
[[0;32m  OK  [0m] Reached target Slices.
[   14.947777] systemd[1]: Mounted Debug File System.
[[0;32m  OK  [0m] Mounted Debug File System.
[   15.013115] systemd[1]: Mounted Huge Pages File System.
[[0;32m  OK  [0m] Mounted Huge Pages File System.
[   15.040624] systemd[1]: Mounted POSIX Message Queue File System.
[[0;32m  OK  [0m] Mounted POSIX Message Queue File System.
[   15.117311] systemd[1]: Started Journal Service.
[[0;32m  OK  [0m] Started Journal Service.
[[0;32m  OK  [0m] Started Set console keymap.
[[0;32m  OK  [0m] Started Load Kernel Modules.
[[0;32m  OK  [0m] Started Create list of required sta...ce nodes for the current kernel.
[[0;32m  OK  [0m] Started Remount Root and Kernel File Systems.
[[0;32m  OK  [0m] Started Uncomplicated firewall.
[[0;32m  OK  [0m] Started Nameserver information manager.
[[0;32m  OK  [0m] Started LVM2 metadata daemon.
         Starting udev Coldplug all Devices...
         Starting Load/Save Random Seed...
         Starting Create Static Device Nodes in /dev...
         Starting Apply Kernel Variables...
         Mounting FUSE Control File System...
         Starting Flush Journal to Persistent Storage...
[[0;32m  OK  [0m] Mounted FUSE Control File System.
[[0;32m  OK  [0m] Started Load/Save Random Seed.
[[0;32m  OK  [0m] Started Create Static Device Nodes in /dev.
[[0;32m  OK  [0m] Started Apply Kernel Variables.
[[0;32m  OK  [0m] Started udev Coldplug all Devices.
[[0;32m  OK  [0m] Started Flush Journal to Persistent Storage.
         Starting udev Kernel Device Manager...
[[0;32m  OK  [0m] Started udev Kernel Device Manager.
[[0;32m  OK  [0m] Started Monitoring of LVM2 mirrors,...ng dmeventd or progress polling.
[[0;32m  OK  [0m] Reached target Local File Systems (Pre).
[[0;32m  OK  [0m] Reached target Local File Systems.
         Starting Tell Plymouth To Write Out Runtime Data...
         Starting Create Volatile Files and Directories...
         Starting LSB: AppArmor initialization...
         Starting Set console font and keymap...
         Starting Initial cloud-init job (pre-networking)...
         Starting Commit a transient machine-id on disk...
[[0;32m  OK  [0m] Started Dispatch Password Requests to Console Directory Watch.
[[0;32m  OK  [0m] Started Tell Plymouth To Write Out Runtime Data.
[[0;32m  OK  [0m] Started Create Volatile Files and Directories.
[[0;32m  OK  [0m] Started Commit a transient machine-id on disk.
[[0;32m  OK  [0m] Found device /dev/ttyS0.
         Starting Update UTMP about System Boot/Shutdown...
[[0;32m  OK  [0m] Started Update UTMP about System Boot/Shutdown.
[[0;32m  OK  [0m] Listening on Load/Save RF Kill Switch Status /dev/rfkill Watch.
[[0;32m  OK  [0m] Started Set console font and keymap.
[[0;32m  OK  [0m] Created slice system-getty.slice.
[   17.004393] cloud-init[524]: Cloud-init v. 18.5-45-g3554ffe8-0ubuntu1~16.04.1 running 'init-local' at Fri, 23 Aug 2019 16:52:08 +0000. Up 15.10 seconds.
[[0;32m  OK  [0m] Started Initial cloud-init job (pre-networking).
[[0;32m  OK  [0m] Reached target Network (Pre).
[[0;32m  OK  [0m] Started LSB: AppArmor initialization.
         Starting Raise network interfaces...
[[0;32m  OK  [0m] Started Raise network interfaces.
         Starting Initial cloud-init job (metadata service crawler)...
[[0;32m  OK  [0m] Reached target Network.
[   19.504426] cloud-init[950]: Cloud-init v. 18.5-45-g3554ffe8-0ubuntu1~16.04.1 running 'init' at Fri, 23 Aug 2019 16:52:11 +0000. Up 18.38 seconds.
[   19.588555] cloud-init[950]: ci-info: ++++++++++++++++++++++++++++++++++++++Net device info++++++++++++++++++++++++++++++++++++++
[[0;32m  OK  [0m[   19.640297] cloud-init[950]: ci-info: +--------+------+----------------------------+---------------+--------+-------------------+
[   19.640388] cloud-init[950]: ci-info: | Device |  Up  |          Address           |      Mask     | Scope  |     Hw-Address    |
[   19.640468] cloud-init[950]: ci-info: +--------+------+----------------------------+---------------+--------+-------------------+
[   19.640546] cloud-init[950]: ci-info: | enp0s3 | True |         10.0.2.15          | 255.255.255.0 | global | 02:26:7f:6e:ca:81 |
[   19.640622] cloud-init[950]: ci-info: | enp0s3 | True | fe80::26:7fff:fe6e:ca81/64 |       .       |  link  | 02:26:7f:6e:ca:81 |
[   19.640706] cloud-init[950]: ci-info: |   lo   | True |         127.0.0.1          |   255.0.0.0   |  host  |         .         |
[   19.640783] cloud-init[950]: ci-info: |   lo   | True |          ::1/128           |       .       |  host  |         .         |
[   19.640858] cloud-init[950]: ci-info: +--------+------+----------------------------+---------------+--------+-------------------+
[   19.640933] cloud-init[950]: ci-info: +++++++++++++++++++++++++++Route IPv4 info++++++++++++++++++++++++++++
[   19.641011] cloud-init[950]: ci-info: +-------+-------------+----------+---------------+-----------+-------+
[   19.641086] cloud-init[950]: ci-info: | Route | Destination | Gateway  |    Genmask    | Interface | Flags |
[   19.641163] cloud-init[950]: ci-info: +-------+-------------+----------+---------------+-----------+-------+
[   19.641240] cloud-init[950]: ci-info: |   0   |   0.0.0.0   | 10.0.2.2 |    0.0.0.0    |   enp0s3  |   UG  |
[   19.641315] cloud-init[950]: ci-info: |   1   |   10.0.2.0  | 0.0.0.0  | 255.255.255.0 |   enp0s3  |   U   |
[   19.641391] cloud-init[950]: ci-info: +-------+-------------+----------+---------------+-----------+-------+
[   19.641466] cloud-init[950]: ci-info: +++++++++++++++++++Route IPv6 info+++++++++++++++++++
[   19.641544] cloud-init[950]: ci-info: +-------+-------------+---------+-----------+-------+
[   19.641620] cloud-init[950]: ci-info: | Route | Destination | Gateway | Interface | Flags |
[   19.641695] cloud-init[950]: ci-info: +-------+-------------+---------+-----------+-------+
[   19.641821] cloud-init[950]: ci-info: |   0   |  fe80::/64  |    ::   |   enp0s3  |   U   |
[   19.641894] cloud-init[950]: ci-info: |   3   |   ff00::/8  |    ::   |   enp0s3  |   U   |
[   19.641966] cloud-init[950]: ci-info: +-------+-------------+---------+-----------+-------+
[   19.642052] cloud-init[950]: Generating public/private rsa key pair.
[   19.642124] cloud-init[950]: Your identification has been saved in /etc/ssh/ssh_host_rsa_key.
[   19.642198] cloud-init[950]: Your public key has been saved in /etc/ssh/ssh_host_rsa_key.pub.
[   19.642271] cloud-init[950]: The key fingerprint is:
[   19.642342] cloud-init[950]: SHA256:3fwvydZIAZ3l5NT8ROX/NPpzV2zoK9HeKfeZWFNV+ig root@ubuntu-xenial
[   19.642414] cloud-init[950]: The key's randomart image is:
[   19.642485] cloud-init[950]: +---[RSA 2048]----+
[   19.642555] cloud-init[950]: |             . =X|
[   19.642626] cloud-init[950]: |            . oB=|
[   19.642697] cloud-init[950]: |             ...*|
[   19.642768] cloud-init[950]: |         . o  .o+|
[   19.642839] cloud-init[950]: |        S . E..==|
[   19.642913] cloud-init[950]: |            .o=.B|
[   19.642985] cloud-init[950]: |             B.O+|
[   19.643057] cloud-init[950]: |            ..%=O|
[   19.643127] cloud-init[950]: |             ++*B|
[   19.643198] cloud-init[950]: +----[SHA256]-----+
[   19.643272] cloud-init[950]: Generating public/private dsa key pair.
[   19.643344] cloud-init[950]: Your identification has been saved in /etc/ssh/ssh_host_dsa_key.
[   19.643415] cloud-init[950]: Your public key has been saved in /etc/ssh/ssh_host_dsa_key.pub.
[   19.643487] cloud-init[950]: The key fingerprint is:
[   19.643557] cloud-init[950]: SHA256:yLzCHv6QfO7EeQBljR04EMaKxO/E5TIWwE2jNPA3LY8 root@ubuntu-xenial
[   19.643628] cloud-init[950]: The key's randomart image is:] Started Initial cloud-init job (metadata service crawler).
[[0;32m  OK  [0m] Reached target Cloud-config availability.
[[0;32m  OK  [0m] Reached target System Initialization.

[   20.187202]          Starting LXD - unix socket.
[[0;32m  OK  [0m] Listening on ACPID Listen Socket.cloud-init[950]: +---[DSA 1024]----+
[   20.194402] cloud-init[950]: |=++++oo=..       |
[   20.194441] cloud-init[950]: |.=o+o=+ o        |
[   20.194482] cloud-init[950]: |.o+.O ..         |
[   20.194517] cloud-init[950]: |. .O X .         |
[   20.194550] cloud-init[950]: |  + E * S        |
[   20.194584] cloud-init[950]: |   + o +         |
[   20.194616] cloud-init[950]: |    B * .        |
[   20.194649] cloud-init[950]: |   o B .         |
[   20.194684] cloud-init[950]: |    oo+          |
[   20.194716] cloud-init[950]: +----[SHA256]-----+
[   20.194748] cloud-init[950]: Generating public/private ecdsa key pair.
[   20.194780] cloud-init[950]: Your identification has been saved in /etc/ssh/ssh_host_ecdsa_key.
[   20.194812] cloud-init[950]: Your public key has been saved in /etc/ssh/ssh_host_ecdsa_key.pub.
[   20.194949] cloud-init[950]: The key fingerprint is:
[   20.194991] cloud-init[950]: SHA256:e26groB04ZsTmg76vTlVZ1Z4cPsGeK69ZyBrASAeq+U root@ubuntu-xenial
[   20.195025] cloud-init[950]: The key's randomart image is:
[   20.195057] cloud-init[950]: +---[ECDSA 256]---+
[   20.195089] cloud-init[950]: |          .o.    |
[   20.195122] cloud-init[950]: |    o .   .oo.   |
[   20.195154] cloud-init[950]: |   o + .  .o+    |
[   20.195192] cloud-init[950]: |  . =   o +o o   |
[   20.195224] cloud-init[950]: | . B   .S=  . o  |
[   20.195256] cloud-init[950]: |..= E . ..oo..   |
[   20.195287] cloud-init[950]: |oo.+ . ...o+..   |
[   20.195318] cloud-init[950]: |+  oo..  o+  .o  |
[   20.195351] cloud-init[950]: |.o. ==.  o. .o   |
[   20.195382] cloud-init[950]: +----[SHA256]-----+
[   20.195414] cloud-init[950]: Generating public/private ed25519 key pair.
[   20.195445] cloud-init[950]: Your identification has been saved in /etc/ssh/ssh_host_ed25519_key.
[   20.195477] cloud-init[950]: Your public key has been saved in /etc/ssh/ssh_host_ed25519_key.pub.
[   20.195509] cloud-init[950]: The key fingerprint is:
[   20.195540] cloud-init[950]: SHA256:nSa5ZfCdw3nj9fA2EyYdF5UPJ+qVwEIhKSxRuBjcD9w root@ubuntu-xenial
[   20.195573] cloud-init[950]: The key's randomart image is:
[   20.195605] cloud-init[950]: +--[ED25519 256]--+
[   20.195636] cloud-init[950]: | . o.*. .ooo   .+|
[   20.195669] cloud-init[950]: |  o * E ... o o.o|
[   20.195701] cloud-init[950]: |   o = ..  . o *o|
[   20.195732] cloud-init[950]: |  . . .  = +.o+ +|
[   20.195764] cloud-init[950]: |        S B.*o++.|
[   20.195796] cloud-init[950]: |         *  .+o=o|
[   20.195828] cloud-init[950]: |        .     .o+|
[   20.195860] cloud-init[950]: |               .o|
[   20.196185] cloud-init[950]: |                 |
[   20.196227] cloud-init[950]: +----[SHA256]-----+

[[0;32m  OK  [0m] Started Daily Cleanup of Temporary Directories.
[[0;32m  OK  [0m] Started ACPI Events Check.
[[0;32m  OK  [0m] Reached target Paths.
[[0;32m  OK  [0m] Listening on UUID daemon activation socket.
         Starting Socket activation for snappy daemon.
[[0;32m  OK  [0m] Started Daily apt download activities.
[[0;32m  OK  [0m] Started Daily apt upgrade and clean activities.
[[0;32m  OK  [0m] Reached target Timers.
[[0;32m  OK  [0m] Listening on D-Bus System Message Bus Socket.
[[0;32m  OK  [0m] Reached target Network is Online.
         Starting iSCSI initiator daemon (iscsid)...
[[0;32m  OK  [0m] Listening on LXD - unix socket.
[[0;32m  OK  [0m] Listening on Socket activation for snappy daemon.
[[0;32m  OK  [0m] Started iSCSI initiator daemon (iscsid).
         Starting Login to default iSCSI targets...
[[0;32m  OK  [0m] Reached target Sockets.
[[0;32m  OK  [0m] Reached target Basic System.
         Starting Accounts Service...
[[0;32m  OK  [0m] Started FUSE filesystem for LXC.
         Starting Login Service...
[[0;32m  OK  [0m] Started D-Bus System Message Bus.
         Starting System Logging Service...
         Starting Snappy daemon...
         Starting LSB: MD monitoring daemon...
         Starting /etc/rc.local Compatibility...
         Starting Pollinate to seed the pseudo random number generator...
         Starting LSB: Record successful boot for GRUB...
[[0;32m  OK  [0m] Started Regular background program processing daemon.
         Starting Virtualbox guest utils...
[[0;32m  OK  [0m] Started Deferred execution scheduler.
[[0;32m  OK  [0m] Started ACPI event daemon.
         Starting LXD - container startup/shutdown...
[[0;32m  OK  [0m] Started System Logging Service.
[[0;32m  OK  [0m] Started Snappy daemon.
[[0;32m  OK  [0m] Started /etc/rc.local Compatibility.
[[0;32m  OK  [0m] Started LXD - container startup/shutdown.
[[0;32m  OK  [0m] Started Login to default iSCSI targets.
[[0;32m  OK  [0m] Started LSB: MD monitoring daemon.
         Starting Authenticate and Authorize Users to Run Privileged Tasks...
[[0;32m  OK  [0m] Reached target Remote File Systems (Pre).
[[0;32m  OK  [0m] Reached target Remote File Systems.
         Starting Permit User Sessions...
         Starting LSB: automatic crash report generation...
         Starting LSB: daemon to balance interrupts for SMP systems...
         Starting LSB: Set the CPU Frequency Scaling governor to "ondemand"...
         Starting Wait until snapd is fully seeded...
[[0;32m  OK  [0m] Started LSB: Record successful boot for GRUB.
[[0;32m  OK  [0m] Started Permit User Sessions.
[[0;32m  OK  [0m] Started Login Service.
[[0;32m  OK  [0m] Started Authenticate and Authorize Users to Run Privileged Tasks.
[[0;32m  OK  [0m] Started Accounts Service.
[[0;32m  OK  [0m] Started Unattended Upgrades Shutdown.
         Starting Terminate Plymouth Boot Screen...
         Starting Hold until boot process finishes up...
[[0;32m  OK  [0m] Started Hold until boot process finishes up.
[[0;32m  OK  [0m] Started Terminate Plymouth Boot Screen.
[[0;32m  OK  [0m] Started Getty on tty1.
         Starting Set console scheme...
[[0;32m  OK  [0m] Started Serial Getty on ttyS0.
[[0;32m  OK  [0m] Reached target Login Prompts.
[[0;32m  OK  [0m] Started Set console scheme.
[[0;32m  OK  [0m] Started LSB: Set the CPU Frequency Scaling governor to "ondemand".
[[0;32m  OK  [0m] Started LSB: automatic crash report generation.
[[0;32m  OK  [0m] Started Pollinate to seed the pseudo random number generator.
         Starting OpenBSD Secure Shell server...
[[0;32m  OK  [0m] Started OpenBSD Secure Shell server.
[[0;32m  OK  [0m] Started LSB: daemon to balance interrupts for SMP systems.
[[0;32m  OK  [0m] Started Virtualbox guest utils.
[[0;32m  OK  [0m] Created slice User Slice of vagrant.
         Starting User Manager for UID 1000...
[[0;32m  OK  [0m] Started Session 1 of user vagrant.
[[0;32m  OK  [0m] Started User Manager for UID 1000.
[[0;32m  OK  [0m] Started Wait until snapd is fully seeded.
         Starting Apply the settings specified in cloud-config...
[[0;32m  OK  [0m] Reached target Multi-User System.
[[0;32m  OK  [0m] Reached target Graphical Interface.
         Starting Update UTMP about System Runlevel Changes...
[[0;32m  OK  [0m] Started Update UTMP about System Runlevel Changes.
[   27.608822] cloud-init[1416]: Generating locales (this might take a while)...

Ubuntu 16.04.6 LTS ubuntu-xenial ttyS0

ubuntu-xenial login: [   30.135930] cloud-init[1416]:   en_US.UTF-8... done
[   30.198688] cloud-init[1416]: Generation complete.
[   31.026720] cloud-init[1416]: Cloud-init v. 18.5-45-g3554ffe8-0ubuntu1~16.04.1 running 'modules:config' at Fri, 23 Aug 2019 16:52:20 +0000. Up 27.19 seconds.
ci-info: no authorized ssh keys fingerprints found for user ubuntu.
<14>Aug 23 16:52:25 ec2: 
<14>Aug 23 16:52:25 ec2: #############################################################
<14>Aug 23 16:52:25 ec2: -----BEGIN SSH HOST KEY FINGERPRINTS-----
<14>Aug 23 16:52:25 ec2: 1024 SHA256:yLzCHv6QfO7EeQBljR04EMaKxO/E5TIWwE2jNPA3LY8 root@ubuntu-xenial (DSA)
<14>Aug 23 16:52:25 ec2: 256 SHA256:e26groB04ZsTmg76vTlVZ1Z4cPsGeK69ZyBrASAeq+U root@ubuntu-xenial (ECDSA)
<14>Aug 23 16:52:25 ec2: 256 SHA256:nSa5ZfCdw3nj9fA2EyYdF5UPJ+qVwEIhKSxRuBjcD9w root@ubuntu-xenial (ED25519)
<14>Aug 23 16:52:25 ec2: 2048 SHA256:3fwvydZIAZ3l5NT8ROX/NPpzV2zoK9HeKfeZWFNV+ig root@ubuntu-xenial (RSA)
<14>Aug 23 16:52:25 ec2: -----END SSH HOST KEY FINGERPRINTS-----
<14>Aug 23 16:52:25 ec2: #############################################################
-----BEGIN SSH HOST KEY KEYS-----
ecdsa-sha2-nistp256 AAAAE2VjZHNhLXNoYTItbmlzdHAyNTYAAAAIbmlzdHAyNTYAAABBBH7/Xkk8Ym7KA5l38+9XQxw6NPvX0ugsmFHxLrkMBYT4K+vV96gXxMq84A2UC6YqZqgCmfcyEm4NFqAVAZ1ck8c= root@ubuntu-xenial
ssh-ed25519 AAAAC3NzaC1lZDI1NTE5AAAAILZrzgfamLEy8YW6VSKMCakQpRZX5doj7OPMtQJBlQJ/ root@ubuntu-xenial
ssh-rsa AAAAB3NzaC1yc2EAAAADAQABAAABAQC/FYwUymqPBq4ljG/Qh1Dzs9x+Zzyz3J/cSRwFYBqUBxx9UQ51qGgmYrEtk9GQSuubeoiulakGLXn53JpSeYpcv5D+6I2VF8uQXTE0LPlhvkKjJUAdJqHNXfzw+iam7604bGkuZ+Y46kcDbnWLKUhQSegx02GkfUhJEmilh/Yd4YyzSLpWLKSqRsqGHFLbw1XssplvIWoMx7YXzGmTuOZ7XQ2v5icOv39JAOhzxMGNRiprCBHbO9Eb6Ibe0avUQe8g6PrBgADeE7JB5ltjfHsKh/TBw26JH+k4zuW+n3zCrRKqBBsgcbnJDMNDJPcdyKXgdM26rrrnSo7WwNIftW0P root@ubuntu-xenial
-----END SSH HOST KEY KEYS-----
[   32.499763] cloud-init[1658]: Cloud-init v. 18.5-45-g3554ffe8-0ubuntu1~16.04.1 running 'modules:final' at Fri, 23 Aug 2019 16:52:25 +0000. Up 32.07 seconds.
[   32.500456] cloud-init[1658]: ci-info: no authorized ssh keys fingerprints found for user ubuntu.
[   32.653599] cloud-init[1658]: Cloud-init v. 18.5-45-g3554ffe8-0ubuntu1~16.04.1 finished at Fri, 23 Aug 2019 16:52:25 +0000. Datasource DataSourceNoCloud [seed=/dev/sdb][dsmode=net].  Up 32.38 seconds
